

Microchip MPLAB XC8 Assembler V3.10 build 20250813170317 
                                                                                               Thu Apr 30 17:36:02 2026

Microchip MPLAB XC8 C Compiler v3.10 (Free license) build 20250813170317 Og1 
     1                           	processor	16F877A
     2                           	pagewidth 120
     3                           	opt	flic
     4                           	psect	idataBANK0,global,class=CODE,space=0,delta=2,noexec
     5                           	psect	cinit,global,class=CODE,space=0,merge=1,delta=2
     6                           	psect	dataBANK0,global,class=BANK0,space=1,delta=1,noexec
     7                           	psect	inittext,global,class=CODE,space=0,delta=2
     8                           	psect	cstackCOMMON,global,class=COMMON,space=1,delta=1,noexec
     9                           	psect	cstackBANK0,global,class=BANK0,space=1,delta=1,noexec
    10                           	psect	maintext,global,class=CODE,space=0,split=1,delta=2
    11                           	psect	text1,local,class=CODE,space=0,merge=1,delta=2
    12                           	psect	text2,local,class=CODE,space=0,merge=1,delta=2
    13                           	psect	text3,local,class=CODE,space=0,merge=1,delta=2
    14                           	psect	text4,local,class=CODE,space=0,merge=1,delta=2,group=1
    15                           	psect	text5,local,class=CODE,space=0,merge=1,delta=2,group=1
    16                           	psect	config,global,abs,ovrld,class=CONFIG,space=4,delta=2,noexec
    17                           	dabs	1,0x7E,2
    18     0000                     
    19                           ; Version 2.20
    20                           ; Generated 12/02/2020 GMT
    21                           ; 
    22                           ; Copyright © 2020, Microchip Technology Inc. and its subsidiaries ("Microchip")
    23                           ; All rights reserved.
    24                           ; 
    25                           ; This software is developed by Microchip Technology Inc. and its subsidiaries ("Microch
      +                          ip").
    26                           ; 
    27                           ; Redistribution and use in source and binary forms, with or without modification, are
    28                           ; permitted provided that the following conditions are met:
    29                           ; 
    30                           ;     1. Redistributions of source code must retain the above copyright notice, this lis
      +                          t of
    31                           ;        conditions and the following disclaimer.
    32                           ; 
    33                           ;     2. Redistributions in binary form must reproduce the above copyright notice, this 
      +                          list
    34                           ;        of conditions and the following disclaimer in the documentation and/or other
    35                           ;        materials provided with the distribution.
    36                           ; 
    37                           ;     3. Microchip's name may not be used to endorse or promote products derived from th
      +                          is
    38                           ;        software without specific prior written permission.
    39                           ; 
    40                           ; THIS SOFTWARE IS PROVIDED BY MICROCHIP "AS IS" AND ANY EXPRESS OR IMPLIED WARRANTIES,
    41                           ; INCLUDING, BUT NOT LIMITED TO, THE IMPLIED WARRANTIES OF MERCHANTABILITY AND FITNESS F
      +                          OR
    42                           ; PURPOSE ARE DISCLAIMED.  IN NO EVENT SHALL MICROCHIP BE LIABLE FOR ANY DIRECT, INDIREC
      +                          T,
    43                           ; INCIDENTAL, SPECIAL, EXEMPLARY, OR CONSEQUENTIAL DAMAGES (INCLUDING BUT NOT LIMITED TO
    44                           ; PROCUREMENT OF SUBSTITUTE GOODS OR SERVICES; LOSS OF USE, DATA OR PROFITS; OR BUSINESS
    45                           ; INTERRUPTION) HOWSOEVER CAUSED AND ON ANY THEORY OF LIABILITY, WHETHER IN CONTRACT, ST
      +                          RICT
    46                           ; LIABILITY, OR TORT (INCLUDING NEGLIGENCE OR OTHERWISE) ARISING IN ANY WAY OUT OF THE U
      +                          SE OF
    47                           ; THIS SOFTWARE, EVEN IF ADVISED OF THE POSSIBILITY OF SUCH DAMAGE.
    48                           ; 
    49                           ; 
    50                           ; Code-generator required, PIC16F877A Definitions
    51                           ; 
    52                           ; SFR Addresses
    53     0004                     fsr             equ	4
    54     0004                     fsr0            equ	4
    55     0000                     indf            equ	0
    56     0000                     indf0           equ	0
    57     0002                     pc              equ	2
    58     0002                     pcl             equ	2
    59     000A                     pclath          equ	10
    60     0003                     status          equ	3
    61     0000                     INDF            equ	0	;# 
    62     0001                     TMR0            equ	1	;# 
    63     0002                     PCL             equ	2	;# 
    64     0003                     STATUS          equ	3	;# 
    65     0004                     FSR             equ	4	;# 
    66     0005                     PORTA           equ	5	;# 
    67     0006                     PORTB           equ	6	;# 
    68     0007                     PORTC           equ	7	;# 
    69     0008                     PORTD           equ	8	;# 
    70     0009                     PORTE           equ	9	;# 
    71     000A                     PCLATH          equ	10	;# 
    72     000B                     INTCON          equ	11	;# 
    73     000C                     PIR1            equ	12	;# 
    74     000D                     PIR2            equ	13	;# 
    75     000E                     TMR1            equ	14	;# 
    76     000E                     TMR1L           equ	14	;# 
    77     000F                     TMR1H           equ	15	;# 
    78     0010                     T1CON           equ	16	;# 
    79     0011                     TMR2            equ	17	;# 
    80     0012                     T2CON           equ	18	;# 
    81     0013                     SSPBUF          equ	19	;# 
    82     0014                     SSPCON          equ	20	;# 
    83     0015                     CCPR1           equ	21	;# 
    84     0015                     CCPR1L          equ	21	;# 
    85     0016                     CCPR1H          equ	22	;# 
    86     0017                     CCP1CON         equ	23	;# 
    87     0018                     RCSTA           equ	24	;# 
    88     0019                     TXREG           equ	25	;# 
    89     001A                     RCREG           equ	26	;# 
    90     001B                     CCPR2           equ	27	;# 
    91     001B                     CCPR2L          equ	27	;# 
    92     001C                     CCPR2H          equ	28	;# 
    93     001D                     CCP2CON         equ	29	;# 
    94     001E                     ADRESH          equ	30	;# 
    95     001F                     ADCON0          equ	31	;# 
    96     0081                     OPTION_REG      equ	129	;# 
    97     0085                     TRISA           equ	133	;# 
    98     0086                     TRISB           equ	134	;# 
    99     0087                     TRISC           equ	135	;# 
   100     0088                     TRISD           equ	136	;# 
   101     0089                     TRISE           equ	137	;# 
   102     008C                     PIE1            equ	140	;# 
   103     008D                     PIE2            equ	141	;# 
   104     008E                     PCON            equ	142	;# 
   105     0091                     SSPCON2         equ	145	;# 
   106     0092                     PR2             equ	146	;# 
   107     0093                     SSPADD          equ	147	;# 
   108     0094                     SSPSTAT         equ	148	;# 
   109     0098                     TXSTA           equ	152	;# 
   110     0099                     SPBRG           equ	153	;# 
   111     009C                     CMCON           equ	156	;# 
   112     009D                     CVRCON          equ	157	;# 
   113     009E                     ADRESL          equ	158	;# 
   114     009F                     ADCON1          equ	159	;# 
   115     010C                     EEDATA          equ	268	;# 
   116     010D                     EEADR           equ	269	;# 
   117     010E                     EEDATH          equ	270	;# 
   118     010F                     EEADRH          equ	271	;# 
   119     018C                     EECON1          equ	396	;# 
   120     018D                     EECON2          equ	397	;# 
   121     0000                     INDF            equ	0	;# 
   122     0001                     TMR0            equ	1	;# 
   123     0002                     PCL             equ	2	;# 
   124     0003                     STATUS          equ	3	;# 
   125     0004                     FSR             equ	4	;# 
   126     0005                     PORTA           equ	5	;# 
   127     0006                     PORTB           equ	6	;# 
   128     0007                     PORTC           equ	7	;# 
   129     0008                     PORTD           equ	8	;# 
   130     0009                     PORTE           equ	9	;# 
   131     000A                     PCLATH          equ	10	;# 
   132     000B                     INTCON          equ	11	;# 
   133     000C                     PIR1            equ	12	;# 
   134     000D                     PIR2            equ	13	;# 
   135     000E                     TMR1            equ	14	;# 
   136     000E                     TMR1L           equ	14	;# 
   137     000F                     TMR1H           equ	15	;# 
   138     0010                     T1CON           equ	16	;# 
   139     0011                     TMR2            equ	17	;# 
   140     0012                     T2CON           equ	18	;# 
   141     0013                     SSPBUF          equ	19	;# 
   142     0014                     SSPCON          equ	20	;# 
   143     0015                     CCPR1           equ	21	;# 
   144     0015                     CCPR1L          equ	21	;# 
   145     0016                     CCPR1H          equ	22	;# 
   146     0017                     CCP1CON         equ	23	;# 
   147     0018                     RCSTA           equ	24	;# 
   148     0019                     TXREG           equ	25	;# 
   149     001A                     RCREG           equ	26	;# 
   150     001B                     CCPR2           equ	27	;# 
   151     001B                     CCPR2L          equ	27	;# 
   152     001C                     CCPR2H          equ	28	;# 
   153     001D                     CCP2CON         equ	29	;# 
   154     001E                     ADRESH          equ	30	;# 
   155     001F                     ADCON0          equ	31	;# 
   156     0081                     OPTION_REG      equ	129	;# 
   157     0085                     TRISA           equ	133	;# 
   158     0086                     TRISB           equ	134	;# 
   159     0087                     TRISC           equ	135	;# 
   160     0088                     TRISD           equ	136	;# 
   161     0089                     TRISE           equ	137	;# 
   162     008C                     PIE1            equ	140	;# 
   163     008D                     PIE2            equ	141	;# 
   164     008E                     PCON            equ	142	;# 
   165     0091                     SSPCON2         equ	145	;# 
   166     0092                     PR2             equ	146	;# 
   167     0093                     SSPADD          equ	147	;# 
   168     0094                     SSPSTAT         equ	148	;# 
   169     0098                     TXSTA           equ	152	;# 
   170     0099                     SPBRG           equ	153	;# 
   171     009C                     CMCON           equ	156	;# 
   172     009D                     CVRCON          equ	157	;# 
   173     009E                     ADRESL          equ	158	;# 
   174     009F                     ADCON1          equ	159	;# 
   175     010C                     EEDATA          equ	268	;# 
   176     010D                     EEADR           equ	269	;# 
   177     010E                     EEDATH          equ	270	;# 
   178     010F                     EEADRH          equ	271	;# 
   179     018C                     EECON1          equ	396	;# 
   180     018D                     EECON2          equ	397	;# 
   181     0000                     INDF            equ	0	;# 
   182     0001                     TMR0            equ	1	;# 
   183     0002                     PCL             equ	2	;# 
   184     0003                     STATUS          equ	3	;# 
   185     0004                     FSR             equ	4	;# 
   186     0005                     PORTA           equ	5	;# 
   187     0006                     PORTB           equ	6	;# 
   188     0007                     PORTC           equ	7	;# 
   189     0008                     PORTD           equ	8	;# 
   190     0009                     PORTE           equ	9	;# 
   191     000A                     PCLATH          equ	10	;# 
   192     000B                     INTCON          equ	11	;# 
   193     000C                     PIR1            equ	12	;# 
   194     000D                     PIR2            equ	13	;# 
   195     000E                     TMR1            equ	14	;# 
   196     000E                     TMR1L           equ	14	;# 
   197     000F                     TMR1H           equ	15	;# 
   198     0010                     T1CON           equ	16	;# 
   199     0011                     TMR2            equ	17	;# 
   200     0012                     T2CON           equ	18	;# 
   201     0013                     SSPBUF          equ	19	;# 
   202     0014                     SSPCON          equ	20	;# 
   203     0015                     CCPR1           equ	21	;# 
   204     0015                     CCPR1L          equ	21	;# 
   205     0016                     CCPR1H          equ	22	;# 
   206     0017                     CCP1CON         equ	23	;# 
   207     0018                     RCSTA           equ	24	;# 
   208     0019                     TXREG           equ	25	;# 
   209     001A                     RCREG           equ	26	;# 
   210     001B                     CCPR2           equ	27	;# 
   211     001B                     CCPR2L          equ	27	;# 
   212     001C                     CCPR2H          equ	28	;# 
   213     001D                     CCP2CON         equ	29	;# 
   214     001E                     ADRESH          equ	30	;# 
   215     001F                     ADCON0          equ	31	;# 
   216     0081                     OPTION_REG      equ	129	;# 
   217     0085                     TRISA           equ	133	;# 
   218     0086                     TRISB           equ	134	;# 
   219     0087                     TRISC           equ	135	;# 
   220     0088                     TRISD           equ	136	;# 
   221     0089                     TRISE           equ	137	;# 
   222     008C                     PIE1            equ	140	;# 
   223     008D                     PIE2            equ	141	;# 
   224     008E                     PCON            equ	142	;# 
   225     0091                     SSPCON2         equ	145	;# 
   226     0092                     PR2             equ	146	;# 
   227     0093                     SSPADD          equ	147	;# 
   228     0094                     SSPSTAT         equ	148	;# 
   229     0098                     TXSTA           equ	152	;# 
   230     0099                     SPBRG           equ	153	;# 
   231     009C                     CMCON           equ	156	;# 
   232     009D                     CVRCON          equ	157	;# 
   233     009E                     ADRESL          equ	158	;# 
   234     009F                     ADCON1          equ	159	;# 
   235     010C                     EEDATA          equ	268	;# 
   236     010D                     EEADR           equ	269	;# 
   237     010E                     EEDATH          equ	270	;# 
   238     010F                     EEADRH          equ	271	;# 
   239     018C                     EECON1          equ	396	;# 
   240     018D                     EECON2          equ	397	;# 
   241                           
   242                           	psect	idataBANK0
   243     0638                     __pidataBANK0:
   244                           
   245                           ;initializer for main@F988
   246     0638  343F               	retlw	63
   247     0639  3406               	retlw	6
   248     063A  345B               	retlw	91
   249     063B  344F               	retlw	79
   250     063C  3466               	retlw	102
   251     063D  346D               	retlw	109
   252     063E  347D               	retlw	125
   253     063F  3407               	retlw	7
   254     0640  347F               	retlw	127
   255     0641  346F               	retlw	111
   256     0008                     _PORTD          set	8
   257     0005                     _PORTA          set	5
   258     0085                     _TRISA          set	133
   259     0088                     _TRISD          set	136
   260                           
   261                           	psect	cinit
   262     07EE                     start_initialization:	
   263                           ; #config settings
   264                           
   265     07EE                     __initialization:
   266                           
   267                           ; Initialize objects allocated to BANK0
   268     07EE  1383               	bcf	3,7	;select IRP bank0
   269     07EF  3040               	movlw	low (__pdataBANK0+10)
   270     07F0  00FD               	movwf	btemp+-1
   271     07F1  3006               	movlw	high __pidataBANK0
   272     07F2  00FE               	movwf	btemp
   273     07F3  3038               	movlw	low __pidataBANK0
   274     07F4  00FF               	movwf	btemp+1
   275     07F5  3036               	movlw	low __pdataBANK0
   276     07F6  0084               	movwf	4
   277     07F7  120A  118A  2652  120A  118A  	fcall	init_ram0
   278     07FC                     end_of_initialization:	
   279                           ;End of C runtime variable initialization code
   280                           
   281     07FC                     __end_of__initialization:
   282     07FC  0183               	clrf	3
   283     07FD  120A  118A  2F2E   	ljmp	_main	;jump to C main() function
   284                           
   285                           	psect	dataBANK0
   286     0036                     __pdataBANK0:
   287     0036                     main@F988:
   288     0036                     	ds	10
   289                           
   290                           	psect	inittext
   291     064E                     init_fetch0:	
   292                           ;	Called with low address in FSR and high address in W
   293                           
   294     064E  087E               	movf	btemp,w
   295     064F  008A               	movwf	10
   296     0650  087F               	movf	btemp+1,w
   297     0651  0082               	movwf	2
   298     0652                     init_ram0:	
   299                           ;Called with:
   300                           ;	high address of idata address in btemp 
   301                           ;	low address of idata address in btemp+1 
   302                           ;	low address of data in FSR
   303                           ;	high address + 1 of data in btemp-1
   304                           
   305     0652  120A  118A  264E  120A  118A  	fcall	init_fetch0
   306     0657  0080               	movwf	0
   307     0658  0A84               	incf	4,f
   308     0659  0804               	movf	4,w
   309     065A  067D               	xorwf	btemp+-1,w
   310     065B  1903               	btfsc	3,2
   311     065C  3400               	retlw	0
   312     065D  0AFF               	incf	btemp+1,f
   313     065E  1903               	btfsc	3,2
   314     065F  0AFE               	incf	btemp,f
   315     0660  2E52               	goto	init_ram0
   316                           
   317                           	psect	cstackCOMMON
   318     0070                     __pcstackCOMMON:
   319     0070                     ?_init_ssd:
   320     0070                     ?_display:	
   321                           ; 1 bytes @ 0x0
   322                           
   323     0070                     ?_init_config:	
   324                           ; 1 bytes @ 0x0
   325                           
   326     0070                     ?_main:	
   327                           ; 1 bytes @ 0x0
   328                           
   329     0070                     ?___lwmod:	
   330                           ; 1 bytes @ 0x0
   331                           
   332     0070                     display@data:	
   333                           ; 2 bytes @ 0x0
   334                           
   335     0070                     ___lwmod@divisor:	
   336                           ; 1 bytes @ 0x0
   337                           
   338     0070                     ??_init_ssd:	
   339                           ; 2 bytes @ 0x0
   340                           
   341     0070                     ??_init_config:	
   342                           ; 1 bytes @ 0x0
   343                           
   344                           
   345                           ; 1 bytes @ 0x0
   346     0070                     	ds	1
   347     0071                     ??_display:
   348                           
   349                           ; 1 bytes @ 0x1
   350     0071                     	ds	1
   351     0072                     ___lwmod@dividend:
   352                           
   353                           ; 2 bytes @ 0x2
   354     0072                     	ds	2
   355     0074                     ___lwmod@counter:
   356     0074                     ??___lwmod:	
   357                           ; 1 bytes @ 0x4
   358                           
   359                           
   360                           ; 1 bytes @ 0x4
   361     0074                     	ds	1
   362     0075                     ?___lwdiv:
   363     0075                     ___lwdiv@divisor:	
   364                           ; 2 bytes @ 0x5
   365                           
   366     0075                     display@wait:	
   367                           ; 2 bytes @ 0x5
   368                           
   369                           
   370                           ; 4 bytes @ 0x5
   371     0075                     	ds	2
   372     0077                     ___lwdiv@dividend:
   373                           
   374                           ; 2 bytes @ 0x7
   375     0077                     	ds	2
   376     0079                     display@digit:
   377     0079                     ___lwdiv@quotient:	
   378                           ; 1 bytes @ 0x9
   379                           
   380     0079                     ??___lwdiv:	
   381                           ; 2 bytes @ 0x9
   382                           
   383                           
   384                           ; 1 bytes @ 0x9
   385     0079                     	ds	2
   386     007B                     ___lwdiv@counter:
   387                           
   388                           ; 1 bytes @ 0xB
   389     007B                     	ds	1
   390                           
   391                           	psect	cstackBANK0
   392     0020                     __pcstackBANK0:
   393     0020                     ??_main:
   394                           
   395                           ; 1 bytes @ 0x0
   396     0020                     	ds	4
   397     0024                     main@digit:
   398                           
   399                           ; 10 bytes @ 0x4
   400     0024                     	ds	10
   401     002E                     main@ssd:
   402                           
   403                           ; 4 bytes @ 0xE
   404     002E                     	ds	4
   405     0032                     main@delay:
   406                           
   407                           ; 2 bytes @ 0x12
   408     0032                     	ds	2
   409     0034                     main@count:
   410                           
   411                           ; 2 bytes @ 0x14
   412     0034                     	ds	2
   413                           
   414                           	psect	maintext
   415     072E                     __pmaintext:	
   416 ;;
   417 ;;Main: autosize = 0, tempsize = 4, incstack = 0, save=0
   418 ;;
   419 ;; *************** function _main *****************
   420 ;; Defined at:
   421 ;;		line 14 in file "main.c"
   422 ;; Parameters:    Size  Location     Type
   423 ;;		None
   424 ;; Auto vars:     Size  Location     Type
   425 ;;  digit          10    4[BANK0 ] unsigned char [10]
   426 ;;  ssd             4   14[BANK0 ] unsigned char [4]
   427 ;;  count           2   20[BANK0 ] unsigned int 
   428 ;;  delay           2   18[BANK0 ] unsigned int 
   429 ;; Return value:  Size  Location     Type
   430 ;;                  1    wreg      void 
   431 ;; Registers used:
   432 ;;		wreg, fsr0l, fsr0h, status,2, status,0, pclath, cstack
   433 ;; Tracked objects:
   434 ;;		On entry : B00/0
   435 ;;		On exit  : 0/0
   436 ;;		Unchanged: 0/0
   437 ;; Data sizes:     COMMON   BANK0   BANK1   BANK3   BANK2
   438 ;;      Params:         0       0       0       0       0
   439 ;;      Locals:         0      18       0       0       0
   440 ;;      Temps:          0       4       0       0       0
   441 ;;      Totals:         0      22       0       0       0
   442 ;;Total ram usage:       22 bytes
   443 ;; Hardware stack levels required when called: 2
   444 ;; This function calls:
   445 ;;		___lwdiv
   446 ;;		___lwmod
   447 ;;		_display
   448 ;;		_init_config
   449 ;; This function is called by:
   450 ;;		Startup code after reset
   451 ;; This function uses a non-reentrant model
   452 ;;
   453                           
   454     072E                     _main:	
   455                           ;psect for function _main
   456                           
   457     072E                     l754:	
   458                           ;incstack = 0
   459                           ; Regs used in _main: [wreg-fsr0h+status,2+status,0+pclath+cstack]
   460                           
   461                           
   462                           ;main.c: 15:             if(count>9999);main.c: 16:             {
   463     072E  1283               	bcf	3,5	;RP0=0, select bank0
   464     072F  1303               	bcf	3,6	;RP1=0, select bank0
   465     0730  01B4               	clrf	main@count
   466     0731  01B5               	clrf	main@count+1
   467     0732                     l756:
   468     0732  30E8               	movlw	232
   469     0733  00B2               	movwf	main@delay
   470     0734  3003               	movlw	3
   471     0735  00B3               	movwf	main@delay+1
   472     0736                     l758:
   473                           
   474                           ;main.c: 17:                 count=0;
   475     0736  3036               	movlw	main@F988& (0+255)
   476     0737  0084               	movwf	4
   477     0738  3024               	movlw	low main@digit
   478     0739  00A0               	movwf	??_main
   479     073A  300A               	movlw	10
   480     073B  00A1               	movwf	??_main+1
   481     073C                     u380:
   482     073C  1383               	bcf	3,7	;select IRP bank0
   483     073D  0800               	movf	0,w
   484     073E  00A2               	movwf	??_main+2
   485     073F  0A04               	incf	4,w
   486     0740  00A3               	movwf	??_main+3
   487     0741  0820               	movf	??_main,w
   488     0742  0084               	movwf	4
   489     0743  0822               	movf	??_main+2,w
   490     0744  0080               	movwf	0
   491     0745  0A04               	incf	4,w
   492     0746  00A0               	movwf	??_main
   493     0747  0823               	movf	??_main+3,w
   494     0748  0084               	movwf	4
   495     0749  0BA1               	decfsz	??_main+1,f
   496     074A  2F3C               	goto	u380
   497     074B                     l760:
   498                           
   499                           ;main.c: 18:             }
   500     074B  120A  118A  2632  120A  118A  	fcall	_init_config
   501     0750                     l762:
   502                           
   503                           ;main.c: 21:         ssd[0] = digit[(count/1000)];
   504     0750  3001               	movlw	1
   505     0751  1283               	bcf	3,5	;RP0=0, select bank0
   506     0752  1303               	bcf	3,6	;RP1=0, select bank0
   507     0753  02B2               	subwf	main@delay,f
   508     0754  3000               	movlw	0
   509     0755  1C03               	skipc
   510     0756  03B3               	decf	main@delay+1,f
   511     0757  02B3               	subwf	main@delay+1,f
   512     0758  0A32               	incf	main@delay,w
   513     0759  1D03               	skipz
   514     075A  2F5F               	goto	u391
   515     075B  0A33               	incf	main@delay+1,w
   516     075C  1D03               	btfss	3,2
   517     075D  2F5F               	goto	u391
   518     075E  2F60               	goto	u390
   519     075F                     u391:
   520     075F  2F75               	goto	l768
   521     0760                     u390:
   522     0760                     l764:
   523                           
   524                           ;main.c: 22:         ssd[1] = digit[(count%1000)/100];;main.c: 23:         ssd[2] = digi
      +                          t[(count%100)/10];
   525     0760  30E8               	movlw	232
   526     0761  00B2               	movwf	main@delay
   527     0762  3003               	movlw	3
   528     0763  00B3               	movwf	main@delay+1
   529                           
   530                           ;main.c: 24:         ssd[3] = digit[(count%10)];
   531     0764  3001               	movlw	1
   532     0765  07B4               	addwf	main@count,f
   533     0766  1803               	skipnc
   534     0767  0AB5               	incf	main@count+1,f
   535     0768  3000               	movlw	0
   536     0769  07B5               	addwf	main@count+1,f
   537                           
   538                           ;main.c: 25: 
   539     076A  3027               	movlw	39
   540     076B  0235               	subwf	main@count+1,w
   541     076C  3010               	movlw	16
   542     076D  1903               	skipnz
   543     076E  0234               	subwf	main@count,w
   544     076F  1C03               	skipc
   545     0770  2F72               	goto	u401
   546     0771  2F73               	goto	u400
   547     0772                     u401:
   548     0772  2F75               	goto	l768
   549     0773                     u400:
   550     0773                     l766:
   551                           
   552                           ;main.c: 26:         display(ssd);;main.c: 27:     }
   553     0773  01B4               	clrf	main@count
   554     0774  01B5               	clrf	main@count+1
   555     0775                     l768:
   556     0775  30E8               	movlw	232
   557     0776  00F5               	movwf	___lwdiv@divisor
   558     0777  3003               	movlw	3
   559     0778  00F6               	movwf	___lwdiv@divisor+1
   560     0779  0835               	movf	main@count+1,w
   561     077A  00F8               	movwf	___lwdiv@dividend+1
   562     077B  0834               	movf	main@count,w
   563     077C  00F7               	movwf	___lwdiv@dividend
   564     077D  120A  118A  2699  120A  118A  	fcall	___lwdiv
   565     0782  0875               	movf	?___lwdiv,w
   566     0783  3E24               	addlw	(low (main@digit| 0))& (0+255)
   567     0784  0084               	movwf	4
   568     0785  1383               	bcf	3,7	;select IRP bank0
   569     0786  0800               	movf	0,w
   570     0787  1283               	bcf	3,5	;RP0=0, select bank0
   571     0788  1303               	bcf	3,6	;RP1=0, select bank0
   572     0789  00AE               	movwf	main@ssd
   573     078A                     l770:
   574     078A  3064               	movlw	100
   575     078B  00F5               	movwf	___lwdiv@divisor
   576     078C  3000               	movlw	0
   577     078D  00F6               	movwf	___lwdiv@divisor+1
   578     078E  0835               	movf	main@count+1,w
   579     078F  00F3               	movwf	___lwmod@dividend+1
   580     0790  0834               	movf	main@count,w
   581     0791  00F2               	movwf	___lwmod@dividend
   582     0792  30E8               	movlw	232
   583     0793  00F0               	movwf	___lwmod@divisor
   584     0794  3003               	movlw	3
   585     0795  00F1               	movwf	___lwmod@divisor+1
   586     0796  120A  118A  2661  120A  118A  	fcall	___lwmod
   587     079B  0871               	movf	?___lwmod+1,w
   588     079C  00F8               	movwf	___lwdiv@dividend+1
   589     079D  0870               	movf	?___lwmod,w
   590     079E  00F7               	movwf	___lwdiv@dividend
   591     079F  120A  118A  2699  120A  118A  	fcall	___lwdiv
   592     07A4  0875               	movf	?___lwdiv,w
   593     07A5  3E24               	addlw	(low (main@digit| 0))& (0+255)
   594     07A6  0084               	movwf	4
   595     07A7  1383               	bcf	3,7	;select IRP bank0
   596     07A8  0800               	movf	0,w
   597     07A9  1283               	bcf	3,5	;RP0=0, select bank0
   598     07AA  1303               	bcf	3,6	;RP1=0, select bank0
   599     07AB  00AF               	movwf	main@ssd+1
   600     07AC                     l772:
   601     07AC  300A               	movlw	10
   602     07AD  00F5               	movwf	___lwdiv@divisor
   603     07AE  3000               	movlw	0
   604     07AF  00F6               	movwf	___lwdiv@divisor+1
   605     07B0  0835               	movf	main@count+1,w
   606     07B1  00F3               	movwf	___lwmod@dividend+1
   607     07B2  0834               	movf	main@count,w
   608     07B3  00F2               	movwf	___lwmod@dividend
   609     07B4  3064               	movlw	100
   610     07B5  00F0               	movwf	___lwmod@divisor
   611     07B6  3000               	movlw	0
   612     07B7  00F1               	movwf	___lwmod@divisor+1
   613     07B8  120A  118A  2661  120A  118A  	fcall	___lwmod
   614     07BD  0871               	movf	?___lwmod+1,w
   615     07BE  00F8               	movwf	___lwdiv@dividend+1
   616     07BF  0870               	movf	?___lwmod,w
   617     07C0  00F7               	movwf	___lwdiv@dividend
   618     07C1  120A  118A  2699  120A  118A  	fcall	___lwdiv
   619     07C6  0875               	movf	?___lwdiv,w
   620     07C7  3E24               	addlw	(low (main@digit| 0))& (0+255)
   621     07C8  0084               	movwf	4
   622     07C9  1383               	bcf	3,7	;select IRP bank0
   623     07CA  0800               	movf	0,w
   624     07CB  1283               	bcf	3,5	;RP0=0, select bank0
   625     07CC  1303               	bcf	3,6	;RP1=0, select bank0
   626     07CD  00B0               	movwf	main@ssd+2
   627     07CE                     l774:
   628     07CE  300A               	movlw	10
   629     07CF  00F0               	movwf	___lwmod@divisor
   630     07D0  3000               	movlw	0
   631     07D1  00F1               	movwf	___lwmod@divisor+1
   632     07D2  0835               	movf	main@count+1,w
   633     07D3  00F3               	movwf	___lwmod@dividend+1
   634     07D4  0834               	movf	main@count,w
   635     07D5  00F2               	movwf	___lwmod@dividend
   636     07D6  120A  118A  2661  120A  118A  	fcall	___lwmod
   637     07DB  0870               	movf	?___lwmod,w
   638     07DC  3E24               	addlw	(low (main@digit| 0))& (0+255)
   639     07DD  0084               	movwf	4
   640     07DE  1383               	bcf	3,7	;select IRP bank0
   641     07DF  0800               	movf	0,w
   642     07E0  1283               	bcf	3,5	;RP0=0, select bank0
   643     07E1  1303               	bcf	3,6	;RP1=0, select bank0
   644     07E2  00B1               	movwf	main@ssd+3
   645     07E3                     l776:
   646     07E3  302E               	movlw	(low (main@ssd| 0))& (0+255)
   647     07E4  00F0               	movwf	display@data
   648     07E5  120A  118A  26DB  120A  118A  	fcall	_display
   649     07EA  2F50               	goto	l762
   650     07EB  120A  118A  2800   	ljmp	start
   651     07EE                     __end_of_main:
   652                           
   653                           	psect	text1
   654     0632                     __ptext1:	
   655 ;; *************** function _init_config *****************
   656 ;; Defined at:
   657 ;;		line 10 in file "main.c"
   658 ;; Parameters:    Size  Location     Type
   659 ;;		None
   660 ;; Auto vars:     Size  Location     Type
   661 ;;		None
   662 ;; Return value:  Size  Location     Type
   663 ;;                  1    wreg      void 
   664 ;; Registers used:
   665 ;;		wreg, status,2, status,0, pclath, cstack
   666 ;; Tracked objects:
   667 ;;		On entry : 0/0
   668 ;;		On exit  : 0/0
   669 ;;		Unchanged: 0/0
   670 ;; Data sizes:     COMMON   BANK0   BANK1   BANK3   BANK2
   671 ;;      Params:         0       0       0       0       0
   672 ;;      Locals:         0       0       0       0       0
   673 ;;      Temps:          0       0       0       0       0
   674 ;;      Totals:         0       0       0       0       0
   675 ;;Total ram usage:        0 bytes
   676 ;; Hardware stack levels used: 1
   677 ;; Hardware stack levels required when called: 1
   678 ;; This function calls:
   679 ;;		_init_ssd
   680 ;; This function is called by:
   681 ;;		_main
   682 ;; This function uses a non-reentrant model
   683 ;;
   684                           
   685     0632                     _init_config:	
   686                           ;psect for function _init_config
   687                           
   688     0632                     l686:	
   689                           ;incstack = 0
   690                           ; Regs used in _init_config: [wreg+status,2+status,0+pclath+cstack]
   691                           
   692                           
   693                           ;main.c: 11:         if(delay--==0)
   694     0632  120A  118A  2642  120A  118A  	fcall	_init_ssd
   695     0637                     l7:
   696     0637  0008               	return
   697     0638                     __end_of_init_config:
   698                           
   699                           	psect	text2
   700     0642                     __ptext2:	
   701 ;; *************** function _init_ssd *****************
   702 ;; Defined at:
   703 ;;		line 4 in file "ssd.c"
   704 ;; Parameters:    Size  Location     Type
   705 ;;		None
   706 ;; Auto vars:     Size  Location     Type
   707 ;;		None
   708 ;; Return value:  Size  Location     Type
   709 ;;                  1    wreg      void 
   710 ;; Registers used:
   711 ;;		wreg, status,2
   712 ;; Tracked objects:
   713 ;;		On entry : 0/0
   714 ;;		On exit  : 0/0
   715 ;;		Unchanged: 0/0
   716 ;; Data sizes:     COMMON   BANK0   BANK1   BANK3   BANK2
   717 ;;      Params:         0       0       0       0       0
   718 ;;      Locals:         0       0       0       0       0
   719 ;;      Temps:          0       0       0       0       0
   720 ;;      Totals:         0       0       0       0       0
   721 ;;Total ram usage:        0 bytes
   722 ;; Hardware stack levels used: 1
   723 ;; This function calls:
   724 ;;		Nothing
   725 ;; This function is called by:
   726 ;;		_init_config
   727 ;; This function uses a non-reentrant model
   728 ;;
   729                           
   730     0642                     _init_ssd:	
   731                           ;psect for function _init_ssd
   732                           
   733     0642                     l680:	
   734                           ;incstack = 0
   735                           ; Regs used in _init_ssd: [wreg+status,2]
   736                           
   737                           
   738                           ;ssd.c: 7:     TRISD = 0x00;
   739     0642  1683               	bsf	3,5	;RP0=1, select bank1
   740     0643  1303               	bcf	3,6	;RP1=0, select bank1
   741     0644  0188               	clrf	8	;volatile
   742     0645                     l682:
   743                           
   744                           ;ssd.c: 10:     TRISA = TRISA & 0x03;
   745     0645  0805               	movf	5,w	;volatile
   746     0646  3903               	andlw	3
   747     0647  0085               	movwf	5	;volatile
   748     0648                     l684:
   749                           
   750                           ;ssd.c: 12:     PORTA = PORTA & 0x03;
   751     0648  1283               	bcf	3,5	;RP0=0, select bank0
   752     0649  1303               	bcf	3,6	;RP1=0, select bank0
   753     064A  0805               	movf	5,w	;volatile
   754     064B  3903               	andlw	3
   755     064C  0085               	movwf	5	;volatile
   756     064D                     l30:
   757     064D  0008               	return
   758     064E                     __end_of_init_ssd:
   759                           
   760                           	psect	text3
   761     06DB                     __ptext3:	
   762 ;; *************** function _display *****************
   763 ;; Defined at:
   764 ;;		line 15 in file "ssd.c"
   765 ;; Parameters:    Size  Location     Type
   766 ;;  data            1    0[COMMON] PTR unsigned char 
   767 ;;		 -> main@ssd(4), 
   768 ;; Auto vars:     Size  Location     Type
   769 ;;  wait            4    5[COMMON] unsigned long 
   770 ;;  digit           1    9[COMMON] unsigned char 
   771 ;; Return value:  Size  Location     Type
   772 ;;                  1    wreg      void 
   773 ;; Registers used:
   774 ;;		wreg, fsr0l, fsr0h, status,2, status,0
   775 ;; Tracked objects:
   776 ;;		On entry : 0/0
   777 ;;		On exit  : 0/0
   778 ;;		Unchanged: 0/0
   779 ;; Data sizes:     COMMON   BANK0   BANK1   BANK3   BANK2
   780 ;;      Params:         1       0       0       0       0
   781 ;;      Locals:         5       0       0       0       0
   782 ;;      Temps:          4       0       0       0       0
   783 ;;      Totals:        10       0       0       0       0
   784 ;;Total ram usage:       10 bytes
   785 ;; Hardware stack levels used: 1
   786 ;; This function calls:
   787 ;;		Nothing
   788 ;; This function is called by:
   789 ;;		_main
   790 ;; This function uses a non-reentrant model
   791 ;;
   792                           
   793     06DB                     _display:	
   794                           ;psect for function _display
   795                           
   796     06DB                     l688:	
   797                           ;incstack = 0
   798                           ; Regs used in _display: [wreg-fsr0h+status,2+status,0]
   799                           
   800                           
   801                           ;ssd.c: 15: void display(unsigned char data[]);ssd.c: 16: {;ssd.c: 17:     unsigned char
      +                           digit;;ssd.c: 19:     for (digit = 0; digit < 4; digit++)
   802     06DB  01F9               	clrf	display@digit
   803     06DC                     l694:
   804                           
   805                           ;ssd.c: 20:     {;ssd.c: 21:         PORTD = data[digit];
   806     06DC  0879               	movf	display@digit,w
   807     06DD  0770               	addwf	display@data,w
   808     06DE  00F1               	movwf	??_display
   809     06DF  0871               	movf	??_display,w
   810     06E0  0084               	movwf	4
   811     06E1  1383               	bcf	3,7	;select IRP bank0
   812     06E2  0800               	movf	0,w
   813     06E3  1283               	bcf	3,5	;RP0=0, select bank0
   814     06E4  1303               	bcf	3,6	;RP1=0, select bank0
   815     06E5  0088               	movwf	8	;volatile
   816     06E6                     l696:
   817                           
   818                           ;ssd.c: 22:         PORTA = (PORTA & 0x03) | (0x04 << digit);
   819     06E6  3004               	movlw	4
   820     06E7  00F1               	movwf	??_display
   821     06E8  0A79               	incf	display@digit,w
   822     06E9  2EEC               	goto	u214
   823     06EA                     u215:
   824     06EA  1003               	clrc
   825     06EB  0DF1               	rlf	??_display,f
   826     06EC                     u214:
   827     06EC  3EFF               	addlw	-1
   828     06ED  1D03               	skipz
   829     06EE  2EEA               	goto	u215
   830     06EF  0805               	movf	5,w	;volatile
   831     06F0  3903               	andlw	3
   832     06F1  0471               	iorwf	??_display,w
   833     06F2  0085               	movwf	5	;volatile
   834     06F3                     l698:
   835                           
   836                           ;ssd.c: 24:        for (unsigned long int wait = 400; wait--; );
   837     06F3  3000               	movlw	0
   838     06F4  00F8               	movwf	display@wait+3
   839     06F5  3000               	movlw	0
   840     06F6  00F7               	movwf	display@wait+2
   841     06F7  3001               	movlw	1
   842     06F8  00F6               	movwf	display@wait+1
   843     06F9  3090               	movlw	144
   844     06FA  00F5               	movwf	display@wait
   845     06FB                     l700:
   846     06FB  3001               	movlw	1
   847     06FC  00F1               	movwf	??_display
   848     06FD  3000               	movlw	0
   849     06FE  00F2               	movwf	??_display+1
   850     06FF  3000               	movlw	0
   851     0700  00F3               	movwf	??_display+2
   852     0701  3000               	movlw	0
   853     0702  00F4               	movwf	??_display+3
   854     0703  0871               	movf	??_display,w
   855     0704  02F5               	subwf	display@wait,f
   856     0705  0872               	movf	??_display+1,w
   857     0706  1C03               	skipc
   858     0707  0F72               	incfsz	??_display+1,w
   859     0708  2F0A               	goto	u225
   860     0709  2F0B               	goto	u226
   861     070A                     u225:
   862     070A  02F6               	subwf	display@wait+1,f
   863     070B                     u226:
   864     070B  0873               	movf	??_display+2,w
   865     070C  1C03               	skipc
   866     070D  0F73               	incfsz	??_display+2,w
   867     070E  2F10               	goto	u227
   868     070F  2F11               	goto	u228
   869     0710                     u227:
   870     0710  02F7               	subwf	display@wait+2,f
   871     0711                     u228:
   872     0711  0874               	movf	??_display+3,w
   873     0712  1C03               	skipc
   874     0713  0F74               	incfsz	??_display+3,w
   875     0714  2F16               	goto	u229
   876     0715  2F17               	goto	u220
   877     0716                     u229:
   878     0716  02F8               	subwf	display@wait+3,f
   879     0717                     u220:
   880     0717  0A75               	incf	display@wait,w
   881     0718  1D03               	skipz
   882     0719  2F24               	goto	u231
   883     071A  0A76               	incf	display@wait+1,w
   884     071B  1D03               	skipz
   885     071C  2F24               	goto	u231
   886     071D  0A77               	incf	display@wait+2,w
   887     071E  1D03               	skipz
   888     071F  2F24               	goto	u231
   889     0720  0A78               	incf	display@wait+3,w
   890     0721  1D03               	btfss	3,2
   891     0722  2F24               	goto	u231
   892     0723  2F25               	goto	u230
   893     0724                     u231:
   894     0724  2EFB               	goto	l700
   895     0725                     u230:
   896     0725                     l702:
   897                           
   898                           ;ssd.c: 25:     }
   899     0725  3001               	movlw	1
   900     0726  07F9               	addwf	display@digit,f
   901     0727                     l704:
   902     0727  3004               	movlw	4
   903     0728  0279               	subwf	display@digit,w
   904     0729  1C03               	skipc
   905     072A  2F2C               	goto	u241
   906     072B  2F2D               	goto	u240
   907     072C                     u241:
   908     072C  2EDC               	goto	l694
   909     072D                     u240:
   910     072D                     l38:
   911     072D  0008               	return
   912     072E                     __end_of_display:
   913                           
   914                           	psect	text4
   915     0661                     __ptext4:	
   916 ;; *************** function ___lwmod *****************
   917 ;; Defined at:
   918 ;;		line 5 in file "/opt/microchip/xc8/v3.10/pic/sources/c99/common/lwmod.c"
   919 ;; Parameters:    Size  Location     Type
   920 ;;  divisor         2    0[COMMON] unsigned int 
   921 ;;  dividend        2    2[COMMON] unsigned int 
   922 ;; Auto vars:     Size  Location     Type
   923 ;;  counter         1    4[COMMON] unsigned char 
   924 ;; Return value:  Size  Location     Type
   925 ;;                  2    0[COMMON] unsigned int 
   926 ;; Registers used:
   927 ;;		wreg, status,2, status,0
   928 ;; Tracked objects:
   929 ;;		On entry : 0/0
   930 ;;		On exit  : 0/0
   931 ;;		Unchanged: 0/0
   932 ;; Data sizes:     COMMON   BANK0   BANK1   BANK3   BANK2
   933 ;;      Params:         4       0       0       0       0
   934 ;;      Locals:         1       0       0       0       0
   935 ;;      Temps:          0       0       0       0       0
   936 ;;      Totals:         5       0       0       0       0
   937 ;;Total ram usage:        5 bytes
   938 ;; Hardware stack levels used: 1
   939 ;; This function calls:
   940 ;;		Nothing
   941 ;; This function is called by:
   942 ;;		_main
   943 ;; This function uses a non-reentrant model
   944 ;;
   945                           
   946     0661                     ___lwmod:	
   947                           ;psect for function ___lwmod
   948                           
   949     0661                     l732:	
   950                           ;incstack = 0
   951                           ; Regs used in ___lwmod: [wreg+status,2+status,0]
   952                           
   953     0661  0870               	movf	___lwmod@divisor,w
   954     0662  0471               	iorwf	___lwmod@divisor+1,w
   955     0663  1903               	btfsc	3,2
   956     0664  2E66               	goto	u321
   957     0665  2E67               	goto	u320
   958     0666                     u321:
   959     0666  2E94               	goto	l750
   960     0667                     u320:
   961     0667                     l734:
   962     0667  3001               	movlw	1
   963     0668  00F4               	movwf	___lwmod@counter
   964     0669  2E73               	goto	l740
   965     066A                     l736:
   966     066A  3001               	movlw	1
   967     066B                     u335:
   968     066B  1003               	clrc
   969     066C  0DF0               	rlf	___lwmod@divisor,f
   970     066D  0DF1               	rlf	___lwmod@divisor+1,f
   971     066E  3EFF               	addlw	-1
   972     066F  1D03               	skipz
   973     0670  2E6B               	goto	u335
   974     0671                     l738:
   975     0671  3001               	movlw	1
   976     0672  07F4               	addwf	___lwmod@counter,f
   977     0673                     l740:
   978     0673  1FF1               	btfss	___lwmod@divisor+1,7
   979     0674  2E76               	goto	u341
   980     0675  2E77               	goto	u340
   981     0676                     u341:
   982     0676  2E6A               	goto	l736
   983     0677                     u340:
   984     0677                     l742:
   985     0677  0871               	movf	___lwmod@divisor+1,w
   986     0678  0273               	subwf	___lwmod@dividend+1,w
   987     0679  1D03               	skipz
   988     067A  2E7D               	goto	u355
   989     067B  0870               	movf	___lwmod@divisor,w
   990     067C  0272               	subwf	___lwmod@dividend,w
   991     067D                     u355:
   992     067D  1C03               	skipc
   993     067E  2E80               	goto	u351
   994     067F  2E81               	goto	u350
   995     0680                     u351:
   996     0680  2E87               	goto	l746
   997     0681                     u350:
   998     0681                     l744:
   999     0681  0870               	movf	___lwmod@divisor,w
  1000     0682  02F2               	subwf	___lwmod@dividend,f
  1001     0683  0871               	movf	___lwmod@divisor+1,w
  1002     0684  1C03               	skipc
  1003     0685  03F3               	decf	___lwmod@dividend+1,f
  1004     0686  02F3               	subwf	___lwmod@dividend+1,f
  1005     0687                     l746:
  1006     0687  3001               	movlw	1
  1007     0688                     u365:
  1008     0688  1003               	clrc
  1009     0689  0CF1               	rrf	___lwmod@divisor+1,f
  1010     068A  0CF0               	rrf	___lwmod@divisor,f
  1011     068B  3EFF               	addlw	-1
  1012     068C  1D03               	skipz
  1013     068D  2E88               	goto	u365
  1014     068E                     l748:
  1015     068E  3001               	movlw	1
  1016     068F  02F4               	subwf	___lwmod@counter,f
  1017     0690  1D03               	btfss	3,2
  1018     0691  2E93               	goto	u371
  1019     0692  2E94               	goto	u370
  1020     0693                     u371:
  1021     0693  2E77               	goto	l742
  1022     0694                     u370:
  1023     0694                     l750:
  1024     0694  0873               	movf	___lwmod@dividend+1,w
  1025     0695  00F1               	movwf	?___lwmod+1
  1026     0696  0872               	movf	___lwmod@dividend,w
  1027     0697  00F0               	movwf	?___lwmod
  1028     0698                     l414:
  1029     0698  0008               	return
  1030     0699                     __end_of___lwmod:
  1031                           
  1032                           	psect	text5
  1033     0699                     __ptext5:	
  1034 ;; *************** function ___lwdiv *****************
  1035 ;; Defined at:
  1036 ;;		line 5 in file "/opt/microchip/xc8/v3.10/pic/sources/c99/common/lwdiv.c"
  1037 ;; Parameters:    Size  Location     Type
  1038 ;;  divisor         2    5[COMMON] unsigned int 
  1039 ;;  dividend        2    7[COMMON] unsigned int 
  1040 ;; Auto vars:     Size  Location     Type
  1041 ;;  quotient        2    9[COMMON] unsigned int 
  1042 ;;  counter         1   11[COMMON] unsigned char 
  1043 ;; Return value:  Size  Location     Type
  1044 ;;                  2    5[COMMON] unsigned int 
  1045 ;; Registers used:
  1046 ;;		wreg, status,2, status,0
  1047 ;; Tracked objects:
  1048 ;;		On entry : 0/0
  1049 ;;		On exit  : 0/0
  1050 ;;		Unchanged: 0/0
  1051 ;; Data sizes:     COMMON   BANK0   BANK1   BANK3   BANK2
  1052 ;;      Params:         4       0       0       0       0
  1053 ;;      Locals:         3       0       0       0       0
  1054 ;;      Temps:          0       0       0       0       0
  1055 ;;      Totals:         7       0       0       0       0
  1056 ;;Total ram usage:        7 bytes
  1057 ;; Hardware stack levels used: 1
  1058 ;; This function calls:
  1059 ;;		Nothing
  1060 ;; This function is called by:
  1061 ;;		_main
  1062 ;; This function uses a non-reentrant model
  1063 ;;
  1064                           
  1065     0699                     ___lwdiv:	
  1066                           ;psect for function ___lwdiv
  1067                           
  1068     0699                     l706:	
  1069                           ;incstack = 0
  1070                           ; Regs used in ___lwdiv: [wreg+status,2+status,0]
  1071                           
  1072     0699  01F9               	clrf	___lwdiv@quotient
  1073     069A  01FA               	clrf	___lwdiv@quotient+1
  1074     069B                     l708:
  1075     069B  0875               	movf	___lwdiv@divisor,w
  1076     069C  0476               	iorwf	___lwdiv@divisor+1,w
  1077     069D  1903               	btfsc	3,2
  1078     069E  2EA0               	goto	u251
  1079     069F  2EA1               	goto	u250
  1080     06A0                     u251:
  1081     06A0  2ED6               	goto	l728
  1082     06A1                     u250:
  1083     06A1                     l710:
  1084     06A1  3001               	movlw	1
  1085     06A2  00FB               	movwf	___lwdiv@counter
  1086     06A3  2EAD               	goto	l716
  1087     06A4                     l712:
  1088     06A4  3001               	movlw	1
  1089     06A5                     u265:
  1090     06A5  1003               	clrc
  1091     06A6  0DF5               	rlf	___lwdiv@divisor,f
  1092     06A7  0DF6               	rlf	___lwdiv@divisor+1,f
  1093     06A8  3EFF               	addlw	-1
  1094     06A9  1D03               	skipz
  1095     06AA  2EA5               	goto	u265
  1096     06AB                     l714:
  1097     06AB  3001               	movlw	1
  1098     06AC  07FB               	addwf	___lwdiv@counter,f
  1099     06AD                     l716:
  1100     06AD  1FF6               	btfss	___lwdiv@divisor+1,7
  1101     06AE  2EB0               	goto	u271
  1102     06AF  2EB1               	goto	u270
  1103     06B0                     u271:
  1104     06B0  2EA4               	goto	l712
  1105     06B1                     u270:
  1106     06B1                     l718:
  1107     06B1  3001               	movlw	1
  1108     06B2                     u285:
  1109     06B2  1003               	clrc
  1110     06B3  0DF9               	rlf	___lwdiv@quotient,f
  1111     06B4  0DFA               	rlf	___lwdiv@quotient+1,f
  1112     06B5  3EFF               	addlw	-1
  1113     06B6  1D03               	skipz
  1114     06B7  2EB2               	goto	u285
  1115     06B8  0876               	movf	___lwdiv@divisor+1,w
  1116     06B9  0278               	subwf	___lwdiv@dividend+1,w
  1117     06BA  1D03               	skipz
  1118     06BB  2EBE               	goto	u295
  1119     06BC  0875               	movf	___lwdiv@divisor,w
  1120     06BD  0277               	subwf	___lwdiv@dividend,w
  1121     06BE                     u295:
  1122     06BE  1C03               	skipc
  1123     06BF  2EC1               	goto	u291
  1124     06C0  2EC2               	goto	u290
  1125     06C1                     u291:
  1126     06C1  2EC9               	goto	l724
  1127     06C2                     u290:
  1128     06C2                     l720:
  1129     06C2  0875               	movf	___lwdiv@divisor,w
  1130     06C3  02F7               	subwf	___lwdiv@dividend,f
  1131     06C4  0876               	movf	___lwdiv@divisor+1,w
  1132     06C5  1C03               	skipc
  1133     06C6  03F8               	decf	___lwdiv@dividend+1,f
  1134     06C7  02F8               	subwf	___lwdiv@dividend+1,f
  1135     06C8                     l722:
  1136     06C8  1479               	bsf	___lwdiv@quotient,0
  1137     06C9                     l724:
  1138     06C9  3001               	movlw	1
  1139     06CA                     u305:
  1140     06CA  1003               	clrc
  1141     06CB  0CF6               	rrf	___lwdiv@divisor+1,f
  1142     06CC  0CF5               	rrf	___lwdiv@divisor,f
  1143     06CD  3EFF               	addlw	-1
  1144     06CE  1D03               	skipz
  1145     06CF  2ECA               	goto	u305
  1146     06D0                     l726:
  1147     06D0  3001               	movlw	1
  1148     06D1  02FB               	subwf	___lwdiv@counter,f
  1149     06D2  1D03               	btfss	3,2
  1150     06D3  2ED5               	goto	u311
  1151     06D4  2ED6               	goto	u310
  1152     06D5                     u311:
  1153     06D5  2EB1               	goto	l718
  1154     06D6                     u310:
  1155     06D6                     l728:
  1156     06D6  087A               	movf	___lwdiv@quotient+1,w
  1157     06D7  00F6               	movwf	?___lwdiv+1
  1158     06D8  0879               	movf	___lwdiv@quotient,w
  1159     06D9  00F5               	movwf	?___lwdiv
  1160     06DA                     l404:
  1161     06DA  0008               	return
  1162     06DB                     __end_of___lwdiv:
  1163     0002                     ___latbits      equ	2
  1164     007E                     btemp           set	126	;btemp
  1165     007E                     btemp0          set	126
  1166     007F                     btemp1          set	127
  1167     007E                     wtemp0          set	126
  1168     007F                     wtemp0a         set	127
  1169     007F                     ttemp0a         set	127
  1170     0080                     ltemp0a         set	128
  1171                           
  1172                           	psect	config
  1173                           
  1174                           ;Config register CONFIG @ 0x2007
  1175                           ;	Oscillator Selection bits
  1176                           ;	FOSC = 0x3, unprogrammed default
  1177                           ;	Watchdog Timer Enable bit
  1178                           ;	WDTE = OFF, WDT disabled
  1179                           ;	Power-up Timer Enable bit
  1180                           ;	PWRTE = 0x1, unprogrammed default
  1181                           ;	Brown-out Reset Enable bit
  1182                           ;	BOREN = 0x1, unprogrammed default
  1183                           ;	Low-Voltage (Single-Supply) In-Circuit Serial Programming Enable bit
  1184                           ;	LVP = 0x1, unprogrammed default
  1185                           ;	Data EEPROM Memory Code Protection bit
  1186                           ;	CPD = 0x1, unprogrammed default
  1187                           ;	Flash Program Memory Write Enable bits
  1188                           ;	WRT = 0x3, unprogrammed default
  1189                           ;	In-Circuit Debugger Mode bit
  1190                           ;	DEBUG = 0x1, unprogrammed default
  1191                           ;	Flash Program Memory Code Protection bit
  1192                           ;	CP = 0x1, unprogrammed default
  1193     2007                     	org	8199
  1194     2007  3FFB               	dw	16379

Data Sizes:
    Strings     0
    Constant    0
    Data        10
    BSS         0
    Persistent  0
    Stack       0

Auto Spaces:
    Space          Size  Autos    Used
    COMMON           14     12      12
    BANK0            80     22      32
    BANK1            80      0       0
    BANK3            96      0       0
    BANK2            96      0       0

Pointer List with Targets:

    display@data	PTR unsigned char  size(1) Largest target is 4
		 -> main@ssd(BANK0[4]), 


Critical Paths under _main in COMMON

    _main->___lwdiv
    ___lwdiv->___lwmod

Critical Paths under _main in BANK0

    None.

Critical Paths under _main in BANK1

    None.

Critical Paths under _main in BANK3

    None.

Critical Paths under _main in BANK2

    None.

Call Graph Tables:

 ---------------------------------------------------------------------------------
 (Depth) Function   	        Calls       Base Space   Used Autos Params    Refs
 ---------------------------------------------------------------------------------
 (0) _main                                                22    22      0     795
                                              0 BANK0     22    22      0
                            ___lwdiv
                            ___lwmod
                            _display
                        _init_config
 ---------------------------------------------------------------------------------
 (1) _init_config                                          0     0      0       0
                           _init_ssd
 ---------------------------------------------------------------------------------
 (2) _init_ssd                                             0     0      0       0
 ---------------------------------------------------------------------------------
 (1) _display                                             10     9      1     136
                                              0 COMMON    10     9      1
 ---------------------------------------------------------------------------------
 (1) ___lwmod                                              5     1      4     165
                                              0 COMMON     5     1      4
 ---------------------------------------------------------------------------------
 (1) ___lwdiv                                              7     3      4     168
                                              5 COMMON     7     3      4
                            ___lwmod (ARG)
 ---------------------------------------------------------------------------------
 Estimated maximum stack depth 2
 ---------------------------------------------------------------------------------

 Call Graph Graphs:

 _main (ROOT)
   ___lwdiv
     ___lwmod (ARG)
   ___lwmod
   _display
   _init_config
     _init_ssd

Address spaces:
Name               Size   Autos  Total    Usage
BANK3               96      0       0      0.0%
BITBANK3            96      0       0      0.0%
BANK2               96      0       0      0.0%
BITBANK2            96      0       0      0.0%
BANK1               80      0       0      0.0%
BITBANK1            80      0       0      0.0%
BANK0               80     22      32     40.0%
BITBANK0            80      0       0      0.0%
COMMON              14     12      12     85.7%
BITCOMMON           14      0       0      0.0%
DATA                 0      0      44      0.0%
STACK                0      0       0      0.0%


Microchip Technology PIC Macro Assembler V3.10 build 20250813170317 
Symbol Table                                                                                   Thu Apr 30 17:36:02 2026

                      l7 0637                        pc 0002                       l30 064D  
                     l38 072D                       fsr 0004                      l404 06DA  
                    l414 0698                      l700 06FB                      l710 06A1  
                    l702 0725                      l720 06C2                      l712 06A4  
                    l704 0727                      l722 06C8                      l714 06AB  
                    l706 0699                      l724 06C9                      l716 06AD  
                    l708 069B                      l740 0673                      l732 0661  
                    l726 06D0                      l718 06B1                      l742 0677  
                    l734 0667                      l750 0694                      l728 06D6  
                    l744 0681                      l736 066A                      l680 0642  
                    l760 074B                      l746 0687                      l738 0671  
                    l682 0645                      l770 078A                      l762 0750  
                    l754 072E                      l748 068E                      l684 0648  
                    l772 07AC                      l764 0760                      l756 0732  
                    l694 06DC                      l686 0632                      l774 07CE  
                    l766 0773                      l758 0736                      l696 06E6  
                    l688 06DB                      l776 07E3                      l768 0775  
                    l698 06F3                      u220 0717                      u310 06D6  
                    u230 0725                      u214 06EC                      u311 06D5  
                    u231 0724                      u215 06EA                      u320 0667  
                    u240 072D                      u400 0773                      u305 06CA  
                    u321 0666                      u241 072C                      u225 070A  
                    u401 0772                      u250 06A1                      u226 070B  
                    u251 06A0                      u227 0710                      u340 0677  
                    u228 0711                      u341 0676                      u229 0716  
                    u270 06B1                      u350 0681                      u271 06B0  
                    u351 0680                      u335 066B                      u265 06A5  
                    u290 06C2                      u370 0694                      u291 06C1  
                    u371 0693                      u355 067D                      u380 073C  
                    u285 06B2                      u365 0688                      u390 0760  
                    u295 06BE                      u391 075F                      fsr0 0004  
                    indf 0000              display@data 0070              display@wait 0075  
                   _main 072E                     btemp 007E                     start 0000  
                  ?_main 0070          __end_of___lwdiv 06DB          __end_of___lwmod 0699  
           ?_init_config 0070                    _PORTA 0005                    _PORTD 0008  
                  _TRISA 0085                    _TRISD 0088             display@digit 0079  
        __end_of_display 072E                    btemp0 007E                    btemp1 007F  
                  pclath 000A                    status 0003                    wtemp0 007E  
        __initialization 07EE             __end_of_main 07EE                   ??_main 0020  
              ??___lwdiv 0079                ??___lwmod 0074         __end_of_init_ssd 064E  
              ??_display 0071                   ltemp0a 0080                   ttemp0a 007F  
                 wtemp0a 007F  __end_of__initialization 07FC           __pcstackCOMMON 0070  
           __pidataBANK0 0638               __pmaintext 072E                ?_init_ssd 0070  
                ___lwdiv 0699                  ___lwmod 0661                  __ptext1 0632  
                __ptext2 0642                  __ptext3 06DB                  __ptext4 0661  
                __ptext5 0699                  _display 06DB                  main@ssd 002E  
   end_of_initialization 07FC               ??_init_ssd 0070      start_initialization 07EE  
             init_fetch0 064E              __pdataBANK0 0036            ??_init_config 0070  
              ___latbits 0002            __pcstackBANK0 0020         ___lwdiv@dividend 0077  
               ?___lwdiv 0075                 ?___lwmod 0070                 ?_display 0070  
       ___lwdiv@quotient 0079      __end_of_init_config 0638                main@delay 0032  
              main@digit 0024                main@count 0034              _init_config 0632  
        ___lwdiv@divisor 0075          ___lwdiv@counter 007B                 _init_ssd 0642  
               main@F988 0036                 init_ram0 0652         ___lwmod@dividend 0072  
        ___lwmod@divisor 0070          ___lwmod@counter 0074  
