

Microchip MPLAB XC8 Assembler V3.10 build 20250813170317 
                                                                                               Sat May  2 11:16:25 2026

Microchip MPLAB XC8 C Compiler v3.10 (Free license) build 20250813170317 Og1 
     1                           	processor	16F877A
     2                           	pagewidth 120
     3                           	opt	flic
     4                           	psect	idataCOMMON,global,class=CODE,space=0,delta=2,noexec
     5                           	psect	cinit,global,class=CODE,space=0,merge=1,delta=2
     6                           	psect	dataCOMMON,global,class=COMMON,space=1,delta=1,noexec
     7                           	psect	cstackCOMMON,global,class=COMMON,space=1,delta=1,noexec
     8                           	psect	cstackBANK0,global,class=BANK0,space=1,delta=1,noexec
     9                           	psect	maintext,global,class=CODE,space=0,split=1,delta=2
    10                           	psect	text1,local,class=CODE,space=0,merge=1,delta=2
    11                           	psect	text2,local,class=CODE,space=0,merge=1,delta=2
    12                           	psect	text3,local,class=CODE,space=0,merge=1,delta=2
    13                           	psect	text4,local,class=CODE,space=0,merge=1,delta=2
    14                           	psect	text5,local,class=CODE,space=0,merge=1,delta=2
    15                           	psect	intentry,global,class=CODE,space=0,delta=2
    16                           	psect	config,global,abs,ovrld,class=CONFIG,space=4,delta=2,noexec
    17                           	dabs	1,0x7E,2
    18     0000                     
    19                           ; Version 2.20
    20                           ; Generated 12/02/2020 GMT
    21                           ; 
    22                           ; Copyright © 2020, Microchip Technology Inc. and its subsidiaries ("Microchip")
    23                           ; All rights reserved.
    24                           ; 
    25                           ; This software is developed by Microchip Technology Inc. and its subsidiaries ("Microch
      +                          ip").
    26                           ; 
    27                           ; Redistribution and use in source and binary forms, with or without modification, are
    28                           ; permitted provided that the following conditions are met:
    29                           ; 
    30                           ;     1. Redistributions of source code must retain the above copyright notice, this lis
      +                          t of
    31                           ;        conditions and the following disclaimer.
    32                           ; 
    33                           ;     2. Redistributions in binary form must reproduce the above copyright notice, this 
      +                          list
    34                           ;        of conditions and the following disclaimer in the documentation and/or other
    35                           ;        materials provided with the distribution.
    36                           ; 
    37                           ;     3. Microchip's name may not be used to endorse or promote products derived from th
      +                          is
    38                           ;        software without specific prior written permission.
    39                           ; 
    40                           ; THIS SOFTWARE IS PROVIDED BY MICROCHIP "AS IS" AND ANY EXPRESS OR IMPLIED WARRANTIES,
    41                           ; INCLUDING, BUT NOT LIMITED TO, THE IMPLIED WARRANTIES OF MERCHANTABILITY AND FITNESS F
      +                          OR
    42                           ; PURPOSE ARE DISCLAIMED.  IN NO EVENT SHALL MICROCHIP BE LIABLE FOR ANY DIRECT, INDIREC
      +                          T,
    43                           ; INCIDENTAL, SPECIAL, EXEMPLARY, OR CONSEQUENTIAL DAMAGES (INCLUDING BUT NOT LIMITED TO
    44                           ; PROCUREMENT OF SUBSTITUTE GOODS OR SERVICES; LOSS OF USE, DATA OR PROFITS; OR BUSINESS
    45                           ; INTERRUPTION) HOWSOEVER CAUSED AND ON ANY THEORY OF LIABILITY, WHETHER IN CONTRACT, ST
      +                          RICT
    46                           ; LIABILITY, OR TORT (INCLUDING NEGLIGENCE OR OTHERWISE) ARISING IN ANY WAY OUT OF THE U
      +                          SE OF
    47                           ; THIS SOFTWARE, EVEN IF ADVISED OF THE POSSIBILITY OF SUCH DAMAGE.
    48                           ; 
    49                           ; 
    50                           ; Code-generator required, PIC16F877A Definitions
    51                           ; 
    52                           ; SFR Addresses
    53     0004                     fsr             equ	4
    54     0004                     fsr0            equ	4
    55     0000                     indf            equ	0
    56     0000                     indf0           equ	0
    57     0002                     pc              equ	2
    58     0002                     pcl             equ	2
    59     000A                     pclath          equ	10
    60     0003                     status          equ	3
    61     0000                     INDF            equ	0	;# 
    62     0001                     TMR0            equ	1	;# 
    63     0002                     PCL             equ	2	;# 
    64     0003                     STATUS          equ	3	;# 
    65     0004                     FSR             equ	4	;# 
    66     0005                     PORTA           equ	5	;# 
    67     0006                     PORTB           equ	6	;# 
    68     0007                     PORTC           equ	7	;# 
    69     0008                     PORTD           equ	8	;# 
    70     0009                     PORTE           equ	9	;# 
    71     000A                     PCLATH          equ	10	;# 
    72     000B                     INTCON          equ	11	;# 
    73     000C                     PIR1            equ	12	;# 
    74     000D                     PIR2            equ	13	;# 
    75     000E                     TMR1            equ	14	;# 
    76     000E                     TMR1L           equ	14	;# 
    77     000F                     TMR1H           equ	15	;# 
    78     0010                     T1CON           equ	16	;# 
    79     0011                     TMR2            equ	17	;# 
    80     0012                     T2CON           equ	18	;# 
    81     0013                     SSPBUF          equ	19	;# 
    82     0014                     SSPCON          equ	20	;# 
    83     0015                     CCPR1           equ	21	;# 
    84     0015                     CCPR1L          equ	21	;# 
    85     0016                     CCPR1H          equ	22	;# 
    86     0017                     CCP1CON         equ	23	;# 
    87     0018                     RCSTA           equ	24	;# 
    88     0019                     TXREG           equ	25	;# 
    89     001A                     RCREG           equ	26	;# 
    90     001B                     CCPR2           equ	27	;# 
    91     001B                     CCPR2L          equ	27	;# 
    92     001C                     CCPR2H          equ	28	;# 
    93     001D                     CCP2CON         equ	29	;# 
    94     001E                     ADRESH          equ	30	;# 
    95     001F                     ADCON0          equ	31	;# 
    96     0081                     OPTION_REG      equ	129	;# 
    97     0085                     TRISA           equ	133	;# 
    98     0086                     TRISB           equ	134	;# 
    99     0087                     TRISC           equ	135	;# 
   100     0088                     TRISD           equ	136	;# 
   101     0089                     TRISE           equ	137	;# 
   102     008C                     PIE1            equ	140	;# 
   103     008D                     PIE2            equ	141	;# 
   104     008E                     PCON            equ	142	;# 
   105     0091                     SSPCON2         equ	145	;# 
   106     0092                     PR2             equ	146	;# 
   107     0093                     SSPADD          equ	147	;# 
   108     0094                     SSPSTAT         equ	148	;# 
   109     0098                     TXSTA           equ	152	;# 
   110     0099                     SPBRG           equ	153	;# 
   111     009C                     CMCON           equ	156	;# 
   112     009D                     CVRCON          equ	157	;# 
   113     009E                     ADRESL          equ	158	;# 
   114     009F                     ADCON1          equ	159	;# 
   115     010C                     EEDATA          equ	268	;# 
   116     010D                     EEADR           equ	269	;# 
   117     010E                     EEDATH          equ	270	;# 
   118     010F                     EEADRH          equ	271	;# 
   119     018C                     EECON1          equ	396	;# 
   120     018D                     EECON2          equ	397	;# 
   121     0000                     INDF            equ	0	;# 
   122     0001                     TMR0            equ	1	;# 
   123     0002                     PCL             equ	2	;# 
   124     0003                     STATUS          equ	3	;# 
   125     0004                     FSR             equ	4	;# 
   126     0005                     PORTA           equ	5	;# 
   127     0006                     PORTB           equ	6	;# 
   128     0007                     PORTC           equ	7	;# 
   129     0008                     PORTD           equ	8	;# 
   130     0009                     PORTE           equ	9	;# 
   131     000A                     PCLATH          equ	10	;# 
   132     000B                     INTCON          equ	11	;# 
   133     000C                     PIR1            equ	12	;# 
   134     000D                     PIR2            equ	13	;# 
   135     000E                     TMR1            equ	14	;# 
   136     000E                     TMR1L           equ	14	;# 
   137     000F                     TMR1H           equ	15	;# 
   138     0010                     T1CON           equ	16	;# 
   139     0011                     TMR2            equ	17	;# 
   140     0012                     T2CON           equ	18	;# 
   141     0013                     SSPBUF          equ	19	;# 
   142     0014                     SSPCON          equ	20	;# 
   143     0015                     CCPR1           equ	21	;# 
   144     0015                     CCPR1L          equ	21	;# 
   145     0016                     CCPR1H          equ	22	;# 
   146     0017                     CCP1CON         equ	23	;# 
   147     0018                     RCSTA           equ	24	;# 
   148     0019                     TXREG           equ	25	;# 
   149     001A                     RCREG           equ	26	;# 
   150     001B                     CCPR2           equ	27	;# 
   151     001B                     CCPR2L          equ	27	;# 
   152     001C                     CCPR2H          equ	28	;# 
   153     001D                     CCP2CON         equ	29	;# 
   154     001E                     ADRESH          equ	30	;# 
   155     001F                     ADCON0          equ	31	;# 
   156     0081                     OPTION_REG      equ	129	;# 
   157     0085                     TRISA           equ	133	;# 
   158     0086                     TRISB           equ	134	;# 
   159     0087                     TRISC           equ	135	;# 
   160     0088                     TRISD           equ	136	;# 
   161     0089                     TRISE           equ	137	;# 
   162     008C                     PIE1            equ	140	;# 
   163     008D                     PIE2            equ	141	;# 
   164     008E                     PCON            equ	142	;# 
   165     0091                     SSPCON2         equ	145	;# 
   166     0092                     PR2             equ	146	;# 
   167     0093                     SSPADD          equ	147	;# 
   168     0094                     SSPSTAT         equ	148	;# 
   169     0098                     TXSTA           equ	152	;# 
   170     0099                     SPBRG           equ	153	;# 
   171     009C                     CMCON           equ	156	;# 
   172     009D                     CVRCON          equ	157	;# 
   173     009E                     ADRESL          equ	158	;# 
   174     009F                     ADCON1          equ	159	;# 
   175     010C                     EEDATA          equ	268	;# 
   176     010D                     EEADR           equ	269	;# 
   177     010E                     EEDATH          equ	270	;# 
   178     010F                     EEADRH          equ	271	;# 
   179     018C                     EECON1          equ	396	;# 
   180     018D                     EECON2          equ	397	;# 
   181     0000                     INDF            equ	0	;# 
   182     0001                     TMR0            equ	1	;# 
   183     0002                     PCL             equ	2	;# 
   184     0003                     STATUS          equ	3	;# 
   185     0004                     FSR             equ	4	;# 
   186     0005                     PORTA           equ	5	;# 
   187     0006                     PORTB           equ	6	;# 
   188     0007                     PORTC           equ	7	;# 
   189     0008                     PORTD           equ	8	;# 
   190     0009                     PORTE           equ	9	;# 
   191     000A                     PCLATH          equ	10	;# 
   192     000B                     INTCON          equ	11	;# 
   193     000C                     PIR1            equ	12	;# 
   194     000D                     PIR2            equ	13	;# 
   195     000E                     TMR1            equ	14	;# 
   196     000E                     TMR1L           equ	14	;# 
   197     000F                     TMR1H           equ	15	;# 
   198     0010                     T1CON           equ	16	;# 
   199     0011                     TMR2            equ	17	;# 
   200     0012                     T2CON           equ	18	;# 
   201     0013                     SSPBUF          equ	19	;# 
   202     0014                     SSPCON          equ	20	;# 
   203     0015                     CCPR1           equ	21	;# 
   204     0015                     CCPR1L          equ	21	;# 
   205     0016                     CCPR1H          equ	22	;# 
   206     0017                     CCP1CON         equ	23	;# 
   207     0018                     RCSTA           equ	24	;# 
   208     0019                     TXREG           equ	25	;# 
   209     001A                     RCREG           equ	26	;# 
   210     001B                     CCPR2           equ	27	;# 
   211     001B                     CCPR2L          equ	27	;# 
   212     001C                     CCPR2H          equ	28	;# 
   213     001D                     CCP2CON         equ	29	;# 
   214     001E                     ADRESH          equ	30	;# 
   215     001F                     ADCON0          equ	31	;# 
   216     0081                     OPTION_REG      equ	129	;# 
   217     0085                     TRISA           equ	133	;# 
   218     0086                     TRISB           equ	134	;# 
   219     0087                     TRISC           equ	135	;# 
   220     0088                     TRISD           equ	136	;# 
   221     0089                     TRISE           equ	137	;# 
   222     008C                     PIE1            equ	140	;# 
   223     008D                     PIE2            equ	141	;# 
   224     008E                     PCON            equ	142	;# 
   225     0091                     SSPCON2         equ	145	;# 
   226     0092                     PR2             equ	146	;# 
   227     0093                     SSPADD          equ	147	;# 
   228     0094                     SSPSTAT         equ	148	;# 
   229     0098                     TXSTA           equ	152	;# 
   230     0099                     SPBRG           equ	153	;# 
   231     009C                     CMCON           equ	156	;# 
   232     009D                     CVRCON          equ	157	;# 
   233     009E                     ADRESL          equ	158	;# 
   234     009F                     ADCON1          equ	159	;# 
   235     010C                     EEDATA          equ	268	;# 
   236     010D                     EEADR           equ	269	;# 
   237     010E                     EEDATH          equ	270	;# 
   238     010F                     EEADRH          equ	271	;# 
   239     018C                     EECON1          equ	396	;# 
   240     018D                     EECON2          equ	397	;# 
   241     0000                     INDF            equ	0	;# 
   242     0001                     TMR0            equ	1	;# 
   243     0002                     PCL             equ	2	;# 
   244     0003                     STATUS          equ	3	;# 
   245     0004                     FSR             equ	4	;# 
   246     0005                     PORTA           equ	5	;# 
   247     0006                     PORTB           equ	6	;# 
   248     0007                     PORTC           equ	7	;# 
   249     0008                     PORTD           equ	8	;# 
   250     0009                     PORTE           equ	9	;# 
   251     000A                     PCLATH          equ	10	;# 
   252     000B                     INTCON          equ	11	;# 
   253     000C                     PIR1            equ	12	;# 
   254     000D                     PIR2            equ	13	;# 
   255     000E                     TMR1            equ	14	;# 
   256     000E                     TMR1L           equ	14	;# 
   257     000F                     TMR1H           equ	15	;# 
   258     0010                     T1CON           equ	16	;# 
   259     0011                     TMR2            equ	17	;# 
   260     0012                     T2CON           equ	18	;# 
   261     0013                     SSPBUF          equ	19	;# 
   262     0014                     SSPCON          equ	20	;# 
   263     0015                     CCPR1           equ	21	;# 
   264     0015                     CCPR1L          equ	21	;# 
   265     0016                     CCPR1H          equ	22	;# 
   266     0017                     CCP1CON         equ	23	;# 
   267     0018                     RCSTA           equ	24	;# 
   268     0019                     TXREG           equ	25	;# 
   269     001A                     RCREG           equ	26	;# 
   270     001B                     CCPR2           equ	27	;# 
   271     001B                     CCPR2L          equ	27	;# 
   272     001C                     CCPR2H          equ	28	;# 
   273     001D                     CCP2CON         equ	29	;# 
   274     001E                     ADRESH          equ	30	;# 
   275     001F                     ADCON0          equ	31	;# 
   276     0081                     OPTION_REG      equ	129	;# 
   277     0085                     TRISA           equ	133	;# 
   278     0086                     TRISB           equ	134	;# 
   279     0087                     TRISC           equ	135	;# 
   280     0088                     TRISD           equ	136	;# 
   281     0089                     TRISE           equ	137	;# 
   282     008C                     PIE1            equ	140	;# 
   283     008D                     PIE2            equ	141	;# 
   284     008E                     PCON            equ	142	;# 
   285     0091                     SSPCON2         equ	145	;# 
   286     0092                     PR2             equ	146	;# 
   287     0093                     SSPADD          equ	147	;# 
   288     0094                     SSPSTAT         equ	148	;# 
   289     0098                     TXSTA           equ	152	;# 
   290     0099                     SPBRG           equ	153	;# 
   291     009C                     CMCON           equ	156	;# 
   292     009D                     CVRCON          equ	157	;# 
   293     009E                     ADRESL          equ	158	;# 
   294     009F                     ADCON1          equ	159	;# 
   295     010C                     EEDATA          equ	268	;# 
   296     010D                     EEADR           equ	269	;# 
   297     010E                     EEDATH          equ	270	;# 
   298     010F                     EEADRH          equ	271	;# 
   299     018C                     EECON1          equ	396	;# 
   300     018D                     EECON2          equ	397	;# 
   301     0000                     INDF            equ	0	;# 
   302     0001                     TMR0            equ	1	;# 
   303     0002                     PCL             equ	2	;# 
   304     0003                     STATUS          equ	3	;# 
   305     0004                     FSR             equ	4	;# 
   306     0005                     PORTA           equ	5	;# 
   307     0006                     PORTB           equ	6	;# 
   308     0007                     PORTC           equ	7	;# 
   309     0008                     PORTD           equ	8	;# 
   310     0009                     PORTE           equ	9	;# 
   311     000A                     PCLATH          equ	10	;# 
   312     000B                     INTCON          equ	11	;# 
   313     000C                     PIR1            equ	12	;# 
   314     000D                     PIR2            equ	13	;# 
   315     000E                     TMR1            equ	14	;# 
   316     000E                     TMR1L           equ	14	;# 
   317     000F                     TMR1H           equ	15	;# 
   318     0010                     T1CON           equ	16	;# 
   319     0011                     TMR2            equ	17	;# 
   320     0012                     T2CON           equ	18	;# 
   321     0013                     SSPBUF          equ	19	;# 
   322     0014                     SSPCON          equ	20	;# 
   323     0015                     CCPR1           equ	21	;# 
   324     0015                     CCPR1L          equ	21	;# 
   325     0016                     CCPR1H          equ	22	;# 
   326     0017                     CCP1CON         equ	23	;# 
   327     0018                     RCSTA           equ	24	;# 
   328     0019                     TXREG           equ	25	;# 
   329     001A                     RCREG           equ	26	;# 
   330     001B                     CCPR2           equ	27	;# 
   331     001B                     CCPR2L          equ	27	;# 
   332     001C                     CCPR2H          equ	28	;# 
   333     001D                     CCP2CON         equ	29	;# 
   334     001E                     ADRESH          equ	30	;# 
   335     001F                     ADCON0          equ	31	;# 
   336     0081                     OPTION_REG      equ	129	;# 
   337     0085                     TRISA           equ	133	;# 
   338     0086                     TRISB           equ	134	;# 
   339     0087                     TRISC           equ	135	;# 
   340     0088                     TRISD           equ	136	;# 
   341     0089                     TRISE           equ	137	;# 
   342     008C                     PIE1            equ	140	;# 
   343     008D                     PIE2            equ	141	;# 
   344     008E                     PCON            equ	142	;# 
   345     0091                     SSPCON2         equ	145	;# 
   346     0092                     PR2             equ	146	;# 
   347     0093                     SSPADD          equ	147	;# 
   348     0094                     SSPSTAT         equ	148	;# 
   349     0098                     TXSTA           equ	152	;# 
   350     0099                     SPBRG           equ	153	;# 
   351     009C                     CMCON           equ	156	;# 
   352     009D                     CVRCON          equ	157	;# 
   353     009E                     ADRESL          equ	158	;# 
   354     009F                     ADCON1          equ	159	;# 
   355     010C                     EEDATA          equ	268	;# 
   356     010D                     EEADR           equ	269	;# 
   357     010E                     EEDATH          equ	270	;# 
   358     010F                     EEADRH          equ	271	;# 
   359     018C                     EECON1          equ	396	;# 
   360     018D                     EECON2          equ	397	;# 
   361                           
   362                           	psect	idataCOMMON
   363     00BE                     __pidataCOMMON:
   364                           
   365                           ;initializer for read_digital_keypad@once
   366     00BE  3401               	retlw	1
   367     0006                     _PORTB          set	6
   368     0008                     _PORTD          set	8
   369     005C                     _INTE           set	92
   370     0040                     _RD0            set	64
   371     0059                     _INTF           set	89
   372     0041                     _RD1            set	65
   373     005F                     _GIE            set	95
   374     0086                     _TRISB          set	134
   375     0088                     _TRISD          set	136
   376     040E                     _INTEDG         set	1038
   377                           
   378                           	psect	cinit
   379     000F                     start_initialization:	
   380                           ; #config settings
   381                           
   382     000F                     __initialization:
   383                           
   384                           ; Initialize objects allocated to COMMON
   385     000F  120A  118A  20BE  120A  118A  	fcall	__pidataCOMMON	;fetch initializer
   386     0014  00F8               	movwf	__pdataCOMMON& (0+127)
   387     0015                     end_of_initialization:	
   388                           ;End of C runtime variable initialization code
   389                           
   390     0015                     __end_of__initialization:
   391     0015  0183               	clrf	3
   392     0016  120A  118A  2819   	ljmp	_main	;jump to C main() function
   393                           
   394                           	psect	dataCOMMON
   395     0078                     __pdataCOMMON:
   396     0078                     read_digital_keypad@once:
   397     0078                     	ds	1
   398                           
   399                           	psect	cstackCOMMON
   400     0070                     __pcstackCOMMON:
   401     0070                     ?_init_ext_int:
   402     0070                     ?_init_digital_keypad:	
   403                           ; 1 bytes @ 0x0
   404                           
   405     0070                     ?_read_digital_keypad:	
   406                           ; 1 bytes @ 0x0
   407                           
   408     0070                     ?_init_config:	
   409                           ; 1 bytes @ 0x0
   410                           
   411     0070                     ?_main:	
   412                           ; 1 bytes @ 0x0
   413                           
   414     0070                     ?_isr:	
   415                           ; 1 bytes @ 0x0
   416                           
   417     0070                     ??_isr:	
   418                           ; 1 bytes @ 0x0
   419                           
   420                           
   421                           ; 1 bytes @ 0x0
   422     0070                     	ds	2
   423     0072                     ??_init_ext_int:
   424     0072                     ??_init_digital_keypad:	
   425                           ; 1 bytes @ 0x2
   426                           
   427     0072                     ??_read_digital_keypad:	
   428                           ; 1 bytes @ 0x2
   429                           
   430     0072                     ??_init_config:	
   431                           ; 1 bytes @ 0x2
   432                           
   433                           
   434                           ; 1 bytes @ 0x2
   435     0072                     	ds	1
   436     0073                     read_digital_keypad@mode:
   437                           
   438                           ; 1 bytes @ 0x3
   439     0073                     	ds	1
   440     0074                     ??_main:
   441                           
   442                           ; 1 bytes @ 0x4
   443     0074                     	ds	4
   444                           
   445                           	psect	cstackBANK0
   446     0020                     __pcstackBANK0:
   447     0020                     main@i:
   448                           
   449                           ; 4 bytes @ 0x0
   450     0020                     	ds	4
   451     0024                     main@key:
   452                           
   453                           ; 1 bytes @ 0x4
   454     0024                     	ds	1
   455                           
   456                           	psect	maintext
   457     0019                     __pmaintext:	
   458 ;;
   459 ;;Main: autosize = 0, tempsize = 4, incstack = 0, save=0
   460 ;;
   461 ;; *************** function _main *****************
   462 ;; Defined at:
   463 ;;		line 22 in file "main.c"
   464 ;; Parameters:    Size  Location     Type
   465 ;;		None
   466 ;; Auto vars:     Size  Location     Type
   467 ;;  i               4    0[BANK0 ] unsigned long 
   468 ;;  key             1    4[BANK0 ] unsigned char 
   469 ;; Return value:  Size  Location     Type
   470 ;;                  1    wreg      void 
   471 ;; Registers used:
   472 ;;		wreg, status,2, status,0, pclath, cstack
   473 ;; Tracked objects:
   474 ;;		On entry : B00/0
   475 ;;		On exit  : 0/0
   476 ;;		Unchanged: 0/0
   477 ;; Data sizes:     COMMON   BANK0   BANK1   BANK3   BANK2
   478 ;;      Params:         0       0       0       0       0
   479 ;;      Locals:         0       5       0       0       0
   480 ;;      Temps:          4       0       0       0       0
   481 ;;      Totals:         4       5       0       0       0
   482 ;;Total ram usage:        9 bytes
   483 ;; Hardware stack levels required when called: 3
   484 ;; This function calls:
   485 ;;		_init_config
   486 ;;		_read_digital_keypad
   487 ;; This function is called by:
   488 ;;		Startup code after reset
   489 ;; This function uses a non-reentrant model
   490 ;;
   491                           
   492     0019                     _main:	
   493                           ;psect for function _main
   494                           
   495     0019                     l701:	
   496                           ;incstack = 0
   497                           ; Regs used in _main: [wreg+status,2+status,0+pclath+cstack]
   498                           
   499                           
   500                           ;main.c: 23:         };main.c: 24: ;main.c: 26: 
   501     0019  120A  118A  2091  120A  118A  	fcall	_init_config
   502     001E                     l22:	
   503                           ;main.c: 28:         for (i = 100000; i--; );
   504                           
   505                           
   506                           ;main.c: 30:     return;
   507     001E  3001               	movlw	1
   508     001F  120A  118A  2067  120A  118A  	fcall	_read_digital_keypad
   509     0024  1283               	bcf	3,5	;RP0=0, select bank0
   510     0025  1303               	bcf	3,6	;RP1=0, select bank0
   511     0026  00A4               	movwf	main@key
   512     0027                     l703:
   513     0027  303E               	movlw	62
   514     0028  0624               	xorwf	main@key,w
   515     0029  1D03               	btfss	3,2
   516     002A  282C               	goto	u131
   517     002B  282D               	goto	u130
   518     002C                     u131:
   519     002C  282F               	goto	l23
   520     002D                     u130:
   521     002D                     l705:
   522     002D  3002               	movlw	2
   523     002E  0688               	xorwf	8,f
   524     002F                     l23:
   525     002F  3000               	movlw	0
   526     0030  00A3               	movwf	main@i+3
   527     0031  3001               	movlw	1
   528     0032  00A2               	movwf	main@i+2
   529     0033  3086               	movlw	134
   530     0034  00A1               	movwf	main@i+1
   531     0035  30A0               	movlw	160
   532     0036  00A0               	movwf	main@i
   533     0037                     l707:
   534     0037  3001               	movlw	1
   535     0038  00F4               	movwf	??_main
   536     0039  3000               	movlw	0
   537     003A  00F5               	movwf	??_main+1
   538     003B  3000               	movlw	0
   539     003C  00F6               	movwf	??_main+2
   540     003D  3000               	movlw	0
   541     003E  00F7               	movwf	??_main+3
   542     003F  0874               	movf	??_main,w
   543     0040  1283               	bcf	3,5	;RP0=0, select bank0
   544     0041  1303               	bcf	3,6	;RP1=0, select bank0
   545     0042  02A0               	subwf	main@i,f
   546     0043  0875               	movf	??_main+1,w
   547     0044  1C03               	skipc
   548     0045  0F75               	incfsz	??_main+1,w
   549     0046  2848               	goto	u145
   550     0047  2849               	goto	u146
   551     0048                     u145:
   552     0048  02A1               	subwf	main@i+1,f
   553     0049                     u146:
   554     0049  0876               	movf	??_main+2,w
   555     004A  1C03               	skipc
   556     004B  0F76               	incfsz	??_main+2,w
   557     004C  284E               	goto	u147
   558     004D  284F               	goto	u148
   559     004E                     u147:
   560     004E  02A2               	subwf	main@i+2,f
   561     004F                     u148:
   562     004F  0877               	movf	??_main+3,w
   563     0050  1C03               	skipc
   564     0051  0F77               	incfsz	??_main+3,w
   565     0052  2854               	goto	u149
   566     0053  2855               	goto	u140
   567     0054                     u149:
   568     0054  02A3               	subwf	main@i+3,f
   569     0055                     u140:
   570     0055  0A20               	incf	main@i,w
   571     0056  1D03               	skipz
   572     0057  2862               	goto	u151
   573     0058  0A21               	incf	main@i+1,w
   574     0059  1D03               	skipz
   575     005A  2862               	goto	u151
   576     005B  0A22               	incf	main@i+2,w
   577     005C  1D03               	skipz
   578     005D  2862               	goto	u151
   579     005E  0A23               	incf	main@i+3,w
   580     005F  1D03               	btfss	3,2
   581     0060  2862               	goto	u151
   582     0061  2863               	goto	u150
   583     0062                     u151:
   584     0062  2837               	goto	l707
   585     0063                     u150:
   586     0063  281E               	goto	l22
   587     0064  120A  118A  280C   	ljmp	start
   588     0067                     __end_of_main:
   589                           
   590                           	psect	text1
   591     0067                     __ptext1:	
   592 ;; *************** function _read_digital_keypad *****************
   593 ;; Defined at:
   594 ;;		line 10 in file "digital_keypad.c"
   595 ;; Parameters:    Size  Location     Type
   596 ;;  mode            1    wreg     unsigned char 
   597 ;; Auto vars:     Size  Location     Type
   598 ;;  mode            1    3[COMMON] unsigned char 
   599 ;; Return value:  Size  Location     Type
   600 ;;                  1    wreg      unsigned char 
   601 ;; Registers used:
   602 ;;		wreg, status,2, status,0
   603 ;; Tracked objects:
   604 ;;		On entry : 0/0
   605 ;;		On exit  : 0/0
   606 ;;		Unchanged: 0/0
   607 ;; Data sizes:     COMMON   BANK0   BANK1   BANK3   BANK2
   608 ;;      Params:         0       0       0       0       0
   609 ;;      Locals:         1       0       0       0       0
   610 ;;      Temps:          1       0       0       0       0
   611 ;;      Totals:         2       0       0       0       0
   612 ;;Total ram usage:        2 bytes
   613 ;; Hardware stack levels used: 1
   614 ;; Hardware stack levels required when called: 1
   615 ;; This function calls:
   616 ;;		Nothing
   617 ;; This function is called by:
   618 ;;		_main
   619 ;; This function uses a non-reentrant model
   620 ;;
   621                           
   622     0067                     _read_digital_keypad:	
   623                           ;psect for function _read_digital_keypad
   624                           
   625                           
   626                           ;incstack = 0
   627                           ; Regs used in _read_digital_keypad: [wreg+status,2+status,0]
   628                           ;read_digital_keypad@mode stored from wreg
   629     0067  00F3               	movwf	read_digital_keypad@mode
   630     0068                     l673:
   631                           
   632                           ;digital_keypad.c: 10: unsigned char read_digital_keypad(unsigned char mode);digital_key
      +                          pad.c: 11: {;digital_keypad.c: 12:     static unsigned char once = 1;;digital_keypad.c: 
      +                          14:     if (mode == 0)
   633     0068  0873               	movf	read_digital_keypad@mode,w
   634     0069  1D03               	btfss	3,2
   635     006A  286C               	goto	u91
   636     006B  286D               	goto	u90
   637     006C                     u91:
   638     006C  2872               	goto	l681
   639     006D                     u90:
   640     006D                     l675:
   641                           
   642                           ;digital_keypad.c: 15:     {;digital_keypad.c: 16:         return PORTB & 0x3F;
   643     006D  1283               	bcf	3,5	;RP0=0, select bank0
   644     006E  1303               	bcf	3,6	;RP1=0, select bank0
   645     006F  0806               	movf	6,w	;volatile
   646     0070  393F               	andlw	63
   647     0071  2890               	goto	l59
   648     0072                     l681:
   649                           
   650                           ;digital_keypad.c: 19:     {;digital_keypad.c: 20:         if (((PORTB & 0x3F) != 0x3F) 
      +                          && once)
   651     0072  303F               	movlw	63
   652     0073  1283               	bcf	3,5	;RP0=0, select bank0
   653     0074  1303               	bcf	3,6	;RP1=0, select bank0
   654     0075  0506               	andwf	6,w	;volatile
   655     0076  00F2               	movwf	??_read_digital_keypad
   656     0077  303F               	movlw	63
   657     0078  0672               	xorwf	??_read_digital_keypad,w
   658     0079  1903               	btfsc	3,2
   659     007A  287C               	goto	u101
   660     007B  287D               	goto	u100
   661     007C                     u101:
   662     007C  2884               	goto	l693
   663     007D                     u100:
   664     007D                     l683:
   665     007D  0878               	movf	read_digital_keypad@once,w
   666     007E  1903               	btfsc	3,2
   667     007F  2881               	goto	u111
   668     0080  2882               	goto	u110
   669     0081                     u111:
   670     0081  2884               	goto	l693
   671     0082                     u110:
   672     0082                     l685:
   673                           
   674                           ;digital_keypad.c: 21:         {;digital_keypad.c: 22:             once = 0;
   675     0082  01F8               	clrf	read_digital_keypad@once
   676     0083  286D               	goto	l675
   677     0084                     l693:
   678     0084  303F               	movlw	63
   679     0085  0506               	andwf	6,w	;volatile
   680     0086  00F2               	movwf	??_read_digital_keypad
   681     0087  303F               	movlw	63
   682     0088  0672               	xorwf	??_read_digital_keypad,w
   683     0089  1D03               	btfss	3,2
   684     008A  288C               	goto	u121
   685     008B  288D               	goto	u120
   686     008C                     u121:
   687     008C  288F               	goto	l697
   688     008D                     u120:
   689     008D                     l695:
   690                           
   691                           ;digital_keypad.c: 27:         {;digital_keypad.c: 28:             once = 1;
   692     008D  3001               	movlw	1
   693     008E  00F8               	movwf	read_digital_keypad@once
   694     008F                     l697:
   695                           
   696                           ;digital_keypad.c: 32:     return 0x3F;
   697     008F  303F               	movlw	63
   698     0090                     l59:
   699     0090  0008               	return
   700     0091                     __end_of_read_digital_keypad:
   701                           
   702                           	psect	text2
   703     0091                     __ptext2:	
   704 ;; *************** function _init_config *****************
   705 ;; Defined at:
   706 ;;		line 12 in file "main.c"
   707 ;; Parameters:    Size  Location     Type
   708 ;;		None
   709 ;; Auto vars:     Size  Location     Type
   710 ;;		None
   711 ;; Return value:  Size  Location     Type
   712 ;;                  1    wreg      void 
   713 ;; Registers used:
   714 ;;		wreg, status,2, status,0, pclath, cstack
   715 ;; Tracked objects:
   716 ;;		On entry : 0/0
   717 ;;		On exit  : 0/0
   718 ;;		Unchanged: 0/0
   719 ;; Data sizes:     COMMON   BANK0   BANK1   BANK3   BANK2
   720 ;;      Params:         0       0       0       0       0
   721 ;;      Locals:         0       0       0       0       0
   722 ;;      Temps:          0       0       0       0       0
   723 ;;      Totals:         0       0       0       0       0
   724 ;;Total ram usage:        0 bytes
   725 ;; Hardware stack levels used: 1
   726 ;; Hardware stack levels required when called: 2
   727 ;; This function calls:
   728 ;;		_init_digital_keypad
   729 ;;		_init_ext_int
   730 ;; This function is called by:
   731 ;;		_main
   732 ;; This function uses a non-reentrant model
   733 ;;
   734                           
   735     0091                     _init_config:	
   736                           ;psect for function _init_config
   737                           
   738     0091                     l665:	
   739                           ;incstack = 0
   740                           ; Regs used in _init_config: [wreg+status,2+status,0+pclath+cstack]
   741                           
   742                           
   743                           ;main.c: 13: 
   744     0091  1283               	bcf	3,5	;RP0=0, select bank0
   745     0092  1303               	bcf	3,6	;RP1=0, select bank0
   746     0093  0188               	clrf	8	;volatile
   747                           
   748                           ;main.c: 14:     init_config();
   749     0094  1683               	bsf	3,5	;RP0=1, select bank1
   750     0095  1303               	bcf	3,6	;RP1=0, select bank1
   751     0096  0188               	clrf	8	;volatile
   752     0097                     l667:
   753                           
   754                           ;main.c: 16:     while (1) {
   755     0097  120A  118A  20B9  120A  118A  	fcall	_init_ext_int
   756     009C                     l669:
   757                           
   758                           ;main.c: 17: 
   759     009C  120A  118A  20B3  120A  118A  	fcall	_init_digital_keypad
   760     00A1                     l671:
   761                           
   762                           ;main.c: 19: 
   763     00A1  178B               	bsf	11,7	;volatile
   764     00A2                     l17:
   765     00A2  0008               	return
   766     00A3                     __end_of_init_config:
   767                           
   768                           	psect	text3
   769     00B9                     __ptext3:	
   770 ;; *************** function _init_ext_int *****************
   771 ;; Defined at:
   772 ;;		line 3 in file "external_interrupt.c"
   773 ;; Parameters:    Size  Location     Type
   774 ;;		None
   775 ;; Auto vars:     Size  Location     Type
   776 ;;		None
   777 ;; Return value:  Size  Location     Type
   778 ;;                  1    wreg      void 
   779 ;; Registers used:
   780 ;;		None
   781 ;; Tracked objects:
   782 ;;		On entry : 0/0
   783 ;;		On exit  : 0/0
   784 ;;		Unchanged: 0/0
   785 ;; Data sizes:     COMMON   BANK0   BANK1   BANK3   BANK2
   786 ;;      Params:         0       0       0       0       0
   787 ;;      Locals:         0       0       0       0       0
   788 ;;      Temps:          0       0       0       0       0
   789 ;;      Totals:         0       0       0       0       0
   790 ;;Total ram usage:        0 bytes
   791 ;; Hardware stack levels used: 1
   792 ;; Hardware stack levels required when called: 1
   793 ;; This function calls:
   794 ;;		Nothing
   795 ;; This function is called by:
   796 ;;		_init_config
   797 ;; This function uses a non-reentrant model
   798 ;;
   799                           
   800     00B9                     _init_ext_int:	
   801                           ;psect for function _init_ext_int
   802                           
   803     00B9                     l661:	
   804                           ;incstack = 0
   805                           ; Regs used in _init_ext_int: []
   806                           
   807                           
   808                           ;external_interrupt.c: 6:     INTEDG = 0;
   809     00B9  1683               	bsf	3,5	;RP0=1, select bank1
   810     00BA  1303               	bcf	3,6	;RP1=0, select bank1
   811     00BB  1301               	bcf	1,6	;volatile
   812                           
   813                           ;external_interrupt.c: 8:     INTE = 1;
   814     00BC  160B               	bsf	11,4	;volatile
   815     00BD                     l46:
   816     00BD  0008               	return
   817     00BE                     __end_of_init_ext_int:
   818                           
   819                           	psect	text4
   820     00B3                     __ptext4:	
   821 ;; *************** function _init_digital_keypad *****************
   822 ;; Defined at:
   823 ;;		line 4 in file "digital_keypad.c"
   824 ;; Parameters:    Size  Location     Type
   825 ;;		None
   826 ;; Auto vars:     Size  Location     Type
   827 ;;		None
   828 ;; Return value:  Size  Location     Type
   829 ;;                  1    wreg      void 
   830 ;; Registers used:
   831 ;;		wreg, status,2
   832 ;; Tracked objects:
   833 ;;		On entry : 0/0
   834 ;;		On exit  : 0/0
   835 ;;		Unchanged: 0/0
   836 ;; Data sizes:     COMMON   BANK0   BANK1   BANK3   BANK2
   837 ;;      Params:         0       0       0       0       0
   838 ;;      Locals:         0       0       0       0       0
   839 ;;      Temps:          0       0       0       0       0
   840 ;;      Totals:         0       0       0       0       0
   841 ;;Total ram usage:        0 bytes
   842 ;; Hardware stack levels used: 1
   843 ;; Hardware stack levels required when called: 1
   844 ;; This function calls:
   845 ;;		Nothing
   846 ;; This function is called by:
   847 ;;		_init_config
   848 ;; This function uses a non-reentrant model
   849 ;;
   850                           
   851     00B3                     _init_digital_keypad:	
   852                           ;psect for function _init_digital_keypad
   853                           
   854     00B3                     l663:	
   855                           ;incstack = 0
   856                           ; Regs used in _init_digital_keypad: [wreg+status,2]
   857                           
   858                           
   859                           ;digital_keypad.c: 7:     TRISB = TRISB | 0x3F;
   860     00B3  1683               	bsf	3,5	;RP0=1, select bank1
   861     00B4  1303               	bcf	3,6	;RP1=0, select bank1
   862     00B5  0806               	movf	6,w	;volatile
   863     00B6  383F               	iorlw	63
   864     00B7  0086               	movwf	6	;volatile
   865     00B8                     l53:
   866     00B8  0008               	return
   867     00B9                     __end_of_init_digital_keypad:
   868                           
   869                           	psect	text5
   870     00A3                     __ptext5:	
   871 ;; *************** function _isr *****************
   872 ;; Defined at:
   873 ;;		line 4 in file "isr.c"
   874 ;; Parameters:    Size  Location     Type
   875 ;;		None
   876 ;; Auto vars:     Size  Location     Type
   877 ;;		None
   878 ;; Return value:  Size  Location     Type
   879 ;;                  1    wreg      void 
   880 ;; Registers used:
   881 ;;		wreg
   882 ;; Tracked objects:
   883 ;;		On entry : 0/0
   884 ;;		On exit  : 0/0
   885 ;;		Unchanged: 0/0
   886 ;; Data sizes:     COMMON   BANK0   BANK1   BANK3   BANK2
   887 ;;      Params:         0       0       0       0       0
   888 ;;      Locals:         0       0       0       0       0
   889 ;;      Temps:          2       0       0       0       0
   890 ;;      Totals:         2       0       0       0       0
   891 ;;Total ram usage:        2 bytes
   892 ;; Hardware stack levels used: 1
   893 ;; This function calls:
   894 ;;		Nothing
   895 ;; This function is called by:
   896 ;;		Interrupt level 1
   897 ;; This function uses a non-reentrant model
   898 ;;
   899                           
   900     00A3                     _isr:	
   901                           ;psect for function _isr
   902                           
   903     00A3                     i1l655:
   904                           
   905                           ;isr.c: 6:     if (INTF == 1)
   906     00A3  1C8B               	btfss	11,1	;volatile
   907     00A4  28A6               	goto	u8_21
   908     00A5  28A7               	goto	u8_20
   909     00A6                     u8_21:
   910     00A6  28AC               	goto	i1l39
   911     00A7                     u8_20:
   912     00A7                     i1l657:
   913                           
   914                           ;isr.c: 7:     {;isr.c: 8:         RD0 = !RD0;
   915     00A7  3001               	movlw	1
   916     00A8  1283               	bcf	3,5	;RP0=0, select bank0
   917     00A9  1303               	bcf	3,6	;RP1=0, select bank0
   918     00AA  0688               	xorwf	8,f
   919     00AB                     i1l659:
   920                           
   921                           ;isr.c: 10:         INTF = 0;
   922     00AB  108B               	bcf	11,1	;volatile
   923     00AC                     i1l39:
   924     00AC  0871               	movf	??_isr+1,w
   925     00AD  008A               	movwf	10
   926     00AE  0E70               	swapf	??_isr,w
   927     00AF  0083               	movwf	3
   928     00B0  0EFE               	swapf	btemp,f
   929     00B1  0E7E               	swapf	btemp,w
   930     00B2  0009               	retfie
   931     00B3                     __end_of_isr:
   932     0002                     ___latbits      equ	2
   933     007E                     btemp           set	126	;btemp
   934     007E                     btemp0          set	126
   935     007F                     btemp1          set	127
   936     007E                     wtemp0          set	126
   937     007F                     wtemp0a         set	127
   938     007F                     ttemp0a         set	127
   939     0080                     ltemp0a         set	128
   940                           
   941                           	psect	intentry
   942     0004                     __pintentry:	
   943                           ;incstack = 0
   944                           ; Regs used in _isr: [wreg]
   945                           
   946     0004                     interrupt_function:
   947     007E                     saved_w         set	btemp
   948     0004  00FE               	movwf	btemp
   949     0005  0E03               	swapf	3,w
   950     0006  00F0               	movwf	??_isr
   951     0007  080A               	movf	10,w
   952     0008  00F1               	movwf	??_isr+1
   953     0009  120A  118A  28A3   	ljmp	_isr
   954                           
   955                           	psect	config
   956                           
   957                           ;Config register CONFIG @ 0x2007
   958                           ;	Oscillator Selection bits
   959                           ;	FOSC = 0x3, unprogrammed default
   960                           ;	Watchdog Timer Enable bit
   961                           ;	WDTE = OFF, WDT disabled
   962                           ;	Power-up Timer Enable bit
   963                           ;	PWRTE = 0x1, unprogrammed default
   964                           ;	Brown-out Reset Enable bit
   965                           ;	BOREN = 0x1, unprogrammed default
   966                           ;	Low-Voltage (Single-Supply) In-Circuit Serial Programming Enable bit
   967                           ;	LVP = 0x1, unprogrammed default
   968                           ;	Data EEPROM Memory Code Protection bit
   969                           ;	CPD = 0x1, unprogrammed default
   970                           ;	Flash Program Memory Write Enable bits
   971                           ;	WRT = 0x3, unprogrammed default
   972                           ;	In-Circuit Debugger Mode bit
   973                           ;	DEBUG = 0x1, unprogrammed default
   974                           ;	Flash Program Memory Code Protection bit
   975                           ;	CP = 0x1, unprogrammed default
   976     2007                     	org	8199
   977     2007  3FFB               	dw	16379

Data Sizes:
    Strings     0
    Constant    0
    Data        1
    BSS         0
    Persistent  0
    Stack       0

Auto Spaces:
    Space          Size  Autos    Used
    COMMON           14      8       9
    BANK0            80      5       5
    BANK1            80      0       0
    BANK3            96      0       0
    BANK2            96      0       0

Pointer List with Targets:

    None.

Critical Paths under _main in COMMON

    _main->_read_digital_keypad

Critical Paths under _isr in COMMON

    None.

Critical Paths under _main in BANK0

    None.

Critical Paths under _isr in BANK0

    None.

Critical Paths under _main in BANK1

    None.

Critical Paths under _isr in BANK1

    None.

Critical Paths under _main in BANK3

    None.

Critical Paths under _isr in BANK3

    None.

Critical Paths under _main in BANK2

    None.

Critical Paths under _isr in BANK2

    None.

Call Graph Tables:

 ---------------------------------------------------------------------------------
 (Depth) Function   	        Calls       Base Space   Used Autos Params    Refs
 ---------------------------------------------------------------------------------
 (0) _main                                                 9     9      0      75
                                              4 COMMON     4     4      0
                                              0 BANK0      5     5      0
                        _init_config
                _read_digital_keypad
 ---------------------------------------------------------------------------------
 (1) _read_digital_keypad                                  2     2      0      29
                                              2 COMMON     2     2      0
 ---------------------------------------------------------------------------------
 (1) _init_config                                          0     0      0       0
                _init_digital_keypad
                       _init_ext_int
 ---------------------------------------------------------------------------------
 (2) _init_ext_int                                         0     0      0       0
 ---------------------------------------------------------------------------------
 (2) _init_digital_keypad                                  0     0      0       0
 ---------------------------------------------------------------------------------
 Estimated maximum stack depth 2
 ---------------------------------------------------------------------------------
 (Depth) Function   	        Calls       Base Space   Used Autos Params    Refs
 ---------------------------------------------------------------------------------
 (3) _isr                                                  2     2      0       0
                                              0 COMMON     2     2      0
 ---------------------------------------------------------------------------------
 Estimated maximum stack depth 3
 ---------------------------------------------------------------------------------

 Call Graph Graphs:

 _main (ROOT)
   _init_config
     _init_digital_keypad
     _init_ext_int
   _read_digital_keypad

 _isr (ROOT)

Address spaces:
Name               Size   Autos  Total    Usage
BANK3               96      0       0      0.0%
BITBANK3            96      0       0      0.0%
BANK2               96      0       0      0.0%
BITBANK2            96      0       0      0.0%
BANK1               80      0       0      0.0%
BITBANK1            80      0       0      0.0%
BANK0               80      5       5      6.2%
BITBANK0            80      0       0      0.0%
COMMON              14      8       9     64.3%
BITCOMMON           14      0       0      0.0%
DATA                 0      0      14      0.0%
STACK                0      0       0      0.0%


Microchip Technology PIC Macro Assembler V3.10 build 20250813170317 
Symbol Table                                                                                   Sat May  2 11:16:25 2026

                         l22 001E                           l23 002F                           l17 00A2  
                         l53 00B8                           l46 00BD                           l59 0090  
                         u90 006D                           u91 006C                          l701 0019  
                        l703 0027                          l705 002D                          l707 0037  
                        l661 00B9                          l663 00B3                          l671 00A1  
                        l665 0091                          l681 0072                          l673 0068  
                        l667 0097                          l683 007D                          l675 006D  
                        l669 009C                          l685 0082                          l693 0084  
                        l695 008D                          l697 008F                          _GIE 005F  
                        _RD0 0040                          _RD1 0041                          u100 007D  
                        u101 007C                          u110 0082                          u111 0081  
                        u120 008D                          u121 008C                          u130 002D  
                        u131 002C                          u140 0055                          u150 0063  
                        u151 0062                          u145 0048                          u146 0049  
                        u147 004E                          u148 004F                          u149 0054  
                        _isr 00A3        ??_read_digital_keypad 0072                         ?_isr 0070  
                       _INTE 005C                         _INTF 0059                         i1l39 00AC  
                       u8_20 00A7                         u8_21 00A6                         _main 0019  
                       btemp 007E                         start 000C                        ??_isr 0070  
                      ?_main 0070                 ?_init_config 0070                        i1l655 00A3  
                      i1l657 00A7                        i1l659 00AB                        _PORTB 0006  
                      _PORTD 0008                        _TRISB 0086                        _TRISD 0088  
                      btemp0 007E                        btemp1 007F                        main@i 0020  
                      pclath 000A                        status 0003                        wtemp0 007E  
            __initialization 000F                 __end_of_main 0067                       ??_main 0074  
                     _INTEDG 040E                ?_init_ext_int 0070  __end_of_init_digital_keypad 00B9  
               __pdataCOMMON 0078                       ltemp0a 0080                       saved_w 007E  
                     ttemp0a 007F                       wtemp0a 007F      __end_of__initialization 0015  
             ??_init_ext_int 0072               __pcstackCOMMON 0070                   __pmaintext 0019  
                 __pintentry 0004  __end_of_read_digital_keypad 0091                      __ptext1 0067  
                    __ptext2 0091                      __ptext3 00B9                      __ptext4 00B3  
                    __ptext5 00A3         __end_of_init_ext_int 00BE                      main@key 0024  
       end_of_initialization 0015                __pidataCOMMON 00BE          start_initialization 000F  
                __end_of_isr 00B3                ??_init_config 0072                    ___latbits 0002  
              __pcstackBANK0 0020                 _init_ext_int 00B9          __end_of_init_config 00A3  
          interrupt_function 0004          _init_digital_keypad 00B3         ?_init_digital_keypad 0070  
                _init_config 0091      read_digital_keypad@mode 0073      read_digital_keypad@once 0078  
      ??_init_digital_keypad 0072                     intlevel1 0000          _read_digital_keypad 0067  
       ?_read_digital_keypad 0070  
