

Microchip MPLAB XC8 Assembler V3.10 build 20250813170317 
                                                                                               Thu Jun  4 16:05:16 2026

Microchip MPLAB XC8 C Compiler v3.10 (Free license) build 20250813170317 Og1 
     1                           	processor	16F877A
     2                           	pagewidth 120
     3                           	opt	flic
     4                           	psect	idataCOMMON,global,class=CODE,space=0,delta=2,noexec
     5                           	psect	cinit,global,class=CODE,space=0,merge=1,delta=2
     6                           	psect	bssCOMMON,global,class=COMMON,space=1,delta=1,noexec
     7                           	psect	dataCOMMON,global,class=COMMON,space=1,delta=1,noexec
     8                           	psect	cstackCOMMON,global,class=COMMON,space=1,delta=1,noexec
     9                           	psect	maintext,global,class=CODE,space=0,split=1,delta=2
    10                           	psect	text1,local,class=CODE,space=0,merge=1,delta=2
    11                           	psect	text2,local,class=CODE,space=0,merge=1,delta=2
    12                           	psect	text3,local,class=CODE,space=0,merge=1,delta=2
    13                           	psect	text4,local,class=CODE,space=0,merge=1,delta=2
    14                           	psect	idloc,global,abs,ovrld,class=IDLOC,space=5,delta=2,noexec
    15                           	psect	config,global,abs,ovrld,class=CONFIG,space=4,delta=2,noexec
    16                           	dabs	1,0x7E,2
    17     0000                     
    18                           ; Version 2.20
    19                           ; Generated 12/02/2020 GMT
    20                           ; 
    21                           ; Copyright © 2020, Microchip Technology Inc. and its subsidiaries ("Microchip")
    22                           ; All rights reserved.
    23                           ; 
    24                           ; This software is developed by Microchip Technology Inc. and its subsidiaries ("Microch
      +                          ip").
    25                           ; 
    26                           ; Redistribution and use in source and binary forms, with or without modification, are
    27                           ; permitted provided that the following conditions are met:
    28                           ; 
    29                           ;     1. Redistributions of source code must retain the above copyright notice, this lis
      +                          t of
    30                           ;        conditions and the following disclaimer.
    31                           ; 
    32                           ;     2. Redistributions in binary form must reproduce the above copyright notice, this 
      +                          list
    33                           ;        of conditions and the following disclaimer in the documentation and/or other
    34                           ;        materials provided with the distribution.
    35                           ; 
    36                           ;     3. Microchip's name may not be used to endorse or promote products derived from th
      +                          is
    37                           ;        software without specific prior written permission.
    38                           ; 
    39                           ; THIS SOFTWARE IS PROVIDED BY MICROCHIP "AS IS" AND ANY EXPRESS OR IMPLIED WARRANTIES,
    40                           ; INCLUDING, BUT NOT LIMITED TO, THE IMPLIED WARRANTIES OF MERCHANTABILITY AND FITNESS F
      +                          OR
    41                           ; PURPOSE ARE DISCLAIMED.  IN NO EVENT SHALL MICROCHIP BE LIABLE FOR ANY DIRECT, INDIREC
      +                          T,
    42                           ; INCIDENTAL, SPECIAL, EXEMPLARY, OR CONSEQUENTIAL DAMAGES (INCLUDING BUT NOT LIMITED TO
    43                           ; PROCUREMENT OF SUBSTITUTE GOODS OR SERVICES; LOSS OF USE, DATA OR PROFITS; OR BUSINESS
    44                           ; INTERRUPTION) HOWSOEVER CAUSED AND ON ANY THEORY OF LIABILITY, WHETHER IN CONTRACT, ST
      +                          RICT
    45                           ; LIABILITY, OR TORT (INCLUDING NEGLIGENCE OR OTHERWISE) ARISING IN ANY WAY OUT OF THE U
      +                          SE OF
    46                           ; THIS SOFTWARE, EVEN IF ADVISED OF THE POSSIBILITY OF SUCH DAMAGE.
    47                           ; 
    48                           ; 
    49                           ; Code-generator required, PIC16F877A Definitions
    50                           ; 
    51                           ; SFR Addresses
    52     0004                     fsr             equ	4
    53     0004                     fsr0            equ	4
    54     0000                     indf            equ	0
    55     0000                     indf0           equ	0
    56     0002                     pc              equ	2
    57     0002                     pcl             equ	2
    58     000A                     pclath          equ	10
    59     0003                     status          equ	3
    60     0000                     INDF            equ	0	;# 
    61     0001                     TMR0            equ	1	;# 
    62     0002                     PCL             equ	2	;# 
    63     0003                     STATUS          equ	3	;# 
    64     0004                     FSR             equ	4	;# 
    65     0005                     PORTA           equ	5	;# 
    66     0006                     PORTB           equ	6	;# 
    67     0007                     PORTC           equ	7	;# 
    68     0008                     PORTD           equ	8	;# 
    69     0009                     PORTE           equ	9	;# 
    70     000A                     PCLATH          equ	10	;# 
    71     000B                     INTCON          equ	11	;# 
    72     000C                     PIR1            equ	12	;# 
    73     000D                     PIR2            equ	13	;# 
    74     000E                     TMR1            equ	14	;# 
    75     000E                     TMR1L           equ	14	;# 
    76     000F                     TMR1H           equ	15	;# 
    77     0010                     T1CON           equ	16	;# 
    78     0011                     TMR2            equ	17	;# 
    79     0012                     T2CON           equ	18	;# 
    80     0013                     SSPBUF          equ	19	;# 
    81     0014                     SSPCON          equ	20	;# 
    82     0015                     CCPR1           equ	21	;# 
    83     0015                     CCPR1L          equ	21	;# 
    84     0016                     CCPR1H          equ	22	;# 
    85     0017                     CCP1CON         equ	23	;# 
    86     0018                     RCSTA           equ	24	;# 
    87     0019                     TXREG           equ	25	;# 
    88     001A                     RCREG           equ	26	;# 
    89     001B                     CCPR2           equ	27	;# 
    90     001B                     CCPR2L          equ	27	;# 
    91     001C                     CCPR2H          equ	28	;# 
    92     001D                     CCP2CON         equ	29	;# 
    93     001E                     ADRESH          equ	30	;# 
    94     001F                     ADCON0          equ	31	;# 
    95     0081                     OPTION_REG      equ	129	;# 
    96     0085                     TRISA           equ	133	;# 
    97     0086                     TRISB           equ	134	;# 
    98     0087                     TRISC           equ	135	;# 
    99     0088                     TRISD           equ	136	;# 
   100     0089                     TRISE           equ	137	;# 
   101     008C                     PIE1            equ	140	;# 
   102     008D                     PIE2            equ	141	;# 
   103     008E                     PCON            equ	142	;# 
   104     0091                     SSPCON2         equ	145	;# 
   105     0092                     PR2             equ	146	;# 
   106     0093                     SSPADD          equ	147	;# 
   107     0094                     SSPSTAT         equ	148	;# 
   108     0098                     TXSTA           equ	152	;# 
   109     0099                     SPBRG           equ	153	;# 
   110     009C                     CMCON           equ	156	;# 
   111     009D                     CVRCON          equ	157	;# 
   112     009E                     ADRESL          equ	158	;# 
   113     009F                     ADCON1          equ	159	;# 
   114     010C                     EEDATA          equ	268	;# 
   115     010D                     EEADR           equ	269	;# 
   116     010E                     EEDATH          equ	270	;# 
   117     010F                     EEADRH          equ	271	;# 
   118     018C                     EECON1          equ	396	;# 
   119     018D                     EECON2          equ	397	;# 
   120     0000                     INDF            equ	0	;# 
   121     0001                     TMR0            equ	1	;# 
   122     0002                     PCL             equ	2	;# 
   123     0003                     STATUS          equ	3	;# 
   124     0004                     FSR             equ	4	;# 
   125     0005                     PORTA           equ	5	;# 
   126     0006                     PORTB           equ	6	;# 
   127     0007                     PORTC           equ	7	;# 
   128     0008                     PORTD           equ	8	;# 
   129     0009                     PORTE           equ	9	;# 
   130     000A                     PCLATH          equ	10	;# 
   131     000B                     INTCON          equ	11	;# 
   132     000C                     PIR1            equ	12	;# 
   133     000D                     PIR2            equ	13	;# 
   134     000E                     TMR1            equ	14	;# 
   135     000E                     TMR1L           equ	14	;# 
   136     000F                     TMR1H           equ	15	;# 
   137     0010                     T1CON           equ	16	;# 
   138     0011                     TMR2            equ	17	;# 
   139     0012                     T2CON           equ	18	;# 
   140     0013                     SSPBUF          equ	19	;# 
   141     0014                     SSPCON          equ	20	;# 
   142     0015                     CCPR1           equ	21	;# 
   143     0015                     CCPR1L          equ	21	;# 
   144     0016                     CCPR1H          equ	22	;# 
   145     0017                     CCP1CON         equ	23	;# 
   146     0018                     RCSTA           equ	24	;# 
   147     0019                     TXREG           equ	25	;# 
   148     001A                     RCREG           equ	26	;# 
   149     001B                     CCPR2           equ	27	;# 
   150     001B                     CCPR2L          equ	27	;# 
   151     001C                     CCPR2H          equ	28	;# 
   152     001D                     CCP2CON         equ	29	;# 
   153     001E                     ADRESH          equ	30	;# 
   154     001F                     ADCON0          equ	31	;# 
   155     0081                     OPTION_REG      equ	129	;# 
   156     0085                     TRISA           equ	133	;# 
   157     0086                     TRISB           equ	134	;# 
   158     0087                     TRISC           equ	135	;# 
   159     0088                     TRISD           equ	136	;# 
   160     0089                     TRISE           equ	137	;# 
   161     008C                     PIE1            equ	140	;# 
   162     008D                     PIE2            equ	141	;# 
   163     008E                     PCON            equ	142	;# 
   164     0091                     SSPCON2         equ	145	;# 
   165     0092                     PR2             equ	146	;# 
   166     0093                     SSPADD          equ	147	;# 
   167     0094                     SSPSTAT         equ	148	;# 
   168     0098                     TXSTA           equ	152	;# 
   169     0099                     SPBRG           equ	153	;# 
   170     009C                     CMCON           equ	156	;# 
   171     009D                     CVRCON          equ	157	;# 
   172     009E                     ADRESL          equ	158	;# 
   173     009F                     ADCON1          equ	159	;# 
   174     010C                     EEDATA          equ	268	;# 
   175     010D                     EEADR           equ	269	;# 
   176     010E                     EEDATH          equ	270	;# 
   177     010F                     EEADRH          equ	271	;# 
   178     018C                     EECON1          equ	396	;# 
   179     018D                     EECON2          equ	397	;# 
   180     0000                     INDF            equ	0	;# 
   181     0001                     TMR0            equ	1	;# 
   182     0002                     PCL             equ	2	;# 
   183     0003                     STATUS          equ	3	;# 
   184     0004                     FSR             equ	4	;# 
   185     0005                     PORTA           equ	5	;# 
   186     0006                     PORTB           equ	6	;# 
   187     0007                     PORTC           equ	7	;# 
   188     0008                     PORTD           equ	8	;# 
   189     0009                     PORTE           equ	9	;# 
   190     000A                     PCLATH          equ	10	;# 
   191     000B                     INTCON          equ	11	;# 
   192     000C                     PIR1            equ	12	;# 
   193     000D                     PIR2            equ	13	;# 
   194     000E                     TMR1            equ	14	;# 
   195     000E                     TMR1L           equ	14	;# 
   196     000F                     TMR1H           equ	15	;# 
   197     0010                     T1CON           equ	16	;# 
   198     0011                     TMR2            equ	17	;# 
   199     0012                     T2CON           equ	18	;# 
   200     0013                     SSPBUF          equ	19	;# 
   201     0014                     SSPCON          equ	20	;# 
   202     0015                     CCPR1           equ	21	;# 
   203     0015                     CCPR1L          equ	21	;# 
   204     0016                     CCPR1H          equ	22	;# 
   205     0017                     CCP1CON         equ	23	;# 
   206     0018                     RCSTA           equ	24	;# 
   207     0019                     TXREG           equ	25	;# 
   208     001A                     RCREG           equ	26	;# 
   209     001B                     CCPR2           equ	27	;# 
   210     001B                     CCPR2L          equ	27	;# 
   211     001C                     CCPR2H          equ	28	;# 
   212     001D                     CCP2CON         equ	29	;# 
   213     001E                     ADRESH          equ	30	;# 
   214     001F                     ADCON0          equ	31	;# 
   215     0081                     OPTION_REG      equ	129	;# 
   216     0085                     TRISA           equ	133	;# 
   217     0086                     TRISB           equ	134	;# 
   218     0087                     TRISC           equ	135	;# 
   219     0088                     TRISD           equ	136	;# 
   220     0089                     TRISE           equ	137	;# 
   221     008C                     PIE1            equ	140	;# 
   222     008D                     PIE2            equ	141	;# 
   223     008E                     PCON            equ	142	;# 
   224     0091                     SSPCON2         equ	145	;# 
   225     0092                     PR2             equ	146	;# 
   226     0093                     SSPADD          equ	147	;# 
   227     0094                     SSPSTAT         equ	148	;# 
   228     0098                     TXSTA           equ	152	;# 
   229     0099                     SPBRG           equ	153	;# 
   230     009C                     CMCON           equ	156	;# 
   231     009D                     CVRCON          equ	157	;# 
   232     009E                     ADRESL          equ	158	;# 
   233     009F                     ADCON1          equ	159	;# 
   234     010C                     EEDATA          equ	268	;# 
   235     010D                     EEADR           equ	269	;# 
   236     010E                     EEDATH          equ	270	;# 
   237     010F                     EEADRH          equ	271	;# 
   238     018C                     EECON1          equ	396	;# 
   239     018D                     EECON2          equ	397	;# 
   240                           
   241                           	psect	idataCOMMON
   242     0741                     __pidataCOMMON:
   243                           
   244                           ;initializer for read_digital_keypad@once
   245     0741  3401               	retlw	1
   246                           
   247                           ;initializer for software_pwm@duty_cycle
   248     0742  3432               	retlw	50
   249     0006                     _PORTB          set	6
   250     0008                     _PORTD          set	8
   251     0040                     _RD0            set	64
   252     0086                     _TRISB          set	134
   253     0088                     _TRISD          set	136
   254                           
   255                           	psect	cinit
   256     07ED                     start_initialization:	
   257                           ; #config settings
   258                           
   259     07ED                     __initialization:
   260                           
   261                           ; Initialize objects allocated to COMMON
   262     07ED  120A  118A  2741  120A  118A  	fcall	__pidataCOMMON	;fetch initializer
   263     07F2  00F8               	movwf	__pdataCOMMON& (0+127)
   264     07F3  120A  118A  2742  120A  118A  	fcall	__pidataCOMMON+1	;fetch initializer
   265     07F8  00F9               	movwf	(__pdataCOMMON+1)& (0+127)
   266                           
   267                           ; Clear objects allocated to COMMON
   268     07F9  01F5               	clrf	__pbssCOMMON& (0+127)
   269     07FA  01F6               	clrf	(__pbssCOMMON+1)& (0+127)
   270     07FB  01F7               	clrf	(__pbssCOMMON+2)& (0+127)
   271     07FC                     end_of_initialization:	
   272                           ;End of C runtime variable initialization code
   273                           
   274     07FC                     __end_of__initialization:
   275     07FC  0183               	clrf	3
   276     07FD  120A  118A  2F55   	ljmp	_main	;jump to C main() function
   277                           
   278                           	psect	bssCOMMON
   279     0075                     __pbssCOMMON:
   280     0075                     software_pwm@wait:
   281     0075                     	ds	2
   282     0077                     software_pwm@loop_counter:
   283     0077                     	ds	1
   284                           
   285                           	psect	dataCOMMON
   286     0078                     __pdataCOMMON:
   287     0078                     read_digital_keypad@once:
   288     0078                     	ds	1
   289     0079                     software_pwm@duty_cycle:
   290     0079                     	ds	1
   291                           
   292                           	psect	cstackCOMMON
   293     0070                     __pcstackCOMMON:
   294     0070                     ?_init_digital_keypad:
   295     0070                     ?_read_digital_keypad:	
   296                           ; 1 bytes @ 0x0
   297                           
   298     0070                     ?_software_pwm:	
   299                           ; 1 bytes @ 0x0
   300                           
   301     0070                     ?_init_config:	
   302                           ; 1 bytes @ 0x0
   303                           
   304     0070                     ?_main:	
   305                           ; 1 bytes @ 0x0
   306                           
   307     0070                     software_pwm@key:	
   308                           ; 1 bytes @ 0x0
   309                           
   310     0070                     ??_init_digital_keypad:	
   311                           ; 1 bytes @ 0x0
   312                           
   313     0070                     ??_read_digital_keypad:	
   314                           ; 1 bytes @ 0x0
   315                           
   316     0070                     ??_software_pwm:	
   317                           ; 1 bytes @ 0x0
   318                           
   319     0070                     ??_init_config:	
   320                           ; 1 bytes @ 0x0
   321                           
   322                           
   323                           ; 1 bytes @ 0x0
   324     0070                     	ds	1
   325     0071                     read_digital_keypad@mode:
   326                           
   327                           ; 1 bytes @ 0x1
   328     0071                     	ds	1
   329     0072                     main@i:
   330     0072                     ??_main:	
   331                           ; 2 bytes @ 0x2
   332                           
   333                           
   334                           ; 1 bytes @ 0x2
   335     0072                     	ds	2
   336     0074                     main@key:
   337                           
   338                           ; 1 bytes @ 0x4
   339     0074                     	ds	1
   340                           
   341                           	psect	maintext
   342     0755                     __pmaintext:	
   343 ;;
   344 ;;Main: autosize = 0, tempsize = 0, incstack = 0, save=0
   345 ;;
   346 ;; *************** function _main *****************
   347 ;; Defined at:
   348 ;;		line 63 in file "main.c"
   349 ;; Parameters:    Size  Location     Type
   350 ;;		None
   351 ;; Auto vars:     Size  Location     Type
   352 ;;  i               2    2[COMMON] int 
   353 ;;  key             1    4[COMMON] unsigned char 
   354 ;; Return value:  Size  Location     Type
   355 ;;                  1    wreg      void 
   356 ;; Registers used:
   357 ;;		wreg, status,2, status,0, pclath, cstack
   358 ;; Tracked objects:
   359 ;;		On entry : B00/0
   360 ;;		On exit  : 0/0
   361 ;;		Unchanged: 0/0
   362 ;; Data sizes:     COMMON   BANK0   BANK1   BANK3   BANK2
   363 ;;      Params:         0       0       0       0       0
   364 ;;      Locals:         3       0       0       0       0
   365 ;;      Temps:          0       0       0       0       0
   366 ;;      Totals:         3       0       0       0       0
   367 ;;Total ram usage:        3 bytes
   368 ;; Hardware stack levels required when called: 2
   369 ;; This function calls:
   370 ;;		_init_config
   371 ;;		_read_digital_keypad
   372 ;;		_software_pwm
   373 ;; This function is called by:
   374 ;;		Startup code after reset
   375 ;; This function uses a non-reentrant model
   376 ;;
   377                           
   378     0755                     _main:	
   379                           ;psect for function _main
   380                           
   381     0755                     l663:	
   382                           ;incstack = 0
   383                           ; Regs used in _main: [wreg+status,2+status,0+pclath+cstack]
   384                           
   385                           
   386                           ;main.c: 64:         return;
   387     0755  120A  118A  2749  120A  118A  	fcall	_init_config
   388     075A                     l36:
   389     075A  3000               	movlw	0
   390     075B  120A  118A  277D  120A  118A  	fcall	_read_digital_keypad
   391     0760  00F4               	movwf	main@key
   392     0761  0874               	movf	main@key,w
   393     0762  120A  118A  27A7  120A  118A  	fcall	_software_pwm
   394     0767                     l665:
   395     0767  3010               	movlw	16
   396     0768  00F2               	movwf	main@i
   397     0769  3027               	movlw	39
   398     076A  00F3               	movwf	main@i+1
   399     076B                     l667:
   400     076B  30FF               	movlw	255
   401     076C  07F2               	addwf	main@i,f
   402     076D  1803               	skipnc
   403     076E  0AF3               	incf	main@i+1,f
   404     076F  30FF               	movlw	255
   405     0770  07F3               	addwf	main@i+1,f
   406     0771  0A72               	incf	main@i,w
   407     0772  1D03               	skipz
   408     0773  2F78               	goto	u121
   409     0774  0A73               	incf	main@i+1,w
   410     0775  1D03               	btfss	3,2
   411     0776  2F78               	goto	u121
   412     0777  2F79               	goto	u120
   413     0778                     u121:
   414     0778  2F6B               	goto	l667
   415     0779                     u120:
   416     0779  2F5A               	goto	l36
   417     077A  120A  118A  2800   	ljmp	start
   418     077D                     __end_of_main:
   419                           
   420                           	psect	text1
   421     07A7                     __ptext1:	
   422 ;; *************** function _software_pwm *****************
   423 ;; Defined at:
   424 ;;		line 13 in file "main.c"
   425 ;; Parameters:    Size  Location     Type
   426 ;;  key             1    wreg     unsigned char 
   427 ;; Auto vars:     Size  Location     Type
   428 ;;  key             1    0[COMMON] unsigned char 
   429 ;; Return value:  Size  Location     Type
   430 ;;                  1    wreg      void 
   431 ;; Registers used:
   432 ;;		wreg, status,2, status,0
   433 ;; Tracked objects:
   434 ;;		On entry : 0/0
   435 ;;		On exit  : 0/0
   436 ;;		Unchanged: 0/0
   437 ;; Data sizes:     COMMON   BANK0   BANK1   BANK3   BANK2
   438 ;;      Params:         0       0       0       0       0
   439 ;;      Locals:         1       0       0       0       0
   440 ;;      Temps:          0       0       0       0       0
   441 ;;      Totals:         1       0       0       0       0
   442 ;;Total ram usage:        1 bytes
   443 ;; Hardware stack levels used: 1
   444 ;; This function calls:
   445 ;;		Nothing
   446 ;; This function is called by:
   447 ;;		_main
   448 ;; This function uses a non-reentrant model
   449 ;;
   450                           
   451     07A7                     _software_pwm:	
   452                           ;psect for function _software_pwm
   453                           
   454                           
   455                           ;incstack = 0
   456                           ; Regs used in _software_pwm: [wreg+status,2+status,0]
   457                           ;software_pwm@key stored from wreg
   458     07A7  00F0               	movwf	software_pwm@key
   459     07A8                     l605:
   460                           
   461                           ;main.c: 13:             {;main.c: 14:                 if (duty_cycle != 100);main.c: 15
      +                          :                 {;main.c: 16:                     duty_cycle++;;main.c: 17:           
      +                                };main.c: 19:             else if (key == 0x3D)
   462     07A8  3001               	movlw	1
   463     07A9  02F5               	subwf	software_pwm@wait,f
   464     07AA  3000               	movlw	0
   465     07AB  1C03               	skipc
   466     07AC  03F6               	decf	software_pwm@wait+1,f
   467     07AD  02F6               	subwf	software_pwm@wait+1,f
   468     07AE  0A75               	incf	software_pwm@wait,w
   469     07AF  1D03               	skipz
   470     07B0  2FB5               	goto	u11
   471     07B1  0A76               	incf	software_pwm@wait+1,w
   472     07B2  1D03               	btfss	3,2
   473     07B3  2FB5               	goto	u11
   474     07B4  2FB6               	goto	u10
   475     07B5                     u11:
   476     07B5  2FD6               	goto	l621
   477     07B6                     u10:
   478     07B6                     l607:
   479                           
   480                           ;main.c: 20:             {;main.c: 21:                 if (duty_cycle != 0)
   481     07B6  30F4               	movlw	244
   482     07B7  00F5               	movwf	software_pwm@wait
   483     07B8  3001               	movlw	1
   484     07B9  00F6               	movwf	software_pwm@wait+1
   485     07BA                     l609:
   486                           
   487                           ;main.c: 23:                     duty_cycle--;
   488     07BA  303E               	movlw	62
   489     07BB  0670               	xorwf	software_pwm@key,w
   490     07BC  1D03               	btfss	3,2
   491     07BD  2FBF               	goto	u21
   492     07BE  2FC0               	goto	u20
   493     07BF                     u21:
   494     07BF  2FC9               	goto	l615
   495     07C0                     u20:
   496     07C0                     l611:
   497                           
   498                           ;main.c: 24:                 };main.c: 25:             }
   499     07C0  3064               	movlw	100
   500     07C1  0679               	xorwf	software_pwm@duty_cycle,w
   501     07C2  1903               	btfsc	3,2
   502     07C3  2FC5               	goto	u31
   503     07C4  2FC6               	goto	u30
   504     07C5                     u31:
   505     07C5  2FD6               	goto	l621
   506     07C6                     u30:
   507     07C6                     l613:
   508                           
   509                           ;main.c: 26:         };main.c: 27: 
   510     07C6  3001               	movlw	1
   511     07C7  07F9               	addwf	software_pwm@duty_cycle,f
   512     07C8  2FD6               	goto	l621
   513     07C9                     l615:
   514     07C9  303D               	movlw	61
   515     07CA  0670               	xorwf	software_pwm@key,w
   516     07CB  1D03               	btfss	3,2
   517     07CC  2FCE               	goto	u41
   518     07CD  2FCF               	goto	u40
   519     07CE                     u41:
   520     07CE  2FD6               	goto	l621
   521     07CF                     u40:
   522     07CF                     l617:
   523                           
   524                           ;main.c: 31:         };main.c: 32:         else
   525     07CF  0879               	movf	software_pwm@duty_cycle,w
   526     07D0  1903               	btfsc	3,2
   527     07D1  2FD3               	goto	u51
   528     07D2  2FD4               	goto	u50
   529     07D3                     u51:
   530     07D3  2FD6               	goto	l621
   531     07D4                     u50:
   532     07D4                     l619:
   533                           
   534                           ;main.c: 33:         {;main.c: 34:             RD0 = 0;
   535     07D4  3001               	movlw	1
   536     07D5  02F9               	subwf	software_pwm@duty_cycle,f
   537     07D6                     l621:
   538                           
   539                           ;main.c: 39:             loop_counter = 0;
   540     07D6  0877               	movf	software_pwm@loop_counter,w
   541     07D7  0279               	subwf	software_pwm@duty_cycle,w
   542     07D8  1C03               	skipc
   543     07D9  2FDB               	goto	u61
   544     07DA  2FDC               	goto	u60
   545     07DB                     u61:
   546     07DB  2FE0               	goto	l25
   547     07DC                     u60:
   548     07DC                     l623:
   549                           
   550                           ;main.c: 40:         };main.c: 41: 
   551     07DC  1283               	bcf	3,5	;RP0=0, select bank0
   552     07DD  1303               	bcf	3,6	;RP1=0, select bank0
   553     07DE  1408               	bsf	8,0	;volatile
   554                           
   555                           ;main.c: 42:         loop_counter++;
   556     07DF  2FE3               	goto	l625
   557     07E0                     l25:	
   558                           ;main.c: 43:     }
   559                           
   560                           
   561                           ;main.c: 44: ;main.c: 45:     static void init_config(void) {
   562     07E0  1283               	bcf	3,5	;RP0=0, select bank0
   563     07E1  1303               	bcf	3,6	;RP1=0, select bank0
   564     07E2  1008               	bcf	8,0	;volatile
   565     07E3                     l625:
   566                           
   567                           ;main.c: 48: 
   568     07E3  3064               	movlw	100
   569     07E4  0677               	xorwf	software_pwm@loop_counter,w
   570     07E5  1D03               	btfss	3,2
   571     07E6  2FE8               	goto	u71
   572     07E7  2FE9               	goto	u70
   573     07E8                     u71:
   574     07E8  2FEA               	goto	l629
   575     07E9                     u70:
   576     07E9                     l627:
   577                           
   578                           ;main.c: 49:         init_digital_keypad();;main.c: 50:     }
   579     07E9  01F7               	clrf	software_pwm@loop_counter
   580     07EA                     l629:
   581                           
   582                           ;main.c: 53:         unsigned char key;
   583     07EA  3001               	movlw	1
   584     07EB  07F7               	addwf	software_pwm@loop_counter,f
   585     07EC                     l28:
   586     07EC  0008               	return
   587     07ED                     __end_of_software_pwm:
   588                           
   589                           	psect	text2
   590     077D                     __ptext2:	
   591 ;; *************** function _read_digital_keypad *****************
   592 ;; Defined at:
   593 ;;		line 10 in file "digital_keypad.c"
   594 ;; Parameters:    Size  Location     Type
   595 ;;  mode            1    wreg     unsigned char 
   596 ;; Auto vars:     Size  Location     Type
   597 ;;  mode            1    1[COMMON] unsigned char 
   598 ;; Return value:  Size  Location     Type
   599 ;;                  1    wreg      unsigned char 
   600 ;; Registers used:
   601 ;;		wreg, status,2, status,0
   602 ;; Tracked objects:
   603 ;;		On entry : 0/0
   604 ;;		On exit  : 0/0
   605 ;;		Unchanged: 0/0
   606 ;; Data sizes:     COMMON   BANK0   BANK1   BANK3   BANK2
   607 ;;      Params:         0       0       0       0       0
   608 ;;      Locals:         1       0       0       0       0
   609 ;;      Temps:          1       0       0       0       0
   610 ;;      Totals:         2       0       0       0       0
   611 ;;Total ram usage:        2 bytes
   612 ;; Hardware stack levels used: 1
   613 ;; This function calls:
   614 ;;		Nothing
   615 ;; This function is called by:
   616 ;;		_main
   617 ;; This function uses a non-reentrant model
   618 ;;
   619                           
   620     077D                     _read_digital_keypad:	
   621                           ;psect for function _read_digital_keypad
   622                           
   623                           
   624                           ;incstack = 0
   625                           ; Regs used in _read_digital_keypad: [wreg+status,2+status,0]
   626                           ;read_digital_keypad@mode stored from wreg
   627     077D  00F1               	movwf	read_digital_keypad@mode
   628     077E                     l635:
   629                           
   630                           ;digital_keypad.c: 10: unsigned char read_digital_keypad(unsigned char mode);digital_key
      +                          pad.c: 11: {;digital_keypad.c: 12:     static unsigned char once = 1;;digital_keypad.c: 
      +                          14:     if (mode == 0)
   631     077E  0871               	movf	read_digital_keypad@mode,w
   632     077F  1D03               	btfss	3,2
   633     0780  2F82               	goto	u81
   634     0781  2F83               	goto	u80
   635     0782                     u81:
   636     0782  2F88               	goto	l643
   637     0783                     u80:
   638     0783                     l637:
   639                           
   640                           ;digital_keypad.c: 15:     {;digital_keypad.c: 16:         return PORTB & 0x3F;
   641     0783  1283               	bcf	3,5	;RP0=0, select bank0
   642     0784  1303               	bcf	3,6	;RP1=0, select bank0
   643     0785  0806               	movf	6,w	;volatile
   644     0786  393F               	andlw	63
   645     0787  2FA6               	goto	l55
   646     0788                     l643:
   647                           
   648                           ;digital_keypad.c: 19:     {;digital_keypad.c: 20:         if (((PORTB & 0x3F) != 0x3F) 
      +                          && once)
   649     0788  303F               	movlw	63
   650     0789  1283               	bcf	3,5	;RP0=0, select bank0
   651     078A  1303               	bcf	3,6	;RP1=0, select bank0
   652     078B  0506               	andwf	6,w	;volatile
   653     078C  00F0               	movwf	??_read_digital_keypad
   654     078D  303F               	movlw	63
   655     078E  0670               	xorwf	??_read_digital_keypad,w
   656     078F  1903               	btfsc	3,2
   657     0790  2F92               	goto	u91
   658     0791  2F93               	goto	u90
   659     0792                     u91:
   660     0792  2F9A               	goto	l655
   661     0793                     u90:
   662     0793                     l645:
   663     0793  0878               	movf	read_digital_keypad@once,w
   664     0794  1903               	btfsc	3,2
   665     0795  2F97               	goto	u101
   666     0796  2F98               	goto	u100
   667     0797                     u101:
   668     0797  2F9A               	goto	l655
   669     0798                     u100:
   670     0798                     l647:
   671                           
   672                           ;digital_keypad.c: 21:         {;digital_keypad.c: 22:             once = 0;
   673     0798  01F8               	clrf	read_digital_keypad@once
   674     0799  2F83               	goto	l637
   675     079A                     l655:
   676     079A  303F               	movlw	63
   677     079B  0506               	andwf	6,w	;volatile
   678     079C  00F0               	movwf	??_read_digital_keypad
   679     079D  303F               	movlw	63
   680     079E  0670               	xorwf	??_read_digital_keypad,w
   681     079F  1D03               	btfss	3,2
   682     07A0  2FA2               	goto	u111
   683     07A1  2FA3               	goto	u110
   684     07A2                     u111:
   685     07A2  2FA5               	goto	l659
   686     07A3                     u110:
   687     07A3                     l657:
   688                           
   689                           ;digital_keypad.c: 27:         {;digital_keypad.c: 28:             once = 1;
   690     07A3  3001               	movlw	1
   691     07A4  00F8               	movwf	read_digital_keypad@once
   692     07A5                     l659:
   693                           
   694                           ;digital_keypad.c: 32:     return 0x3F;
   695     07A5  303F               	movlw	63
   696     07A6                     l55:
   697     07A6  0008               	return
   698     07A7                     __end_of_read_digital_keypad:
   699                           
   700                           	psect	text3
   701     0749                     __ptext3:	
   702 ;; *************** function _init_config *****************
   703 ;; Defined at:
   704 ;;		line 56 in file "main.c"
   705 ;; Parameters:    Size  Location     Type
   706 ;;		None
   707 ;; Auto vars:     Size  Location     Type
   708 ;;		None
   709 ;; Return value:  Size  Location     Type
   710 ;;                  1    wreg      void 
   711 ;; Registers used:
   712 ;;		wreg, status,2, status,0, pclath, cstack
   713 ;; Tracked objects:
   714 ;;		On entry : 0/0
   715 ;;		On exit  : 0/0
   716 ;;		Unchanged: 0/0
   717 ;; Data sizes:     COMMON   BANK0   BANK1   BANK3   BANK2
   718 ;;      Params:         0       0       0       0       0
   719 ;;      Locals:         0       0       0       0       0
   720 ;;      Temps:          0       0       0       0       0
   721 ;;      Totals:         0       0       0       0       0
   722 ;;Total ram usage:        0 bytes
   723 ;; Hardware stack levels used: 1
   724 ;; Hardware stack levels required when called: 1
   725 ;; This function calls:
   726 ;;		_init_digital_keypad
   727 ;; This function is called by:
   728 ;;		_main
   729 ;; This function uses a non-reentrant model
   730 ;;
   731                           
   732     0749                     _init_config:	
   733                           ;psect for function _init_config
   734                           
   735     0749                     l631:	
   736                           ;incstack = 0
   737                           ; Regs used in _init_config: [wreg+status,2+status,0+pclath+cstack]
   738                           
   739                           
   740                           ;main.c: 57:         while (1) {
   741     0749  1283               	bcf	3,5	;RP0=0, select bank0
   742     074A  1303               	bcf	3,6	;RP1=0, select bank0
   743     074B  0188               	clrf	8	;volatile
   744                           
   745                           ;main.c: 58:             key = read_digital_keypad(0);
   746     074C  1683               	bsf	3,5	;RP0=1, select bank1
   747     074D  1303               	bcf	3,6	;RP1=0, select bank1
   748     074E  0188               	clrf	8	;volatile
   749     074F                     l633:
   750                           
   751                           ;main.c: 60:             software_pwm(key);
   752     074F  120A  118A  2743  120A  118A  	fcall	_init_digital_keypad
   753     0754                     l31:
   754     0754  0008               	return
   755     0755                     __end_of_init_config:
   756                           
   757                           	psect	text4
   758     0743                     __ptext4:	
   759 ;; *************** function _init_digital_keypad *****************
   760 ;; Defined at:
   761 ;;		line 4 in file "digital_keypad.c"
   762 ;; Parameters:    Size  Location     Type
   763 ;;		None
   764 ;; Auto vars:     Size  Location     Type
   765 ;;		None
   766 ;; Return value:  Size  Location     Type
   767 ;;                  1    wreg      void 
   768 ;; Registers used:
   769 ;;		wreg, status,2
   770 ;; Tracked objects:
   771 ;;		On entry : 0/0
   772 ;;		On exit  : 0/0
   773 ;;		Unchanged: 0/0
   774 ;; Data sizes:     COMMON   BANK0   BANK1   BANK3   BANK2
   775 ;;      Params:         0       0       0       0       0
   776 ;;      Locals:         0       0       0       0       0
   777 ;;      Temps:          0       0       0       0       0
   778 ;;      Totals:         0       0       0       0       0
   779 ;;Total ram usage:        0 bytes
   780 ;; Hardware stack levels used: 1
   781 ;; This function calls:
   782 ;;		Nothing
   783 ;; This function is called by:
   784 ;;		_init_config
   785 ;; This function uses a non-reentrant model
   786 ;;
   787                           
   788     0743                     _init_digital_keypad:	
   789                           ;psect for function _init_digital_keypad
   790                           
   791     0743                     l603:	
   792                           ;incstack = 0
   793                           ; Regs used in _init_digital_keypad: [wreg+status,2]
   794                           
   795                           
   796                           ;digital_keypad.c: 7:     TRISB = TRISB | 0x3F;
   797     0743  1683               	bsf	3,5	;RP0=1, select bank1
   798     0744  1303               	bcf	3,6	;RP1=0, select bank1
   799     0745  0806               	movf	6,w	;volatile
   800     0746  383F               	iorlw	63
   801     0747  0086               	movwf	6	;volatile
   802     0748                     l49:
   803     0748  0008               	return
   804     0749                     __end_of_init_digital_keypad:
   805     0002                     ___latbits      equ	2
   806     007E                     btemp           set	126	;btemp
   807     007E                     btemp0          set	126
   808     007F                     btemp1          set	127
   809     007E                     wtemp0          set	126
   810     007F                     wtemp0a         set	127
   811     007F                     ttemp0a         set	127
   812     0080                     ltemp0a         set	128
   813                           
   814                           	psect	idloc
   815                           
   816                           ;Config register IDLOC0 @ 0x2000
   817                           ;	unspecified, using default values
   818     2000                     	org	8192
   819     2000  3FFF               	dw	16383
   820                           
   821                           ;Config register IDLOC1 @ 0x2001
   822                           ;	unspecified, using default values
   823     2001                     	org	8193
   824     2001  3FFF               	dw	16383
   825                           
   826                           ;Config register IDLOC2 @ 0x2002
   827                           ;	unspecified, using default values
   828     2002                     	org	8194
   829     2002  3FFF               	dw	16383
   830                           
   831                           ;Config register IDLOC3 @ 0x2003
   832                           ;	unspecified, using default values
   833     2003                     	org	8195
   834     2003  3FFF               	dw	16383
   835                           
   836                           	psect	config
   837                           
   838                           ;Config register CONFIG @ 0x2007
   839                           ;	Oscillator Selection bits
   840                           ;	FOSC = 0x3, unprogrammed default
   841                           ;	Watchdog Timer Enable bit
   842                           ;	WDTE = OFF, WDT disabled
   843                           ;	Power-up Timer Enable bit
   844                           ;	PWRTE = 0x1, unprogrammed default
   845                           ;	Brown-out Reset Enable bit
   846                           ;	BOREN = 0x1, unprogrammed default
   847                           ;	Low-Voltage (Single-Supply) In-Circuit Serial Programming Enable bit
   848                           ;	LVP = 0x1, unprogrammed default
   849                           ;	Data EEPROM Memory Code Protection bit
   850                           ;	CPD = 0x1, unprogrammed default
   851                           ;	Flash Program Memory Write Enable bits
   852                           ;	WRT = 0x3, unprogrammed default
   853                           ;	In-Circuit Debugger Mode bit
   854                           ;	DEBUG = 0x1, unprogrammed default
   855                           ;	Flash Program Memory Code Protection bit
   856                           ;	CP = 0x1, unprogrammed default
   857     2007                     	org	8199
   858     2007  3FFB               	dw	16379

Data Sizes:
    Strings     0
    Constant    0
    Data        2
    BSS         3
    Persistent  0
    Stack       0

Auto Spaces:
    Space          Size  Autos    Used
    COMMON           14      5      10
    BANK0            80      0       0
    BANK1            80      0       0
    BANK3            96      0       0
    BANK2            96      0       0

Pointer List with Targets:

    None.

Critical Paths under _main in COMMON

    _main->_read_digital_keypad

Critical Paths under _main in BANK0

    None.

Critical Paths under _main in BANK1

    None.

Critical Paths under _main in BANK3

    None.

Critical Paths under _main in BANK2

    None.

Call Graph Tables:

 ---------------------------------------------------------------------------------
 (Depth) Function   	        Calls       Base Space   Used Autos Params    Refs
 ---------------------------------------------------------------------------------
 (0) _main                                                 3     3      0      75
                                              2 COMMON     3     3      0
                        _init_config
                _read_digital_keypad
                       _software_pwm
 ---------------------------------------------------------------------------------
 (1) _software_pwm                                         1     1      0      30
                                              0 COMMON     1     1      0
 ---------------------------------------------------------------------------------
 (1) _read_digital_keypad                                  2     2      0      15
                                              0 COMMON     2     2      0
 ---------------------------------------------------------------------------------
 (1) _init_config                                          0     0      0       0
                _init_digital_keypad
 ---------------------------------------------------------------------------------
 (2) _init_digital_keypad                                  0     0      0       0
 ---------------------------------------------------------------------------------
 Estimated maximum stack depth 2
 ---------------------------------------------------------------------------------

 Call Graph Graphs:

 _main (ROOT)
   _init_config
     _init_digital_keypad
   _read_digital_keypad
   _software_pwm

Address spaces:
Name               Size   Autos  Total    Usage
BANK3               96      0       0      0.0%
BITBANK3            96      0       0      0.0%
BANK2               96      0       0      0.0%
BITBANK2            96      0       0      0.0%
BANK1               80      0       0      0.0%
BITBANK1            80      0       0      0.0%
BANK0               80      0       0      0.0%
BITBANK0            80      0       0      0.0%
COMMON              14      5      10     71.4%
BITCOMMON           14      0       0      0.0%
DATA                 0      0      10      0.0%
STACK                0      0       0      0.0%


Microchip Technology PIC Macro Assembler V3.10 build 20250813170317 
Symbol Table                                                                                   Thu Jun  4 16:05:16 2026

                         l31 0754                           l25 07E0                           l28 07EC  
                         l36 075A                           l55 07A6                           l49 0748  
                         u10 07B6                           u11 07B5                           u20 07C0  
                         u21 07BF                           u30 07C6                           u31 07C5  
                         u40 07CF                           u41 07CE                           u50 07D4  
                         u51 07D3                           u60 07DC                           u61 07DB  
                         u70 07E9                           u71 07E8                           u80 0783  
                         u81 0782                           u90 0793                           u91 0792  
                        l603 0743                          l611 07C0                          l613 07C6  
                        l621 07D6                          l605 07A8                          l631 0749  
                        l623 07DC                          l615 07C9                          l607 07B6  
                        l633 074F                          l625 07E3                          l617 07CF  
                        l609 07BA                          l643 0788                          l635 077E  
                        l627 07E9                          l619 07D4                          l645 0793  
                        l637 0783                          l629 07EA                          l647 0798  
                        l655 079A                          l663 0755                          l657 07A3  
                        l665 0767                          l659 07A5                          l667 076B  
                        _RD0 0040                          u100 0798                          u101 0797  
                        u110 07A3                          u111 07A2                          u120 0779  
                        u121 0778                 _software_pwm 07A7        ??_read_digital_keypad 0070  
           software_pwm@wait 0075                         _main 0755                         btemp 007E  
                       start 0000                        ?_main 0070                 ?_init_config 0070  
                      _PORTB 0006                        _PORTD 0008                        _TRISB 0086  
                      _TRISD 0088                        btemp0 007E                        btemp1 007F  
                      main@i 0072                        status 0003                        wtemp0 007E  
            __initialization 07ED                 __end_of_main 077D                       ??_main 0072  
__end_of_init_digital_keypad 0749                 __pdataCOMMON 0078                       ltemp0a 0080  
                     ttemp0a 007F                       wtemp0a 007F      __end_of__initialization 07FC  
             __pcstackCOMMON 0070                   __pmaintext 0755  __end_of_read_digital_keypad 07A7  
                    __ptext1 07A7                      __ptext2 077D                      __ptext3 0749  
                    __ptext4 0743                      main@key 0074         end_of_initialization 07FC  
            software_pwm@key 0070                __pidataCOMMON 0741                ?_software_pwm 0070  
        start_initialization 07ED                ??_init_config 0070               ??_software_pwm 0070  
                __pbssCOMMON 0075                    ___latbits 0002          __end_of_init_config 0755  
     software_pwm@duty_cycle 0079          _init_digital_keypad 0743         __end_of_software_pwm 07ED  
       ?_init_digital_keypad 0070                  _init_config 0749      read_digital_keypad@mode 0071  
    read_digital_keypad@once 0078        ??_init_digital_keypad 0070     software_pwm@loop_counter 0077  
        _read_digital_keypad 077D         ?_read_digital_keypad 0070  
