

Microchip MPLAB XC8 Assembler V3.10 build 20250813170317 
                                                                                               Fri Jun 26 13:31:35 2026

Microchip MPLAB XC8 C Compiler v3.10 (Free license) build 20250813170317 Og1 
     1                           	processor	16F877A
     2                           	pagewidth 120
     3                           	opt	flic
     4                           	psect	strings,global,class=STRING,space=0,delta=2,noexec
     5                           	psect	cinit,global,class=CODE,space=0,merge=1,delta=2
     6                           	psect	cstackCOMMON,global,class=COMMON,space=1,delta=1,noexec
     7                           	psect	maintext,global,class=CODE,space=0,split=1,delta=2
     8                           	psect	text1,local,class=CODE,space=0,merge=1,delta=2
     9                           	psect	text2,local,class=CODE,space=0,merge=1,delta=2
    10                           	psect	text3,local,class=CODE,space=0,merge=1,delta=2
    11                           	psect	text4,local,class=CODE,space=0,merge=1,delta=2
    12                           	psect	text5,local,class=CODE,space=0,merge=1,delta=2
    13                           	psect	text6,local,class=CODE,space=0,merge=1,delta=2
    14                           	psect	idloc,global,abs,ovrld,class=IDLOC,space=5,delta=2,noexec
    15                           	psect	config,global,abs,ovrld,class=CONFIG,space=4,delta=2,noexec
    16                           	dabs	1,0x7E,2
    17     0000                     
    18                           ; Version 2.20
    19                           ; Generated 12/02/2020 GMT
    20                           ; 
    21                           ; Copyright © 2020, Microchip Technology Inc. and its subsidiaries ("Microchip")
    22                           ; All rights reserved.
    23                           ; 
    24                           ; This software is developed by Microchip Technology Inc. and its subsidiaries ("Microch
      +                          ip").
    25                           ; 
    26                           ; Redistribution and use in source and binary forms, with or without modification, are
    27                           ; permitted provided that the following conditions are met:
    28                           ; 
    29                           ;     1. Redistributions of source code must retain the above copyright notice, this lis
      +                          t of
    30                           ;        conditions and the following disclaimer.
    31                           ; 
    32                           ;     2. Redistributions in binary form must reproduce the above copyright notice, this 
      +                          list
    33                           ;        of conditions and the following disclaimer in the documentation and/or other
    34                           ;        materials provided with the distribution.
    35                           ; 
    36                           ;     3. Microchip's name may not be used to endorse or promote products derived from th
      +                          is
    37                           ;        software without specific prior written permission.
    38                           ; 
    39                           ; THIS SOFTWARE IS PROVIDED BY MICROCHIP "AS IS" AND ANY EXPRESS OR IMPLIED WARRANTIES,
    40                           ; INCLUDING, BUT NOT LIMITED TO, THE IMPLIED WARRANTIES OF MERCHANTABILITY AND FITNESS F
      +                          OR
    41                           ; PURPOSE ARE DISCLAIMED.  IN NO EVENT SHALL MICROCHIP BE LIABLE FOR ANY DIRECT, INDIREC
      +                          T,
    42                           ; INCIDENTAL, SPECIAL, EXEMPLARY, OR CONSEQUENTIAL DAMAGES (INCLUDING BUT NOT LIMITED TO
    43                           ; PROCUREMENT OF SUBSTITUTE GOODS OR SERVICES; LOSS OF USE, DATA OR PROFITS; OR BUSINESS
    44                           ; INTERRUPTION) HOWSOEVER CAUSED AND ON ANY THEORY OF LIABILITY, WHETHER IN CONTRACT, ST
      +                          RICT
    45                           ; LIABILITY, OR TORT (INCLUDING NEGLIGENCE OR OTHERWISE) ARISING IN ANY WAY OUT OF THE U
      +                          SE OF
    46                           ; THIS SOFTWARE, EVEN IF ADVISED OF THE POSSIBILITY OF SUCH DAMAGE.
    47                           ; 
    48                           ; 
    49                           ; Code-generator required, PIC16F877A Definitions
    50                           ; 
    51                           ; SFR Addresses
    52     0004                     fsr             equ	4
    53     0004                     fsr0            equ	4
    54     0000                     indf            equ	0
    55     0000                     indf0           equ	0
    56     0002                     pc              equ	2
    57     0002                     pcl             equ	2
    58     000A                     pclath          equ	10
    59     0003                     status          equ	3
    60     0000                     INDF            equ	0	;# 
    61     0001                     TMR0            equ	1	;# 
    62     0002                     PCL             equ	2	;# 
    63     0003                     STATUS          equ	3	;# 
    64     0004                     FSR             equ	4	;# 
    65     0005                     PORTA           equ	5	;# 
    66     0006                     PORTB           equ	6	;# 
    67     0007                     PORTC           equ	7	;# 
    68     0008                     PORTD           equ	8	;# 
    69     0009                     PORTE           equ	9	;# 
    70     000A                     PCLATH          equ	10	;# 
    71     000B                     INTCON          equ	11	;# 
    72     000C                     PIR1            equ	12	;# 
    73     000D                     PIR2            equ	13	;# 
    74     000E                     TMR1            equ	14	;# 
    75     000E                     TMR1L           equ	14	;# 
    76     000F                     TMR1H           equ	15	;# 
    77     0010                     T1CON           equ	16	;# 
    78     0011                     TMR2            equ	17	;# 
    79     0012                     T2CON           equ	18	;# 
    80     0013                     SSPBUF          equ	19	;# 
    81     0014                     SSPCON          equ	20	;# 
    82     0015                     CCPR1           equ	21	;# 
    83     0015                     CCPR1L          equ	21	;# 
    84     0016                     CCPR1H          equ	22	;# 
    85     0017                     CCP1CON         equ	23	;# 
    86     0018                     RCSTA           equ	24	;# 
    87     0019                     TXREG           equ	25	;# 
    88     001A                     RCREG           equ	26	;# 
    89     001B                     CCPR2           equ	27	;# 
    90     001B                     CCPR2L          equ	27	;# 
    91     001C                     CCPR2H          equ	28	;# 
    92     001D                     CCP2CON         equ	29	;# 
    93     001E                     ADRESH          equ	30	;# 
    94     001F                     ADCON0          equ	31	;# 
    95     0081                     OPTION_REG      equ	129	;# 
    96     0085                     TRISA           equ	133	;# 
    97     0086                     TRISB           equ	134	;# 
    98     0087                     TRISC           equ	135	;# 
    99     0088                     TRISD           equ	136	;# 
   100     0089                     TRISE           equ	137	;# 
   101     008C                     PIE1            equ	140	;# 
   102     008D                     PIE2            equ	141	;# 
   103     008E                     PCON            equ	142	;# 
   104     0091                     SSPCON2         equ	145	;# 
   105     0092                     PR2             equ	146	;# 
   106     0093                     SSPADD          equ	147	;# 
   107     0094                     SSPSTAT         equ	148	;# 
   108     0098                     TXSTA           equ	152	;# 
   109     0099                     SPBRG           equ	153	;# 
   110     009C                     CMCON           equ	156	;# 
   111     009D                     CVRCON          equ	157	;# 
   112     009E                     ADRESL          equ	158	;# 
   113     009F                     ADCON1          equ	159	;# 
   114     010C                     EEDATA          equ	268	;# 
   115     010D                     EEADR           equ	269	;# 
   116     010E                     EEDATH          equ	270	;# 
   117     010F                     EEADRH          equ	271	;# 
   118     018C                     EECON1          equ	396	;# 
   119     018D                     EECON2          equ	397	;# 
   120     0000                     INDF            equ	0	;# 
   121     0001                     TMR0            equ	1	;# 
   122     0002                     PCL             equ	2	;# 
   123     0003                     STATUS          equ	3	;# 
   124     0004                     FSR             equ	4	;# 
   125     0005                     PORTA           equ	5	;# 
   126     0006                     PORTB           equ	6	;# 
   127     0007                     PORTC           equ	7	;# 
   128     0008                     PORTD           equ	8	;# 
   129     0009                     PORTE           equ	9	;# 
   130     000A                     PCLATH          equ	10	;# 
   131     000B                     INTCON          equ	11	;# 
   132     000C                     PIR1            equ	12	;# 
   133     000D                     PIR2            equ	13	;# 
   134     000E                     TMR1            equ	14	;# 
   135     000E                     TMR1L           equ	14	;# 
   136     000F                     TMR1H           equ	15	;# 
   137     0010                     T1CON           equ	16	;# 
   138     0011                     TMR2            equ	17	;# 
   139     0012                     T2CON           equ	18	;# 
   140     0013                     SSPBUF          equ	19	;# 
   141     0014                     SSPCON          equ	20	;# 
   142     0015                     CCPR1           equ	21	;# 
   143     0015                     CCPR1L          equ	21	;# 
   144     0016                     CCPR1H          equ	22	;# 
   145     0017                     CCP1CON         equ	23	;# 
   146     0018                     RCSTA           equ	24	;# 
   147     0019                     TXREG           equ	25	;# 
   148     001A                     RCREG           equ	26	;# 
   149     001B                     CCPR2           equ	27	;# 
   150     001B                     CCPR2L          equ	27	;# 
   151     001C                     CCPR2H          equ	28	;# 
   152     001D                     CCP2CON         equ	29	;# 
   153     001E                     ADRESH          equ	30	;# 
   154     001F                     ADCON0          equ	31	;# 
   155     0081                     OPTION_REG      equ	129	;# 
   156     0085                     TRISA           equ	133	;# 
   157     0086                     TRISB           equ	134	;# 
   158     0087                     TRISC           equ	135	;# 
   159     0088                     TRISD           equ	136	;# 
   160     0089                     TRISE           equ	137	;# 
   161     008C                     PIE1            equ	140	;# 
   162     008D                     PIE2            equ	141	;# 
   163     008E                     PCON            equ	142	;# 
   164     0091                     SSPCON2         equ	145	;# 
   165     0092                     PR2             equ	146	;# 
   166     0093                     SSPADD          equ	147	;# 
   167     0094                     SSPSTAT         equ	148	;# 
   168     0098                     TXSTA           equ	152	;# 
   169     0099                     SPBRG           equ	153	;# 
   170     009C                     CMCON           equ	156	;# 
   171     009D                     CVRCON          equ	157	;# 
   172     009E                     ADRESL          equ	158	;# 
   173     009F                     ADCON1          equ	159	;# 
   174     010C                     EEDATA          equ	268	;# 
   175     010D                     EEADR           equ	269	;# 
   176     010E                     EEDATH          equ	270	;# 
   177     010F                     EEADRH          equ	271	;# 
   178     018C                     EECON1          equ	396	;# 
   179     018D                     EECON2          equ	397	;# 
   180     0000                     INDF            equ	0	;# 
   181     0001                     TMR0            equ	1	;# 
   182     0002                     PCL             equ	2	;# 
   183     0003                     STATUS          equ	3	;# 
   184     0004                     FSR             equ	4	;# 
   185     0005                     PORTA           equ	5	;# 
   186     0006                     PORTB           equ	6	;# 
   187     0007                     PORTC           equ	7	;# 
   188     0008                     PORTD           equ	8	;# 
   189     0009                     PORTE           equ	9	;# 
   190     000A                     PCLATH          equ	10	;# 
   191     000B                     INTCON          equ	11	;# 
   192     000C                     PIR1            equ	12	;# 
   193     000D                     PIR2            equ	13	;# 
   194     000E                     TMR1            equ	14	;# 
   195     000E                     TMR1L           equ	14	;# 
   196     000F                     TMR1H           equ	15	;# 
   197     0010                     T1CON           equ	16	;# 
   198     0011                     TMR2            equ	17	;# 
   199     0012                     T2CON           equ	18	;# 
   200     0013                     SSPBUF          equ	19	;# 
   201     0014                     SSPCON          equ	20	;# 
   202     0015                     CCPR1           equ	21	;# 
   203     0015                     CCPR1L          equ	21	;# 
   204     0016                     CCPR1H          equ	22	;# 
   205     0017                     CCP1CON         equ	23	;# 
   206     0018                     RCSTA           equ	24	;# 
   207     0019                     TXREG           equ	25	;# 
   208     001A                     RCREG           equ	26	;# 
   209     001B                     CCPR2           equ	27	;# 
   210     001B                     CCPR2L          equ	27	;# 
   211     001C                     CCPR2H          equ	28	;# 
   212     001D                     CCP2CON         equ	29	;# 
   213     001E                     ADRESH          equ	30	;# 
   214     001F                     ADCON0          equ	31	;# 
   215     0081                     OPTION_REG      equ	129	;# 
   216     0085                     TRISA           equ	133	;# 
   217     0086                     TRISB           equ	134	;# 
   218     0087                     TRISC           equ	135	;# 
   219     0088                     TRISD           equ	136	;# 
   220     0089                     TRISE           equ	137	;# 
   221     008C                     PIE1            equ	140	;# 
   222     008D                     PIE2            equ	141	;# 
   223     008E                     PCON            equ	142	;# 
   224     0091                     SSPCON2         equ	145	;# 
   225     0092                     PR2             equ	146	;# 
   226     0093                     SSPADD          equ	147	;# 
   227     0094                     SSPSTAT         equ	148	;# 
   228     0098                     TXSTA           equ	152	;# 
   229     0099                     SPBRG           equ	153	;# 
   230     009C                     CMCON           equ	156	;# 
   231     009D                     CVRCON          equ	157	;# 
   232     009E                     ADRESL          equ	158	;# 
   233     009F                     ADCON1          equ	159	;# 
   234     010C                     EEDATA          equ	268	;# 
   235     010D                     EEADR           equ	269	;# 
   236     010E                     EEDATH          equ	270	;# 
   237     010F                     EEADRH          equ	271	;# 
   238     018C                     EECON1          equ	396	;# 
   239     018D                     EECON2          equ	397	;# 
   240     0008                     _PORTD          set	8
   241     0049                     _RE1            set	73
   242     004A                     _RE2            set	74
   243     0088                     _TRISD          set	136
   244     0449                     _TRISE1         set	1097
   245     044A                     _TRISE2         set	1098
   246                           
   247                           	psect	strings
   248     0003                     __pstrings:
   249     0003                     stringtab:
   250     0003                     __stringtab:
   251     0003                     stringcode:	
   252                           ;	String table - string pointers are 1 byte each
   253                           
   254     0003                     stringdir:
   255     0003  3000               	movlw	high stringdir
   256     0004  008A               	movwf	10
   257     0005  0804               	movf	4,w
   258     0006  0A84               	incf	4,f
   259     0007  0782               	addwf	2,f
   260     0008                     __stringbase:
   261     0008  3400               	retlw	0
   262     0009                     __end_of__stringtab:
   263     0009                     STR_1:
   264     0009  3457               	retlw	87	;'W'
   265     000A  346F               	retlw	111	;'o'
   266     000B  3472               	retlw	114	;'r'
   267     000C  346C               	retlw	108	;'l'
   268     000D  3464               	retlw	100	;'d'
   269     000E  3400               	retlw	0
   270                           
   271                           	psect	cinit
   272     07FC                     start_initialization:	
   273                           ; #config settings
   274                           
   275     07FC                     __initialization:
   276     07FC                     end_of_initialization:	
   277                           ;End of C runtime variable initialization code
   278                           
   279     07FC                     __end_of__initialization:
   280     07FC  0183               	clrf	3
   281     07FD  120A  118A  2F24   	ljmp	_main	;jump to C main() function
   282                           
   283                           	psect	cstackCOMMON
   284     0070                     __pcstackCOMMON:
   285     0070                     ?_clcd_write:
   286     0070                     ?_init_display_controller:	
   287                           ; 1 bytes @ 0x0
   288                           
   289     0070                     ?_init_clcd:	
   290                           ; 1 bytes @ 0x0
   291                           
   292     0070                     ?_init_config:	
   293                           ; 1 bytes @ 0x0
   294                           
   295     0070                     ?_main:	
   296                           ; 1 bytes @ 0x0
   297                           
   298     0070                     clcd_write@mode:	
   299                           ; 1 bytes @ 0x0
   300                           
   301                           
   302                           ; 1 bytes @ 0x0
   303     0070                     	ds	1
   304     0071                     ??_clcd_write:
   305                           
   306                           ; 1 bytes @ 0x1
   307     0071                     	ds	2
   308     0073                     clcd_write@byte:
   309                           
   310                           ; 1 bytes @ 0x3
   311     0073                     	ds	1
   312     0074                     ?_clcd_putch:
   313     0074                     ?_clcd_print:	
   314                           ; 1 bytes @ 0x4
   315                           
   316     0074                     clcd_putch@addr:	
   317                           ; 1 bytes @ 0x4
   318                           
   319     0074                     clcd_print@str:	
   320                           ; 1 bytes @ 0x4
   321                           
   322     0074                     ??_init_display_controller:	
   323                           ; 1 bytes @ 0x4
   324                           
   325                           
   326                           ; 1 bytes @ 0x4
   327     0074                     	ds	1
   328     0075                     clcd_putch@data:
   329     0075                     clcd_print@addr:	
   330                           ; 1 bytes @ 0x5
   331                           
   332     0075                     ??_clcd_putch:	
   333                           ; 1 bytes @ 0x5
   334                           
   335                           
   336                           ; 1 bytes @ 0x5
   337     0075                     	ds	1
   338     0076                     ??_init_clcd:
   339     0076                     ??_clcd_print:	
   340                           ; 1 bytes @ 0x6
   341                           
   342     0076                     ??_init_config:	
   343                           ; 1 bytes @ 0x6
   344                           
   345     0076                     ??_main:	
   346                           ; 1 bytes @ 0x6
   347                           
   348                           
   349                           	psect	maintext
   350     0724                     __pmaintext:	
   351                           ; 1 bytes @ 0x6
   352 ;;
   353 ;;Main: autosize = 0, tempsize = 0, incstack = 0, save=0
   354 ;;
   355 ;; *************** function _main *****************
   356 ;; Defined at:
   357 ;;		line 14 in file "main.c"
   358 ;; Parameters:    Size  Location     Type
   359 ;;		None
   360 ;; Auto vars:     Size  Location     Type
   361 ;;		None
   362 ;; Return value:  Size  Location     Type
   363 ;;                  1    wreg      void 
   364 ;; Registers used:
   365 ;;		wreg, fsr0l, fsr0h, status,2, status,0, pclath, cstack
   366 ;; Tracked objects:
   367 ;;		On entry : B00/0
   368 ;;		On exit  : 0/0
   369 ;;		Unchanged: 0/0
   370 ;; Data sizes:     COMMON   BANK0   BANK1   BANK3   BANK2
   371 ;;      Params:         0       0       0       0       0
   372 ;;      Locals:         0       0       0       0       0
   373 ;;      Temps:          0       0       0       0       0
   374 ;;      Totals:         0       0       0       0       0
   375 ;;Total ram usage:        0 bytes
   376 ;; Hardware stack levels required when called: 4
   377 ;; This function calls:
   378 ;;		_clcd_print
   379 ;;		_clcd_putch
   380 ;;		_init_config
   381 ;; This function is called by:
   382 ;;		Startup code after reset
   383 ;; This function uses a non-reentrant model
   384 ;;
   385                           
   386     0724                     _main:	
   387                           ;psect for function _main
   388                           
   389     0724                     l725:	
   390                           ;incstack = 0
   391                           ; Regs used in _main: [wreg-fsr0h+status,2+status,0+pclath+cstack]
   392                           
   393     0724  120A  118A  2702  120A  118A  	fcall	_init_config
   394     0729                     l46:
   395     0729  3084               	movlw	132
   396     072A  00F4               	movwf	clcd_putch@addr
   397     072B  3057               	movlw	87
   398     072C  120A  118A  2713  120A  118A  	fcall	_clcd_putch
   399     0731                     l727:
   400     0731  3001               	movlw	(low ((STR_1-__stringbase)| (0+32768)))& (0+255)
   401     0732  00F4               	movwf	clcd_print@str
   402     0733  30C4               	movlw	196
   403     0734  00F5               	movwf	clcd_print@addr
   404     0735  120A  118A  273E  120A  118A  	fcall	_clcd_print
   405     073A  2F29               	goto	l46
   406     073B  120A  118A  2800   	ljmp	start
   407     073E                     __end_of_main:
   408                           
   409                           	psect	text1
   410     0702                     __ptext1:	
   411 ;; *************** function _init_config *****************
   412 ;; Defined at:
   413 ;;		line 10 in file "main.c"
   414 ;; Parameters:    Size  Location     Type
   415 ;;		None
   416 ;; Auto vars:     Size  Location     Type
   417 ;;		None
   418 ;; Return value:  Size  Location     Type
   419 ;;                  1    wreg      void 
   420 ;; Registers used:
   421 ;;		wreg, status,2, status,0, pclath, cstack
   422 ;; Tracked objects:
   423 ;;		On entry : 0/0
   424 ;;		On exit  : 0/0
   425 ;;		Unchanged: 0/0
   426 ;; Data sizes:     COMMON   BANK0   BANK1   BANK3   BANK2
   427 ;;      Params:         0       0       0       0       0
   428 ;;      Locals:         0       0       0       0       0
   429 ;;      Temps:          0       0       0       0       0
   430 ;;      Totals:         0       0       0       0       0
   431 ;;Total ram usage:        0 bytes
   432 ;; Hardware stack levels used: 1
   433 ;; Hardware stack levels required when called: 3
   434 ;; This function calls:
   435 ;;		_init_clcd
   436 ;; This function is called by:
   437 ;;		_main
   438 ;; This function uses a non-reentrant model
   439 ;;
   440                           
   441     0702                     _init_config:	
   442                           ;psect for function _init_config
   443                           
   444     0702                     l723:	
   445                           ;incstack = 0
   446                           ; Regs used in _init_config: [wreg+status,2+status,0+pclath+cstack]
   447                           
   448                           
   449                           ;main.c: 11:     return;
   450     0702  120A  118A  2708  120A  118A  	fcall	_init_clcd
   451     0707                     l41:
   452     0707  0008               	return
   453     0708                     __end_of_init_config:
   454                           
   455                           	psect	text2
   456     0708                     __ptext2:	
   457 ;; *************** function _init_clcd *****************
   458 ;; Defined at:
   459 ;;		line 44 in file "clcd.c"
   460 ;; Parameters:    Size  Location     Type
   461 ;;		None
   462 ;; Auto vars:     Size  Location     Type
   463 ;;		None
   464 ;; Return value:  Size  Location     Type
   465 ;;                  1    wreg      void 
   466 ;; Registers used:
   467 ;;		wreg, status,2, status,0, pclath, cstack
   468 ;; Tracked objects:
   469 ;;		On entry : 0/0
   470 ;;		On exit  : 0/0
   471 ;;		Unchanged: 0/0
   472 ;; Data sizes:     COMMON   BANK0   BANK1   BANK3   BANK2
   473 ;;      Params:         0       0       0       0       0
   474 ;;      Locals:         0       0       0       0       0
   475 ;;      Temps:          0       0       0       0       0
   476 ;;      Totals:         0       0       0       0       0
   477 ;;Total ram usage:        0 bytes
   478 ;; Hardware stack levels used: 1
   479 ;; Hardware stack levels required when called: 2
   480 ;; This function calls:
   481 ;;		_init_display_controller
   482 ;; This function is called by:
   483 ;;		_init_config
   484 ;; This function uses a non-reentrant model
   485 ;;
   486                           
   487     0708                     _init_clcd:	
   488                           ;psect for function _init_clcd
   489                           
   490     0708                     l705:	
   491                           ;incstack = 0
   492                           ; Regs used in _init_clcd: [wreg+status,2+status,0+pclath+cstack]
   493                           
   494                           
   495                           ;clcd.c: 47:     TRISD = 0x00;
   496     0708  1683               	bsf	3,5	;RP0=1, select bank1
   497     0709  1303               	bcf	3,6	;RP1=0, select bank1
   498     070A  0188               	clrf	8	;volatile
   499     070B                     l707:
   500                           
   501                           ;clcd.c: 50:     TRISE2 = 0;
   502     070B  1109               	bcf	9,2	;volatile
   503     070C                     l709:
   504                           
   505                           ;clcd.c: 51:     TRISE1 = 0;
   506     070C  1089               	bcf	9,1	;volatile
   507     070D                     l711:
   508                           
   509                           ;clcd.c: 53:     init_display_controller();
   510     070D  120A  118A  2799  120A  118A  	fcall	_init_display_controller
   511     0712                     l23:
   512     0712  0008               	return
   513     0713                     __end_of_init_clcd:
   514                           
   515                           	psect	text3
   516     0799                     __ptext3:	
   517 ;; *************** function _init_display_controller *****************
   518 ;; Defined at:
   519 ;;		line 21 in file "clcd.c"
   520 ;; Parameters:    Size  Location     Type
   521 ;;		None
   522 ;; Auto vars:     Size  Location     Type
   523 ;;		None
   524 ;; Return value:  Size  Location     Type
   525 ;;                  1    wreg      void 
   526 ;; Registers used:
   527 ;;		wreg, status,2, status,0, pclath, cstack
   528 ;; Tracked objects:
   529 ;;		On entry : 0/0
   530 ;;		On exit  : 0/0
   531 ;;		Unchanged: 0/0
   532 ;; Data sizes:     COMMON   BANK0   BANK1   BANK3   BANK2
   533 ;;      Params:         0       0       0       0       0
   534 ;;      Locals:         0       0       0       0       0
   535 ;;      Temps:          2       0       0       0       0
   536 ;;      Totals:         2       0       0       0       0
   537 ;;Total ram usage:        2 bytes
   538 ;; Hardware stack levels used: 1
   539 ;; Hardware stack levels required when called: 1
   540 ;; This function calls:
   541 ;;		_clcd_write
   542 ;; This function is called by:
   543 ;;		_init_clcd
   544 ;; This function uses a non-reentrant model
   545 ;;
   546                           
   547     0799                     _init_display_controller:	
   548                           ;psect for function _init_display_controller
   549                           
   550     0799                     l681:	
   551                           ;incstack = 0
   552                           ; Regs used in _init_display_controller: [wreg+status,2+status,0+pclath+cstack]
   553                           
   554                           
   555                           ;clcd.c: 24:     _delay((unsigned long)((30)*(20000000/4000.0)));
   556     0799  30C3               	movlw	195
   557     079A  00F5               	movwf	??_init_display_controller+1
   558     079B  30CD               	movlw	205
   559     079C  00F4               	movwf	??_init_display_controller
   560     079D                     u97:
   561     079D  0BF4               	decfsz	??_init_display_controller,f
   562     079E  2F9D               	goto	u97
   563     079F  0BF5               	decfsz	??_init_display_controller+1,f
   564     07A0  2F9D               	goto	u97
   565     07A1                     l683:
   566                           
   567                           ;clcd.c: 27:     clcd_write(0x33, 0);
   568     07A1  01F0               	clrf	clcd_write@mode
   569     07A2  3033               	movlw	51
   570     07A3  120A  118A  2763  120A  118A  	fcall	_clcd_write
   571     07A8                     l685:
   572                           
   573                           ;clcd.c: 28:     _delay((unsigned long)((4100)*(20000000/4000000.0)));
   574     07A8  301B               	movlw	27
   575     07A9  00F5               	movwf	??_init_display_controller+1
   576     07AA  309E               	movlw	158
   577     07AB  00F4               	movwf	??_init_display_controller
   578     07AC                     u107:
   579     07AC  0BF4               	decfsz	??_init_display_controller,f
   580     07AD  2FAC               	goto	u107
   581     07AE  0BF5               	decfsz	??_init_display_controller+1,f
   582     07AF  2FAC               	goto	u107
   583     07B0  0000               	nop
   584                           
   585                           ;clcd.c: 29:     clcd_write(0x33, 0);
   586     07B1  01F0               	clrf	clcd_write@mode
   587     07B2  3033               	movlw	51
   588     07B3  120A  118A  2763  120A  118A  	fcall	_clcd_write
   589     07B8                     l687:
   590                           
   591                           ;clcd.c: 30:     _delay((unsigned long)((100)*(20000000/4000000.0)));
   592     07B8  30A6               	movlw	166
   593     07B9  00F4               	movwf	??_init_display_controller
   594     07BA                     u117:
   595     07BA  0BF4               	decfsz	??_init_display_controller,f
   596     07BB  2FBA               	goto	u117
   597     07BC  0000               	nop
   598     07BD                     l689:
   599                           
   600                           ;clcd.c: 31:     clcd_write(0x33, 0);
   601     07BD  01F0               	clrf	clcd_write@mode
   602     07BE  3033               	movlw	51
   603     07BF  120A  118A  2763  120A  118A  	fcall	_clcd_write
   604     07C4                     l691:
   605                           
   606                           ;clcd.c: 32:     _delay((unsigned long)((1)*(20000000/4000000.0)));
   607     07C4  2FC5               	nop2	;2 cycle nop
   608     07C5  2FC6               	nop2	;2 cycle nop
   609     07C6  0000               	nop
   610     07C7                     l693:
   611                           
   612                           ;clcd.c: 34:     clcd_write(0x02, 0);
   613     07C7  01F0               	clrf	clcd_write@mode
   614     07C8  3002               	movlw	2
   615     07C9  120A  118A  2763  120A  118A  	fcall	_clcd_write
   616     07CE                     l695:
   617                           
   618                           ;clcd.c: 35:     _delay((unsigned long)((100)*(20000000/4000000.0)));
   619     07CE  30A6               	movlw	166
   620     07CF  00F4               	movwf	??_init_display_controller
   621     07D0                     u127:
   622     07D0  0BF4               	decfsz	??_init_display_controller,f
   623     07D1  2FD0               	goto	u127
   624     07D2  0000               	nop
   625                           
   626                           ;clcd.c: 36:     clcd_write(0x28, 0);
   627     07D3  01F0               	clrf	clcd_write@mode
   628     07D4  3028               	movlw	40
   629     07D5  120A  118A  2763  120A  118A  	fcall	_clcd_write
   630     07DA                     l697:
   631                           
   632                           ;clcd.c: 37:     _delay((unsigned long)((100)*(20000000/4000000.0)));
   633     07DA  30A6               	movlw	166
   634     07DB  00F4               	movwf	??_init_display_controller
   635     07DC                     u137:
   636     07DC  0BF4               	decfsz	??_init_display_controller,f
   637     07DD  2FDC               	goto	u137
   638     07DE  0000               	nop
   639     07DF                     l699:
   640                           
   641                           ;clcd.c: 38:     clcd_write(0x01, 0);
   642     07DF  01F0               	clrf	clcd_write@mode
   643     07E0  3001               	movlw	1
   644     07E1  120A  118A  2763  120A  118A  	fcall	_clcd_write
   645                           
   646                           ;clcd.c: 39:     _delay((unsigned long)((500)*(20000000/4000000.0)));
   647     07E6  3004               	movlw	4
   648     07E7  00F5               	movwf	??_init_display_controller+1
   649     07E8  303D               	movlw	61
   650     07E9  00F4               	movwf	??_init_display_controller
   651     07EA                     u147:
   652     07EA  0BF4               	decfsz	??_init_display_controller,f
   653     07EB  2FEA               	goto	u147
   654     07EC  0BF5               	decfsz	??_init_display_controller+1,f
   655     07ED  2FEA               	goto	u147
   656     07EE  2FEF               	nop2
   657     07EF                     l701:
   658                           
   659                           ;clcd.c: 40:     clcd_write(0x0C, 0);
   660     07EF  01F0               	clrf	clcd_write@mode
   661     07F0  300C               	movlw	12
   662     07F1  120A  118A  2763  120A  118A  	fcall	_clcd_write
   663     07F6                     l703:
   664                           
   665                           ;clcd.c: 41:     _delay((unsigned long)((100)*(20000000/4000000.0)));
   666     07F6  30A6               	movlw	166
   667     07F7  00F4               	movwf	??_init_display_controller
   668     07F8                     u157:
   669     07F8  0BF4               	decfsz	??_init_display_controller,f
   670     07F9  2FF8               	goto	u157
   671     07FA  0000               	nop
   672     07FB                     l20:
   673     07FB  0008               	return
   674     07FC                     __end_of_init_display_controller:
   675                           
   676                           	psect	text4
   677     0713                     __ptext4:	
   678 ;; *************** function _clcd_putch *****************
   679 ;; Defined at:
   680 ;;		line 56 in file "clcd.c"
   681 ;; Parameters:    Size  Location     Type
   682 ;;  data            1    wreg     const unsigned char 
   683 ;;  addr            1    4[COMMON] unsigned char 
   684 ;; Auto vars:     Size  Location     Type
   685 ;;  data            1    5[COMMON] const unsigned char 
   686 ;; Return value:  Size  Location     Type
   687 ;;                  1    wreg      void 
   688 ;; Registers used:
   689 ;;		wreg, status,2, status,0, pclath, cstack
   690 ;; Tracked objects:
   691 ;;		On entry : 0/0
   692 ;;		On exit  : 0/0
   693 ;;		Unchanged: 0/0
   694 ;; Data sizes:     COMMON   BANK0   BANK1   BANK3   BANK2
   695 ;;      Params:         1       0       0       0       0
   696 ;;      Locals:         1       0       0       0       0
   697 ;;      Temps:          0       0       0       0       0
   698 ;;      Totals:         2       0       0       0       0
   699 ;;Total ram usage:        2 bytes
   700 ;; Hardware stack levels used: 1
   701 ;; Hardware stack levels required when called: 1
   702 ;; This function calls:
   703 ;;		_clcd_write
   704 ;; This function is called by:
   705 ;;		_main
   706 ;; This function uses a non-reentrant model
   707 ;;
   708                           
   709     0713                     _clcd_putch:	
   710                           ;psect for function _clcd_putch
   711                           
   712                           
   713                           ;incstack = 0
   714                           ; Regs used in _clcd_putch: [wreg+status,2+status,0+pclath+cstack]
   715                           ;clcd_putch@data stored from wreg
   716     0713  00F5               	movwf	clcd_putch@data
   717     0714                     l713:
   718                           
   719                           ;clcd.c: 56: void clcd_putch(const char data, unsigned char addr);clcd.c: 57: {;clcd.c: 
      +                          58:     clcd_write(addr, 0);
   720     0714  01F0               	clrf	clcd_write@mode
   721     0715  0874               	movf	clcd_putch@addr,w
   722     0716  120A  118A  2763  120A  118A  	fcall	_clcd_write
   723                           
   724                           ;clcd.c: 59:     clcd_write(data, 1);
   725     071B  01F0               	clrf	clcd_write@mode
   726     071C  0AF0               	incf	clcd_write@mode,f
   727     071D  0875               	movf	clcd_putch@data,w
   728     071E  120A  118A  2763  120A  118A  	fcall	_clcd_write
   729     0723                     l26:
   730     0723  0008               	return
   731     0724                     __end_of_clcd_putch:
   732                           
   733                           	psect	text5
   734     073E                     __ptext5:	
   735 ;; *************** function _clcd_print *****************
   736 ;; Defined at:
   737 ;;		line 62 in file "clcd.c"
   738 ;; Parameters:    Size  Location     Type
   739 ;;  str             1    4[COMMON] PTR const unsigned char 
   740 ;;		 -> STR_1(6), 
   741 ;;  addr            1    5[COMMON] unsigned char 
   742 ;; Auto vars:     Size  Location     Type
   743 ;;		None
   744 ;; Return value:  Size  Location     Type
   745 ;;                  1    wreg      void 
   746 ;; Registers used:
   747 ;;		wreg, fsr0l, fsr0h, status,2, status,0, pclath, cstack
   748 ;; Tracked objects:
   749 ;;		On entry : 0/0
   750 ;;		On exit  : 0/0
   751 ;;		Unchanged: 0/0
   752 ;; Data sizes:     COMMON   BANK0   BANK1   BANK3   BANK2
   753 ;;      Params:         2       0       0       0       0
   754 ;;      Locals:         0       0       0       0       0
   755 ;;      Temps:          0       0       0       0       0
   756 ;;      Totals:         2       0       0       0       0
   757 ;;Total ram usage:        2 bytes
   758 ;; Hardware stack levels used: 1
   759 ;; Hardware stack levels required when called: 1
   760 ;; This function calls:
   761 ;;		_clcd_write
   762 ;; This function is called by:
   763 ;;		_main
   764 ;; This function uses a non-reentrant model
   765 ;;
   766                           
   767     073E                     _clcd_print:	
   768                           ;psect for function _clcd_print
   769                           
   770     073E                     l715:	
   771                           ;incstack = 0
   772                           ; Regs used in _clcd_print: [wreg-fsr0h+status,2+status,0+pclath+cstack]
   773                           
   774                           
   775                           ;clcd.c: 62: void clcd_print(const char *str, unsigned char addr);clcd.c: 63: {;clcd.c: 
      +                          64:     clcd_write(addr, 0);
   776     073E  01F0               	clrf	clcd_write@mode
   777     073F  0875               	movf	clcd_print@addr,w
   778     0740  120A  118A  2763  120A  118A  	fcall	_clcd_write
   779                           
   780                           ;clcd.c: 66:     while (*str != '\0')
   781     0745  2F56               	goto	l721
   782     0746                     l717:
   783                           
   784                           ;clcd.c: 67:     {;clcd.c: 68:         clcd_write(*str, 1);
   785     0746  01F0               	clrf	clcd_write@mode
   786     0747  0AF0               	incf	clcd_write@mode,f
   787     0748  0874               	movf	clcd_print@str,w
   788     0749  0084               	movwf	4
   789     074A  120A  118A  2003  120A  118A  	fcall	stringdir
   790     074F  120A  118A  2763  120A  118A  	fcall	_clcd_write
   791     0754                     l719:
   792                           
   793                           ;clcd.c: 69:         str++;
   794     0754  3001               	movlw	1
   795     0755  07F4               	addwf	clcd_print@str,f
   796     0756                     l721:
   797                           
   798                           ;clcd.c: 66:     while (*str != '\0')
   799     0756  0874               	movf	clcd_print@str,w
   800     0757  0084               	movwf	4
   801     0758  120A  118A  2003  120A  118A  	fcall	stringdir
   802     075D  3A00               	xorlw	0
   803     075E  1D03               	skipz
   804     075F  2F61               	goto	u81
   805     0760  2F62               	goto	u80
   806     0761                     u81:
   807     0761  2F46               	goto	l717
   808     0762                     u80:
   809     0762                     l32:
   810     0762  0008               	return
   811     0763                     __end_of_clcd_print:
   812                           
   813                           	psect	text6
   814     0763                     __ptext6:	
   815 ;; *************** function _clcd_write *****************
   816 ;; Defined at:
   817 ;;		line 4 in file "clcd.c"
   818 ;; Parameters:    Size  Location     Type
   819 ;;  byte            1    wreg     unsigned char 
   820 ;;  mode            1    0[COMMON] unsigned char 
   821 ;; Auto vars:     Size  Location     Type
   822 ;;  byte            1    3[COMMON] unsigned char 
   823 ;; Return value:  Size  Location     Type
   824 ;;                  1    wreg      void 
   825 ;; Registers used:
   826 ;;		wreg, status,2, status,0
   827 ;; Tracked objects:
   828 ;;		On entry : 0/0
   829 ;;		On exit  : 0/0
   830 ;;		Unchanged: 0/0
   831 ;; Data sizes:     COMMON   BANK0   BANK1   BANK3   BANK2
   832 ;;      Params:         1       0       0       0       0
   833 ;;      Locals:         1       0       0       0       0
   834 ;;      Temps:          2       0       0       0       0
   835 ;;      Totals:         4       0       0       0       0
   836 ;;Total ram usage:        4 bytes
   837 ;; Hardware stack levels used: 1
   838 ;; This function calls:
   839 ;;		Nothing
   840 ;; This function is called by:
   841 ;;		_init_display_controller
   842 ;;		_clcd_putch
   843 ;;		_clcd_print
   844 ;; This function uses a non-reentrant model
   845 ;;
   846                           
   847     0763                     _clcd_write:	
   848                           ;psect for function _clcd_write
   849                           
   850                           
   851                           ;incstack = 0
   852                           ; Regs used in _clcd_write: [wreg+status,2+status,0]
   853                           ;clcd_write@byte stored from wreg
   854     0763  00F3               	movwf	clcd_write@byte
   855     0764                     l661:
   856                           
   857                           ;clcd.c: 4: static void clcd_write(unsigned char byte, unsigned char mode);clcd.c: 5: {;
      +                          clcd.c: 6:     RE2 = mode;
   858     0764  1870               	btfsc	clcd_write@mode,0
   859     0765  2F67               	goto	u51
   860     0766  2F6B               	goto	u50
   861     0767                     u51:
   862     0767  1283               	bcf	3,5	;RP0=0, select bank0
   863     0768  1303               	bcf	3,6	;RP1=0, select bank0
   864     0769  1509               	bsf	9,2	;volatile
   865     076A  2F6E               	goto	u64
   866     076B                     u50:
   867     076B  1283               	bcf	3,5	;RP0=0, select bank0
   868     076C  1303               	bcf	3,6	;RP1=0, select bank0
   869     076D  1109               	bcf	9,2	;volatile
   870     076E                     u64:
   871     076E                     l663:
   872                           
   873                           ;clcd.c: 8:     PORTD = byte & 0xF0;
   874     076E  0873               	movf	clcd_write@byte,w
   875     076F  39F0               	andlw	240
   876     0770  0088               	movwf	8	;volatile
   877     0771                     l665:
   878                           
   879                           ;clcd.c: 9:     RE1 = 1;
   880     0771  1489               	bsf	9,1	;volatile
   881     0772                     l667:
   882                           
   883                           ;clcd.c: 10:     _delay((unsigned long)((100)*(20000000/4000000.0)));
   884     0772  30A6               	movlw	166
   885     0773  00F1               	movwf	??_clcd_write
   886     0774                     u167:
   887     0774  0BF1               	decfsz	??_clcd_write,f
   888     0775  2F74               	goto	u167
   889     0776  0000               	nop
   890     0777                     l669:
   891                           
   892                           ;clcd.c: 11:     RE1 = 0;
   893     0777  1283               	bcf	3,5	;RP0=0, select bank0
   894     0778  1303               	bcf	3,6	;RP1=0, select bank0
   895     0779  1089               	bcf	9,1	;volatile
   896     077A                     l671:
   897                           
   898                           ;clcd.c: 13:     PORTD = (byte & 0x0F) << 4;
   899     077A  0873               	movf	clcd_write@byte,w
   900     077B  390F               	andlw	15
   901     077C  00F1               	movwf	??_clcd_write
   902     077D  3003               	movlw	3
   903     077E                     u75:
   904     077E  1003               	clrc
   905     077F  0DF1               	rlf	??_clcd_write,f
   906     0780  3EFF               	addlw	-1
   907     0781  1D03               	skipz
   908     0782  2F7E               	goto	u75
   909     0783  1003               	clrc
   910     0784  0D71               	rlf	??_clcd_write,w
   911     0785  0088               	movwf	8	;volatile
   912     0786                     l673:
   913                           
   914                           ;clcd.c: 14:     RE1 = 1;
   915     0786  1489               	bsf	9,1	;volatile
   916     0787                     l675:
   917                           
   918                           ;clcd.c: 15:     _delay((unsigned long)((100)*(20000000/4000000.0)));
   919     0787  30A6               	movlw	166
   920     0788  00F1               	movwf	??_clcd_write
   921     0789                     u177:
   922     0789  0BF1               	decfsz	??_clcd_write,f
   923     078A  2F89               	goto	u177
   924     078B  0000               	nop
   925     078C                     l677:
   926                           
   927                           ;clcd.c: 16:     RE1 = 0;
   928     078C  1283               	bcf	3,5	;RP0=0, select bank0
   929     078D  1303               	bcf	3,6	;RP1=0, select bank0
   930     078E  1089               	bcf	9,1	;volatile
   931     078F                     l679:
   932                           
   933                           ;clcd.c: 18:     _delay((unsigned long)((4100)*(20000000/4000000.0)));
   934     078F  301B               	movlw	27
   935     0790  00F2               	movwf	??_clcd_write+1
   936     0791  309E               	movlw	158
   937     0792  00F1               	movwf	??_clcd_write
   938     0793                     u187:
   939     0793  0BF1               	decfsz	??_clcd_write,f
   940     0794  2F93               	goto	u187
   941     0795  0BF2               	decfsz	??_clcd_write+1,f
   942     0796  2F93               	goto	u187
   943     0797  0000               	nop
   944     0798                     l17:
   945     0798  0008               	return
   946     0799                     __end_of_clcd_write:
   947     0002                     ___latbits      equ	2
   948     007E                     btemp           set	126	;btemp
   949     007E                     btemp0          set	126
   950     007F                     btemp1          set	127
   951     007E                     wtemp0          set	126
   952     007F                     wtemp0a         set	127
   953     007F                     ttemp0a         set	127
   954     0080                     ltemp0a         set	128
   955                           
   956                           	psect	idloc
   957                           
   958                           ;Config register IDLOC0 @ 0x2000
   959                           ;	unspecified, using default values
   960     2000                     	org	8192
   961     2000  3FFF               	dw	16383
   962                           
   963                           ;Config register IDLOC1 @ 0x2001
   964                           ;	unspecified, using default values
   965     2001                     	org	8193
   966     2001  3FFF               	dw	16383
   967                           
   968                           ;Config register IDLOC2 @ 0x2002
   969                           ;	unspecified, using default values
   970     2002                     	org	8194
   971     2002  3FFF               	dw	16383
   972                           
   973                           ;Config register IDLOC3 @ 0x2003
   974                           ;	unspecified, using default values
   975     2003                     	org	8195
   976     2003  3FFF               	dw	16383
   977                           
   978                           	psect	config
   979                           
   980                           ;Config register CONFIG @ 0x2007
   981                           ;	Oscillator Selection bits
   982                           ;	FOSC = 0x3, unprogrammed default
   983                           ;	Watchdog Timer Enable bit
   984                           ;	WDTE = OFF, WDT disabled
   985                           ;	Power-up Timer Enable bit
   986                           ;	PWRTE = 0x1, unprogrammed default
   987                           ;	Brown-out Reset Enable bit
   988                           ;	BOREN = 0x1, unprogrammed default
   989                           ;	Low-Voltage (Single-Supply) In-Circuit Serial Programming Enable bit
   990                           ;	LVP = 0x1, unprogrammed default
   991                           ;	Data EEPROM Memory Code Protection bit
   992                           ;	CPD = 0x1, unprogrammed default
   993                           ;	Flash Program Memory Write Enable bits
   994                           ;	WRT = 0x3, unprogrammed default
   995                           ;	In-Circuit Debugger Mode bit
   996                           ;	DEBUG = 0x1, unprogrammed default
   997                           ;	Flash Program Memory Code Protection bit
   998                           ;	CP = 0x1, unprogrammed default
   999     2007                     	org	8199
  1000     2007  3FFB               	dw	16379

Data Sizes:
    Strings     6
    Constant    0
    Data        0
    BSS         0
    Persistent  0
    Stack       0

Auto Spaces:
    Space          Size  Autos    Used
    COMMON           14      6       6
    BANK0            80      0       0
    BANK1            80      0       0
    BANK3            96      0       0
    BANK2            96      0       0

Pointer List with Targets:

    clcd_print@str	PTR const unsigned char  size(1) Largest target is 6
		 -> STR_1(CODE[6]), 


Critical Paths under _main in COMMON

    _main->_clcd_print
    _main->_clcd_putch
    _init_clcd->_init_display_controller
    _init_display_controller->_clcd_write
    _clcd_putch->_clcd_write
    _clcd_print->_clcd_write

Critical Paths under _main in BANK0

    None.

Critical Paths under _main in BANK1

    None.

Critical Paths under _main in BANK3

    None.

Critical Paths under _main in BANK2

    None.

Call Graph Tables:

 ---------------------------------------------------------------------------------
 (Depth) Function   	        Calls       Base Space   Used Autos Params    Refs
 ---------------------------------------------------------------------------------
 (0) _main                                                 0     0      0     394
                         _clcd_print
                         _clcd_putch
                        _init_config
 ---------------------------------------------------------------------------------
 (1) _init_config                                          0     0      0      91
                          _init_clcd
 ---------------------------------------------------------------------------------
 (2) _init_clcd                                            0     0      0      91
            _init_display_controller
 ---------------------------------------------------------------------------------
 (3) _init_display_controller                              2     2      0      91
                                              4 COMMON     2     2      0
                         _clcd_write
 ---------------------------------------------------------------------------------
 (1) _clcd_putch                                           2     1      1     143
                                              4 COMMON     2     1      1
                         _clcd_write
 ---------------------------------------------------------------------------------
 (1) _clcd_print                                           2     0      2     160
                                              4 COMMON     2     0      2
                         _clcd_write
 ---------------------------------------------------------------------------------
 (4) _clcd_write                                           4     3      1      91
                                              0 COMMON     4     3      1
 ---------------------------------------------------------------------------------
 Estimated maximum stack depth 4
 ---------------------------------------------------------------------------------

 Call Graph Graphs:

 _main (ROOT)
   _clcd_print
     _clcd_write
   _clcd_putch
     _clcd_write
   _init_config
     _init_clcd
       _init_display_controller
         _clcd_write

Address spaces:
Name               Size   Autos  Total    Usage
BITCOMMON           14      0       0      0.0%
BITBANK0            80      0       0      0.0%
BITBANK1            80      0       0      0.0%
BITBANK3            96      0       0      0.0%
BITBANK2            96      0       0      0.0%
COMMON              14      6       6     42.9%
BANK0               80      0       0      0.0%
BANK1               80      0       0      0.0%
BANK3               96      0       0      0.0%
BANK2               96      0       0      0.0%
STACK                0      0       0      0.0%
DATA                 0      0       6      0.0%


Microchip Technology PIC Macro Assembler V3.10 build 20250813170317 
Symbol Table                                                                                   Fri Jun 26 13:31:35 2026

                              pc 0002                   clcd_print@addr 0075                               l20 07FB  
                             l23 0712                               l32 0762                               l17 0798  
                             l41 0707                               l26 0723                               l46 0729  
                             u50 076B                               u51 0767                               u64 076E  
                             u80 0762                               u81 0761                               u75 077E  
                             u97 079D                               fsr 0004                              l701 07EF  
                            l703 07F6                              l711 070D                              l721 0756  
                            l713 0714                              l705 0708                              l715 073E  
                            l707 070B                              l723 0702                              l661 0764  
                            l717 0746                              l709 070C                              l725 0724  
                            l671 077A                              l663 076E                              l719 0754  
                            l727 0731                              l673 0786                              l665 0771  
                            l681 0799                              l675 0787                              l667 0772  
                            l691 07C4                              l683 07A1                              l677 078C  
                            l669 0777                              l693 07C7                              l685 07A8  
                            l679 078F                              l695 07CE                              l687 07B8  
                            l697 07DA                              l689 07BD                              l699 07DF  
                            _RE1 0049                              _RE2 004A                              u107 07AC  
                            u117 07BA                              u127 07D0                              u137 07DC  
                            u147 07EA                              u157 07F8                              u167 0774  
                            u177 0789                              u187 0793                   clcd_putch@addr 0074  
                            fsr0 0004                   clcd_putch@data 0075                             STR_1 0009  
                           _main 0724                             btemp 007E                             start 0000  
                 clcd_write@byte 0073                   clcd_write@mode 0070                            ?_main 0070  
                   ?_init_config 0070                            _PORTD 0008                            _TRISD 0088  
                          btemp0 007E                            btemp1 007F                            pclath 000A  
                          status 0003                            wtemp0 007E                  __initialization 07FC  
                   __end_of_main 073E                           ??_main 0076                           _TRISE1 0449  
                         _TRISE2 044A          _init_display_controller 0799                           ltemp0a 0080  
                         ttemp0a 007F                           wtemp0a 007F          __end_of__initialization 07FC  
                 __pcstackCOMMON 0070        ??_init_display_controller 0074                       _clcd_print 073E  
                     _clcd_putch 0713                       _clcd_write 0763                       __pmaintext 0724  
                     __stringtab 0003                          __ptext1 0702                          __ptext2 0708  
                        __ptext3 0799                          __ptext4 0713                          __ptext5 073E  
                        __ptext6 0763  __end_of_init_display_controller 07FC                __end_of_init_clcd 0713  
           end_of_initialization 07FC                      ?_clcd_print 0074                      ?_clcd_putch 0074  
                    ?_clcd_write 0070                    clcd_print@str 0074              start_initialization 07FC  
                  ??_init_config 0076                        ___latbits 0002                        __pstrings 0003  
                      _init_clcd 0708              __end_of_init_config 0708         ?_init_display_controller 0070  
                   ??_clcd_print 0076                     ??_clcd_putch 0075                     ??_clcd_write 0071  
                    __stringbase 0008               __end_of_clcd_print 0763               __end_of_clcd_putch 0724  
             __end_of_clcd_write 0799                       ?_init_clcd 0070               __end_of__stringtab 0009  
                    _init_config 0702                      ??_init_clcd 0076                        stringcode 0003  
                       stringdir 0003                         stringtab 0003  
