

Microchip MPLAB XC8 Assembler V3.10 build 20250813170317 
                                                                                               Sat May  2 11:40:13 2026

Microchip MPLAB XC8 C Compiler v3.10 (Free license) build 20250813170317 Og1 
     1                           	processor	16F877A
     2                           	pagewidth 120
     3                           	opt	flic
     4                           	psect	cinit,global,class=CODE,space=0,merge=1,delta=2
     5                           	psect	cstackCOMMON,global,class=COMMON,space=1,delta=1,noexec
     6                           	psect	maintext,global,class=CODE,space=0,split=1,delta=2
     7                           	psect	text1,local,class=CODE,space=0,merge=1,delta=2
     8                           	psect	text2,local,class=CODE,space=0,merge=1,delta=2
     9                           	psect	text3,local,class=CODE,space=0,merge=1,delta=2
    10                           	psect	intentry,global,class=CODE,space=0,delta=2
    11                           	psect	config,global,abs,ovrld,class=CONFIG,space=4,delta=2,noexec
    12                           	dabs	1,0x7E,2
    13     0000                     
    14                           ; Version 2.20
    15                           ; Generated 12/02/2020 GMT
    16                           ; 
    17                           ; Copyright © 2020, Microchip Technology Inc. and its subsidiaries ("Microchip")
    18                           ; All rights reserved.
    19                           ; 
    20                           ; This software is developed by Microchip Technology Inc. and its subsidiaries ("Microch
      +                          ip").
    21                           ; 
    22                           ; Redistribution and use in source and binary forms, with or without modification, are
    23                           ; permitted provided that the following conditions are met:
    24                           ; 
    25                           ;     1. Redistributions of source code must retain the above copyright notice, this lis
      +                          t of
    26                           ;        conditions and the following disclaimer.
    27                           ; 
    28                           ;     2. Redistributions in binary form must reproduce the above copyright notice, this 
      +                          list
    29                           ;        of conditions and the following disclaimer in the documentation and/or other
    30                           ;        materials provided with the distribution.
    31                           ; 
    32                           ;     3. Microchip's name may not be used to endorse or promote products derived from th
      +                          is
    33                           ;        software without specific prior written permission.
    34                           ; 
    35                           ; THIS SOFTWARE IS PROVIDED BY MICROCHIP "AS IS" AND ANY EXPRESS OR IMPLIED WARRANTIES,
    36                           ; INCLUDING, BUT NOT LIMITED TO, THE IMPLIED WARRANTIES OF MERCHANTABILITY AND FITNESS F
      +                          OR
    37                           ; PURPOSE ARE DISCLAIMED.  IN NO EVENT SHALL MICROCHIP BE LIABLE FOR ANY DIRECT, INDIREC
      +                          T,
    38                           ; INCIDENTAL, SPECIAL, EXEMPLARY, OR CONSEQUENTIAL DAMAGES (INCLUDING BUT NOT LIMITED TO
    39                           ; PROCUREMENT OF SUBSTITUTE GOODS OR SERVICES; LOSS OF USE, DATA OR PROFITS; OR BUSINESS
    40                           ; INTERRUPTION) HOWSOEVER CAUSED AND ON ANY THEORY OF LIABILITY, WHETHER IN CONTRACT, ST
      +                          RICT
    41                           ; LIABILITY, OR TORT (INCLUDING NEGLIGENCE OR OTHERWISE) ARISING IN ANY WAY OUT OF THE U
      +                          SE OF
    42                           ; THIS SOFTWARE, EVEN IF ADVISED OF THE POSSIBILITY OF SUCH DAMAGE.
    43                           ; 
    44                           ; 
    45                           ; Code-generator required, PIC16F877A Definitions
    46                           ; 
    47                           ; SFR Addresses
    48     0004                     fsr             equ	4
    49     0004                     fsr0            equ	4
    50     0000                     indf            equ	0
    51     0000                     indf0           equ	0
    52     0002                     pc              equ	2
    53     0002                     pcl             equ	2
    54     000A                     pclath          equ	10
    55     0003                     status          equ	3
    56     0000                     INDF            equ	0	;# 
    57     0001                     TMR0            equ	1	;# 
    58     0002                     PCL             equ	2	;# 
    59     0003                     STATUS          equ	3	;# 
    60     0004                     FSR             equ	4	;# 
    61     0005                     PORTA           equ	5	;# 
    62     0006                     PORTB           equ	6	;# 
    63     0007                     PORTC           equ	7	;# 
    64     0008                     PORTD           equ	8	;# 
    65     0009                     PORTE           equ	9	;# 
    66     000A                     PCLATH          equ	10	;# 
    67     000B                     INTCON          equ	11	;# 
    68     000C                     PIR1            equ	12	;# 
    69     000D                     PIR2            equ	13	;# 
    70     000E                     TMR1            equ	14	;# 
    71     000E                     TMR1L           equ	14	;# 
    72     000F                     TMR1H           equ	15	;# 
    73     0010                     T1CON           equ	16	;# 
    74     0011                     TMR2            equ	17	;# 
    75     0012                     T2CON           equ	18	;# 
    76     0013                     SSPBUF          equ	19	;# 
    77     0014                     SSPCON          equ	20	;# 
    78     0015                     CCPR1           equ	21	;# 
    79     0015                     CCPR1L          equ	21	;# 
    80     0016                     CCPR1H          equ	22	;# 
    81     0017                     CCP1CON         equ	23	;# 
    82     0018                     RCSTA           equ	24	;# 
    83     0019                     TXREG           equ	25	;# 
    84     001A                     RCREG           equ	26	;# 
    85     001B                     CCPR2           equ	27	;# 
    86     001B                     CCPR2L          equ	27	;# 
    87     001C                     CCPR2H          equ	28	;# 
    88     001D                     CCP2CON         equ	29	;# 
    89     001E                     ADRESH          equ	30	;# 
    90     001F                     ADCON0          equ	31	;# 
    91     0081                     OPTION_REG      equ	129	;# 
    92     0085                     TRISA           equ	133	;# 
    93     0086                     TRISB           equ	134	;# 
    94     0087                     TRISC           equ	135	;# 
    95     0088                     TRISD           equ	136	;# 
    96     0089                     TRISE           equ	137	;# 
    97     008C                     PIE1            equ	140	;# 
    98     008D                     PIE2            equ	141	;# 
    99     008E                     PCON            equ	142	;# 
   100     0091                     SSPCON2         equ	145	;# 
   101     0092                     PR2             equ	146	;# 
   102     0093                     SSPADD          equ	147	;# 
   103     0094                     SSPSTAT         equ	148	;# 
   104     0098                     TXSTA           equ	152	;# 
   105     0099                     SPBRG           equ	153	;# 
   106     009C                     CMCON           equ	156	;# 
   107     009D                     CVRCON          equ	157	;# 
   108     009E                     ADRESL          equ	158	;# 
   109     009F                     ADCON1          equ	159	;# 
   110     010C                     EEDATA          equ	268	;# 
   111     010D                     EEADR           equ	269	;# 
   112     010E                     EEDATH          equ	270	;# 
   113     010F                     EEADRH          equ	271	;# 
   114     018C                     EECON1          equ	396	;# 
   115     018D                     EECON2          equ	397	;# 
   116     0000                     INDF            equ	0	;# 
   117     0001                     TMR0            equ	1	;# 
   118     0002                     PCL             equ	2	;# 
   119     0003                     STATUS          equ	3	;# 
   120     0004                     FSR             equ	4	;# 
   121     0005                     PORTA           equ	5	;# 
   122     0006                     PORTB           equ	6	;# 
   123     0007                     PORTC           equ	7	;# 
   124     0008                     PORTD           equ	8	;# 
   125     0009                     PORTE           equ	9	;# 
   126     000A                     PCLATH          equ	10	;# 
   127     000B                     INTCON          equ	11	;# 
   128     000C                     PIR1            equ	12	;# 
   129     000D                     PIR2            equ	13	;# 
   130     000E                     TMR1            equ	14	;# 
   131     000E                     TMR1L           equ	14	;# 
   132     000F                     TMR1H           equ	15	;# 
   133     0010                     T1CON           equ	16	;# 
   134     0011                     TMR2            equ	17	;# 
   135     0012                     T2CON           equ	18	;# 
   136     0013                     SSPBUF          equ	19	;# 
   137     0014                     SSPCON          equ	20	;# 
   138     0015                     CCPR1           equ	21	;# 
   139     0015                     CCPR1L          equ	21	;# 
   140     0016                     CCPR1H          equ	22	;# 
   141     0017                     CCP1CON         equ	23	;# 
   142     0018                     RCSTA           equ	24	;# 
   143     0019                     TXREG           equ	25	;# 
   144     001A                     RCREG           equ	26	;# 
   145     001B                     CCPR2           equ	27	;# 
   146     001B                     CCPR2L          equ	27	;# 
   147     001C                     CCPR2H          equ	28	;# 
   148     001D                     CCP2CON         equ	29	;# 
   149     001E                     ADRESH          equ	30	;# 
   150     001F                     ADCON0          equ	31	;# 
   151     0081                     OPTION_REG      equ	129	;# 
   152     0085                     TRISA           equ	133	;# 
   153     0086                     TRISB           equ	134	;# 
   154     0087                     TRISC           equ	135	;# 
   155     0088                     TRISD           equ	136	;# 
   156     0089                     TRISE           equ	137	;# 
   157     008C                     PIE1            equ	140	;# 
   158     008D                     PIE2            equ	141	;# 
   159     008E                     PCON            equ	142	;# 
   160     0091                     SSPCON2         equ	145	;# 
   161     0092                     PR2             equ	146	;# 
   162     0093                     SSPADD          equ	147	;# 
   163     0094                     SSPSTAT         equ	148	;# 
   164     0098                     TXSTA           equ	152	;# 
   165     0099                     SPBRG           equ	153	;# 
   166     009C                     CMCON           equ	156	;# 
   167     009D                     CVRCON          equ	157	;# 
   168     009E                     ADRESL          equ	158	;# 
   169     009F                     ADCON1          equ	159	;# 
   170     010C                     EEDATA          equ	268	;# 
   171     010D                     EEADR           equ	269	;# 
   172     010E                     EEDATH          equ	270	;# 
   173     010F                     EEADRH          equ	271	;# 
   174     018C                     EECON1          equ	396	;# 
   175     018D                     EECON2          equ	397	;# 
   176     0000                     INDF            equ	0	;# 
   177     0001                     TMR0            equ	1	;# 
   178     0002                     PCL             equ	2	;# 
   179     0003                     STATUS          equ	3	;# 
   180     0004                     FSR             equ	4	;# 
   181     0005                     PORTA           equ	5	;# 
   182     0006                     PORTB           equ	6	;# 
   183     0007                     PORTC           equ	7	;# 
   184     0008                     PORTD           equ	8	;# 
   185     0009                     PORTE           equ	9	;# 
   186     000A                     PCLATH          equ	10	;# 
   187     000B                     INTCON          equ	11	;# 
   188     000C                     PIR1            equ	12	;# 
   189     000D                     PIR2            equ	13	;# 
   190     000E                     TMR1            equ	14	;# 
   191     000E                     TMR1L           equ	14	;# 
   192     000F                     TMR1H           equ	15	;# 
   193     0010                     T1CON           equ	16	;# 
   194     0011                     TMR2            equ	17	;# 
   195     0012                     T2CON           equ	18	;# 
   196     0013                     SSPBUF          equ	19	;# 
   197     0014                     SSPCON          equ	20	;# 
   198     0015                     CCPR1           equ	21	;# 
   199     0015                     CCPR1L          equ	21	;# 
   200     0016                     CCPR1H          equ	22	;# 
   201     0017                     CCP1CON         equ	23	;# 
   202     0018                     RCSTA           equ	24	;# 
   203     0019                     TXREG           equ	25	;# 
   204     001A                     RCREG           equ	26	;# 
   205     001B                     CCPR2           equ	27	;# 
   206     001B                     CCPR2L          equ	27	;# 
   207     001C                     CCPR2H          equ	28	;# 
   208     001D                     CCP2CON         equ	29	;# 
   209     001E                     ADRESH          equ	30	;# 
   210     001F                     ADCON0          equ	31	;# 
   211     0081                     OPTION_REG      equ	129	;# 
   212     0085                     TRISA           equ	133	;# 
   213     0086                     TRISB           equ	134	;# 
   214     0087                     TRISC           equ	135	;# 
   215     0088                     TRISD           equ	136	;# 
   216     0089                     TRISE           equ	137	;# 
   217     008C                     PIE1            equ	140	;# 
   218     008D                     PIE2            equ	141	;# 
   219     008E                     PCON            equ	142	;# 
   220     0091                     SSPCON2         equ	145	;# 
   221     0092                     PR2             equ	146	;# 
   222     0093                     SSPADD          equ	147	;# 
   223     0094                     SSPSTAT         equ	148	;# 
   224     0098                     TXSTA           equ	152	;# 
   225     0099                     SPBRG           equ	153	;# 
   226     009C                     CMCON           equ	156	;# 
   227     009D                     CVRCON          equ	157	;# 
   228     009E                     ADRESL          equ	158	;# 
   229     009F                     ADCON1          equ	159	;# 
   230     010C                     EEDATA          equ	268	;# 
   231     010D                     EEADR           equ	269	;# 
   232     010E                     EEDATH          equ	270	;# 
   233     010F                     EEADRH          equ	271	;# 
   234     018C                     EECON1          equ	396	;# 
   235     018D                     EECON2          equ	397	;# 
   236     0000                     INDF            equ	0	;# 
   237     0001                     TMR0            equ	1	;# 
   238     0002                     PCL             equ	2	;# 
   239     0003                     STATUS          equ	3	;# 
   240     0004                     FSR             equ	4	;# 
   241     0005                     PORTA           equ	5	;# 
   242     0006                     PORTB           equ	6	;# 
   243     0007                     PORTC           equ	7	;# 
   244     0008                     PORTD           equ	8	;# 
   245     0009                     PORTE           equ	9	;# 
   246     000A                     PCLATH          equ	10	;# 
   247     000B                     INTCON          equ	11	;# 
   248     000C                     PIR1            equ	12	;# 
   249     000D                     PIR2            equ	13	;# 
   250     000E                     TMR1            equ	14	;# 
   251     000E                     TMR1L           equ	14	;# 
   252     000F                     TMR1H           equ	15	;# 
   253     0010                     T1CON           equ	16	;# 
   254     0011                     TMR2            equ	17	;# 
   255     0012                     T2CON           equ	18	;# 
   256     0013                     SSPBUF          equ	19	;# 
   257     0014                     SSPCON          equ	20	;# 
   258     0015                     CCPR1           equ	21	;# 
   259     0015                     CCPR1L          equ	21	;# 
   260     0016                     CCPR1H          equ	22	;# 
   261     0017                     CCP1CON         equ	23	;# 
   262     0018                     RCSTA           equ	24	;# 
   263     0019                     TXREG           equ	25	;# 
   264     001A                     RCREG           equ	26	;# 
   265     001B                     CCPR2           equ	27	;# 
   266     001B                     CCPR2L          equ	27	;# 
   267     001C                     CCPR2H          equ	28	;# 
   268     001D                     CCP2CON         equ	29	;# 
   269     001E                     ADRESH          equ	30	;# 
   270     001F                     ADCON0          equ	31	;# 
   271     0081                     OPTION_REG      equ	129	;# 
   272     0085                     TRISA           equ	133	;# 
   273     0086                     TRISB           equ	134	;# 
   274     0087                     TRISC           equ	135	;# 
   275     0088                     TRISD           equ	136	;# 
   276     0089                     TRISE           equ	137	;# 
   277     008C                     PIE1            equ	140	;# 
   278     008D                     PIE2            equ	141	;# 
   279     008E                     PCON            equ	142	;# 
   280     0091                     SSPCON2         equ	145	;# 
   281     0092                     PR2             equ	146	;# 
   282     0093                     SSPADD          equ	147	;# 
   283     0094                     SSPSTAT         equ	148	;# 
   284     0098                     TXSTA           equ	152	;# 
   285     0099                     SPBRG           equ	153	;# 
   286     009C                     CMCON           equ	156	;# 
   287     009D                     CVRCON          equ	157	;# 
   288     009E                     ADRESL          equ	158	;# 
   289     009F                     ADCON1          equ	159	;# 
   290     010C                     EEDATA          equ	268	;# 
   291     010D                     EEADR           equ	269	;# 
   292     010E                     EEDATH          equ	270	;# 
   293     010F                     EEADRH          equ	271	;# 
   294     018C                     EECON1          equ	396	;# 
   295     018D                     EECON2          equ	397	;# 
   296     0008                     _PORTD          set	8
   297     005C                     _INTE           set	92
   298     0040                     _RD0            set	64
   299     0059                     _INTF           set	89
   300     0041                     _RD1            set	65
   301     005F                     _GIE            set	95
   302     0088                     _TRISD          set	136
   303     040E                     _INTEDG         set	1038
   304                           
   305                           	psect	cinit
   306     000F                     start_initialization:	
   307                           ; #config settings
   308                           
   309     000F                     __initialization:
   310     000F                     end_of_initialization:	
   311                           ;End of C runtime variable initialization code
   312                           
   313     000F                     __end_of__initialization:
   314     000F  0183               	clrf	3
   315     0010  120A  118A  2813   	ljmp	_main	;jump to C main() function
   316                           
   317                           	psect	cstackCOMMON
   318     0070                     __pcstackCOMMON:
   319     0070                     ?_init_ext_int:
   320     0070                     ?_init_config:	
   321                           ; 1 bytes @ 0x0
   322                           
   323     0070                     ?_main:	
   324                           ; 1 bytes @ 0x0
   325                           
   326     0070                     ?_isr:	
   327                           ; 1 bytes @ 0x0
   328                           
   329     0070                     ??_isr:	
   330                           ; 1 bytes @ 0x0
   331                           
   332                           
   333                           ; 1 bytes @ 0x0
   334     0070                     	ds	2
   335     0072                     ??_init_ext_int:
   336     0072                     ??_init_config:	
   337                           ; 1 bytes @ 0x2
   338                           
   339     0072                     ??_main:	
   340                           ; 1 bytes @ 0x2
   341                           
   342                           
   343                           ; 1 bytes @ 0x2
   344     0072                     	ds	4
   345     0076                     main@i:
   346                           
   347                           ; 4 bytes @ 0x6
   348     0076                     	ds	4
   349     007A                     main@count:
   350                           
   351                           ; 1 bytes @ 0xA
   352     007A                     	ds	1
   353                           
   354                           	psect	maintext
   355     0013                     __pmaintext:	
   356 ;;
   357 ;;Main: autosize = 0, tempsize = 4, incstack = 0, save=0
   358 ;;
   359 ;; *************** function _main *****************
   360 ;; Defined at:
   361 ;;		line 21 in file "main.c"
   362 ;; Parameters:    Size  Location     Type
   363 ;;		None
   364 ;; Auto vars:     Size  Location     Type
   365 ;;  i               4    6[COMMON] unsigned long 
   366 ;;  count           1   10[COMMON] unsigned char 
   367 ;;  key             1    0        unsigned char 
   368 ;; Return value:  Size  Location     Type
   369 ;;                  1    wreg      void 
   370 ;; Registers used:
   371 ;;		wreg, status,2, status,0, pclath, cstack
   372 ;; Tracked objects:
   373 ;;		On entry : B00/0
   374 ;;		On exit  : 0/0
   375 ;;		Unchanged: 0/0
   376 ;; Data sizes:     COMMON   BANK0   BANK1   BANK3   BANK2
   377 ;;      Params:         0       0       0       0       0
   378 ;;      Locals:         5       0       0       0       0
   379 ;;      Temps:          4       0       0       0       0
   380 ;;      Totals:         9       0       0       0       0
   381 ;;Total ram usage:        9 bytes
   382 ;; Hardware stack levels required when called: 3
   383 ;; This function calls:
   384 ;;		_init_config
   385 ;; This function is called by:
   386 ;;		Startup code after reset
   387 ;; This function uses a non-reentrant model
   388 ;;
   389                           
   390     0013                     _main:	
   391                           ;psect for function _main
   392                           
   393     0013                     l595:	
   394                           ;incstack = 0
   395                           ; Regs used in _main: [wreg+status,2+status,0+pclath+cstack]
   396                           
   397                           
   398                           ;main.c: 22:             for (i = 100000; i--; );
   399     0013  3005               	movlw	5
   400     0014  00FA               	movwf	main@count
   401     0015                     l597:
   402                           
   403                           ;main.c: 23: ;main.c: 24:             count--;;main.c: 26:         else
   404     0015  120A  118A  206F  120A  118A  	fcall	_init_config
   405     001A                     l599:
   406                           
   407                           ;main.c: 29: 
   408     001A  087A               	movf	main@count,w
   409     001B  1903               	btfsc	3,2
   410     001C  281E               	goto	u11
   411     001D  281F               	goto	u10
   412     001E                     u11:
   413     001E  2858               	goto	l19
   414     001F                     u10:
   415     001F                     l601:
   416                           
   417                           ;main.c: 30: ;main.c: 32:             __asm("sleep");
   418     001F  3002               	movlw	2
   419     0020  1283               	bcf	3,5	;RP0=0, select bank0
   420     0021  1303               	bcf	3,6	;RP1=0, select bank0
   421     0022  0688               	xorwf	8,f
   422                           
   423                           ;main.c: 33:         }
   424     0023  3000               	movlw	0
   425     0024  00F9               	movwf	main@i+3
   426     0025  3001               	movlw	1
   427     0026  00F8               	movwf	main@i+2
   428     0027  3086               	movlw	134
   429     0028  00F7               	movwf	main@i+1
   430     0029  30A0               	movlw	160
   431     002A  00F6               	movwf	main@i
   432     002B                     l603:
   433     002B  3001               	movlw	1
   434     002C  00F2               	movwf	??_main
   435     002D  3000               	movlw	0
   436     002E  00F3               	movwf	??_main+1
   437     002F  3000               	movlw	0
   438     0030  00F4               	movwf	??_main+2
   439     0031  3000               	movlw	0
   440     0032  00F5               	movwf	??_main+3
   441     0033  0872               	movf	??_main,w
   442     0034  02F6               	subwf	main@i,f
   443     0035  0873               	movf	??_main+1,w
   444     0036  1C03               	skipc
   445     0037  0F73               	incfsz	??_main+1,w
   446     0038  283A               	goto	u25
   447     0039  283B               	goto	u26
   448     003A                     u25:
   449     003A  02F7               	subwf	main@i+1,f
   450     003B                     u26:
   451     003B  0874               	movf	??_main+2,w
   452     003C  1C03               	skipc
   453     003D  0F74               	incfsz	??_main+2,w
   454     003E  2840               	goto	u27
   455     003F  2841               	goto	u28
   456     0040                     u27:
   457     0040  02F8               	subwf	main@i+2,f
   458     0041                     u28:
   459     0041  0875               	movf	??_main+3,w
   460     0042  1C03               	skipc
   461     0043  0F75               	incfsz	??_main+3,w
   462     0044  2846               	goto	u29
   463     0045  2847               	goto	u20
   464     0046                     u29:
   465     0046  02F9               	subwf	main@i+3,f
   466     0047                     u20:
   467     0047  0A76               	incf	main@i,w
   468     0048  1D03               	skipz
   469     0049  2854               	goto	u31
   470     004A  0A77               	incf	main@i+1,w
   471     004B  1D03               	skipz
   472     004C  2854               	goto	u31
   473     004D  0A78               	incf	main@i+2,w
   474     004E  1D03               	skipz
   475     004F  2854               	goto	u31
   476     0050  0A79               	incf	main@i+3,w
   477     0051  1D03               	btfss	3,2
   478     0052  2854               	goto	u31
   479     0053  2855               	goto	u30
   480     0054                     u31:
   481     0054  282B               	goto	l603
   482     0055                     u30:
   483     0055                     l605:
   484                           
   485                           ;main.c: 35:     return;
   486     0055  3001               	movlw	1
   487     0056  02FA               	subwf	main@count,f
   488                           
   489                           ;main.c: 36: }
   490     0057  281A               	goto	l599
   491     0058                     l19:
   492     0058  3005               	movlw	5
   493     0059  00FA               	movwf	main@count
   494     005A  0063               	sleep	;# 
   495     005B  281A               	goto	l599
   496     005C  120A  118A  280C   	ljmp	start
   497     005F                     __end_of_main:
   498                           
   499                           	psect	text1
   500     006F                     __ptext1:	
   501 ;; *************** function _init_config *****************
   502 ;; Defined at:
   503 ;;		line 11 in file "main.c"
   504 ;; Parameters:    Size  Location     Type
   505 ;;		None
   506 ;; Auto vars:     Size  Location     Type
   507 ;;		None
   508 ;; Return value:  Size  Location     Type
   509 ;;                  1    wreg      void 
   510 ;; Registers used:
   511 ;;		status,2, status,0, pclath, cstack
   512 ;; Tracked objects:
   513 ;;		On entry : 0/0
   514 ;;		On exit  : 0/0
   515 ;;		Unchanged: 0/0
   516 ;; Data sizes:     COMMON   BANK0   BANK1   BANK3   BANK2
   517 ;;      Params:         0       0       0       0       0
   518 ;;      Locals:         0       0       0       0       0
   519 ;;      Temps:          0       0       0       0       0
   520 ;;      Totals:         0       0       0       0       0
   521 ;;Total ram usage:        0 bytes
   522 ;; Hardware stack levels used: 1
   523 ;; Hardware stack levels required when called: 2
   524 ;; This function calls:
   525 ;;		_init_ext_int
   526 ;; This function is called by:
   527 ;;		_main
   528 ;; This function uses a non-reentrant model
   529 ;;
   530                           
   531     006F                     _init_config:	
   532                           ;psect for function _init_config
   533                           
   534     006F                     l589:	
   535                           ;incstack = 0
   536                           ; Regs used in _init_config: [status,2+status,0+pclath+cstack]
   537                           
   538                           
   539                           ;main.c: 12:     unsigned long i;
   540     006F  1283               	bcf	3,5	;RP0=0, select bank0
   541     0070  1303               	bcf	3,6	;RP1=0, select bank0
   542     0071  0188               	clrf	8	;volatile
   543                           
   544                           ;main.c: 13:     unsigned char key;
   545     0072  1683               	bsf	3,5	;RP0=1, select bank1
   546     0073  1303               	bcf	3,6	;RP1=0, select bank1
   547     0074  0188               	clrf	8	;volatile
   548     0075                     l591:
   549                           
   550                           ;main.c: 15:     init_config();
   551     0075  120A  118A  207C  120A  118A  	fcall	_init_ext_int
   552     007A                     l593:
   553                           
   554                           ;main.c: 18:         if (count != 0)
   555     007A  178B               	bsf	11,7	;volatile
   556     007B                     l13:
   557     007B  0008               	return
   558     007C                     __end_of_init_config:
   559                           
   560                           	psect	text2
   561     007C                     __ptext2:	
   562 ;; *************** function _init_ext_int *****************
   563 ;; Defined at:
   564 ;;		line 3 in file "external_interrupt.c"
   565 ;; Parameters:    Size  Location     Type
   566 ;;		None
   567 ;; Auto vars:     Size  Location     Type
   568 ;;		None
   569 ;; Return value:  Size  Location     Type
   570 ;;                  1    wreg      void 
   571 ;; Registers used:
   572 ;;		None
   573 ;; Tracked objects:
   574 ;;		On entry : 0/0
   575 ;;		On exit  : 0/0
   576 ;;		Unchanged: 0/0
   577 ;; Data sizes:     COMMON   BANK0   BANK1   BANK3   BANK2
   578 ;;      Params:         0       0       0       0       0
   579 ;;      Locals:         0       0       0       0       0
   580 ;;      Temps:          0       0       0       0       0
   581 ;;      Totals:         0       0       0       0       0
   582 ;;Total ram usage:        0 bytes
   583 ;; Hardware stack levels used: 1
   584 ;; Hardware stack levels required when called: 1
   585 ;; This function calls:
   586 ;;		Nothing
   587 ;; This function is called by:
   588 ;;		_init_config
   589 ;; This function uses a non-reentrant model
   590 ;;
   591                           
   592     007C                     _init_ext_int:	
   593                           ;psect for function _init_ext_int
   594                           
   595     007C                     l587:	
   596                           ;incstack = 0
   597                           ; Regs used in _init_ext_int: []
   598                           
   599                           
   600                           ;external_interrupt.c: 6:     INTEDG = 0;
   601     007C  1683               	bsf	3,5	;RP0=1, select bank1
   602     007D  1303               	bcf	3,6	;RP1=0, select bank1
   603     007E  1301               	bcf	1,6	;volatile
   604                           
   605                           ;external_interrupt.c: 8:     INTE = 1;
   606     007F  160B               	bsf	11,4	;volatile
   607     0080                     l43:
   608     0080  0008               	return
   609     0081                     __end_of_init_ext_int:
   610                           
   611                           	psect	text3
   612     005F                     __ptext3:	
   613 ;; *************** function _isr *****************
   614 ;; Defined at:
   615 ;;		line 4 in file "isr.c"
   616 ;; Parameters:    Size  Location     Type
   617 ;;		None
   618 ;; Auto vars:     Size  Location     Type
   619 ;;		None
   620 ;; Return value:  Size  Location     Type
   621 ;;                  1    wreg      void 
   622 ;; Registers used:
   623 ;;		wreg
   624 ;; Tracked objects:
   625 ;;		On entry : 0/0
   626 ;;		On exit  : 0/0
   627 ;;		Unchanged: 0/0
   628 ;; Data sizes:     COMMON   BANK0   BANK1   BANK3   BANK2
   629 ;;      Params:         0       0       0       0       0
   630 ;;      Locals:         0       0       0       0       0
   631 ;;      Temps:          2       0       0       0       0
   632 ;;      Totals:         2       0       0       0       0
   633 ;;Total ram usage:        2 bytes
   634 ;; Hardware stack levels used: 1
   635 ;; This function calls:
   636 ;;		Nothing
   637 ;; This function is called by:
   638 ;;		Interrupt level 1
   639 ;; This function uses a non-reentrant model
   640 ;;
   641                           
   642     005F                     _isr:	
   643                           ;psect for function _isr
   644                           
   645     005F                     i1l607:
   646                           
   647                           ;isr.c: 6:     if (INTF == 1)
   648     005F  1C8B               	btfss	11,1	;volatile
   649     0060  2862               	goto	u4_21
   650     0061  2863               	goto	u4_20
   651     0062                     u4_21:
   652     0062  2868               	goto	i1l36
   653     0063                     u4_20:
   654     0063                     i1l609:
   655                           
   656                           ;isr.c: 7:     {;isr.c: 8:         RD0 = !RD0;
   657     0063  3001               	movlw	1
   658     0064  1283               	bcf	3,5	;RP0=0, select bank0
   659     0065  1303               	bcf	3,6	;RP1=0, select bank0
   660     0066  0688               	xorwf	8,f
   661     0067                     i1l611:
   662                           
   663                           ;isr.c: 10:         INTF = 0;
   664     0067  108B               	bcf	11,1	;volatile
   665     0068                     i1l36:
   666     0068  0871               	movf	??_isr+1,w
   667     0069  008A               	movwf	10
   668     006A  0E70               	swapf	??_isr,w
   669     006B  0083               	movwf	3
   670     006C  0EFE               	swapf	btemp,f
   671     006D  0E7E               	swapf	btemp,w
   672     006E  0009               	retfie
   673     006F                     __end_of_isr:
   674     0002                     ___latbits      equ	2
   675     007E                     btemp           set	126	;btemp
   676     007E                     btemp0          set	126
   677     007F                     btemp1          set	127
   678     007E                     wtemp0          set	126
   679     007F                     wtemp0a         set	127
   680     007F                     ttemp0a         set	127
   681     0080                     ltemp0a         set	128
   682                           
   683                           	psect	intentry
   684     0004                     __pintentry:	
   685                           ;incstack = 0
   686                           ; Regs used in _isr: [wreg]
   687                           
   688     0004                     interrupt_function:
   689     007E                     saved_w         set	btemp
   690     0004  00FE               	movwf	btemp
   691     0005  0E03               	swapf	3,w
   692     0006  00F0               	movwf	??_isr
   693     0007  080A               	movf	10,w
   694     0008  00F1               	movwf	??_isr+1
   695     0009  120A  118A  285F   	ljmp	_isr
   696                           
   697                           	psect	config
   698                           
   699                           ;Config register CONFIG @ 0x2007
   700                           ;	Oscillator Selection bits
   701                           ;	FOSC = 0x3, unprogrammed default
   702                           ;	Watchdog Timer Enable bit
   703                           ;	WDTE = OFF, WDT disabled
   704                           ;	Power-up Timer Enable bit
   705                           ;	PWRTE = 0x1, unprogrammed default
   706                           ;	Brown-out Reset Enable bit
   707                           ;	BOREN = 0x1, unprogrammed default
   708                           ;	Low-Voltage (Single-Supply) In-Circuit Serial Programming Enable bit
   709                           ;	LVP = 0x1, unprogrammed default
   710                           ;	Data EEPROM Memory Code Protection bit
   711                           ;	CPD = 0x1, unprogrammed default
   712                           ;	Flash Program Memory Write Enable bits
   713                           ;	WRT = 0x3, unprogrammed default
   714                           ;	In-Circuit Debugger Mode bit
   715                           ;	DEBUG = 0x1, unprogrammed default
   716                           ;	Flash Program Memory Code Protection bit
   717                           ;	CP = 0x1, unprogrammed default
   718     2007                     	org	8199
   719     2007  3FFB               	dw	16379

Data Sizes:
    Strings     0
    Constant    0
    Data        0
    BSS         0
    Persistent  0
    Stack       0

Auto Spaces:
    Space          Size  Autos    Used
    COMMON           14     11      11
    BANK0            80      0       0
    BANK1            80      0       0
    BANK3            96      0       0
    BANK2            96      0       0

Pointer List with Targets:

    None.

Critical Paths under _main in COMMON

    None.

Critical Paths under _isr in COMMON

    None.

Critical Paths under _main in BANK0

    None.

Critical Paths under _isr in BANK0

    None.

Critical Paths under _main in BANK1

    None.

Critical Paths under _isr in BANK1

    None.

Critical Paths under _main in BANK3

    None.

Critical Paths under _isr in BANK3

    None.

Critical Paths under _main in BANK2

    None.

Critical Paths under _isr in BANK2

    None.

Call Graph Tables:

 ---------------------------------------------------------------------------------
 (Depth) Function   	        Calls       Base Space   Used Autos Params    Refs
 ---------------------------------------------------------------------------------
 (0) _main                                                10    10      0      30
                                              2 COMMON     9     9      0
                        _init_config
 ---------------------------------------------------------------------------------
 (1) _init_config                                          0     0      0       0
                       _init_ext_int
 ---------------------------------------------------------------------------------
 (2) _init_ext_int                                         0     0      0       0
 ---------------------------------------------------------------------------------
 Estimated maximum stack depth 2
 ---------------------------------------------------------------------------------
 (Depth) Function   	        Calls       Base Space   Used Autos Params    Refs
 ---------------------------------------------------------------------------------
 (3) _isr                                                  2     2      0       0
                                              0 COMMON     2     2      0
 ---------------------------------------------------------------------------------
 Estimated maximum stack depth 3
 ---------------------------------------------------------------------------------

 Call Graph Graphs:

 _main (ROOT)
   _init_config
     _init_ext_int

 _isr (ROOT)

Address spaces:
Name               Size   Autos  Total    Usage
BITCOMMON           14      0       0      0.0%
BITBANK0            80      0       0      0.0%
BITBANK1            80      0       0      0.0%
BITBANK3            96      0       0      0.0%
BITBANK2            96      0       0      0.0%
COMMON              14     11      11     78.6%
BANK0               80      0       0      0.0%
BANK1               80      0       0      0.0%
BANK3               96      0       0      0.0%
BANK2               96      0       0      0.0%
STACK                0      0       0      0.0%
DATA                 0      0      11      0.0%


Microchip Technology PIC Macro Assembler V3.10 build 20250813170317 
Symbol Table                                                                                   Sat May  2 11:40:13 2026

                     l13 007B                       l43 0080                       l19 0058  
                     u10 001F                       u11 001E                       u20 0047  
                     u30 0055                       u31 0054                       u25 003A  
                     u26 003B                       u27 0040                       u28 0041  
                     u29 0046                      l601 001F                      l603 002B  
                    l605 0055                      l591 0075                      l593 007A  
                    l587 007C                      l595 0013                      l589 006F  
                    l597 0015                      l599 001A                      _GIE 005F  
                    _RD0 0040                      _RD1 0041                      _isr 005F  
                   ?_isr 0070                     _INTE 005C                     _INTF 0059  
                   i1l36 0068                     u4_20 0063                     u4_21 0062  
                   _main 0013                     btemp 007E                     start 000C  
                  ??_isr 0070                    ?_main 0070                    i1l611 0067  
                  i1l607 005F                    i1l609 0063             ?_init_config 0070  
                  _PORTD 0008                    _TRISD 0088                    btemp0 007E  
                  btemp1 007F                    main@i 0076                    pclath 000A  
                  status 0003                    wtemp0 007E          __initialization 000F  
           __end_of_main 005F                   ??_main 0072                   _INTEDG 040E  
          ?_init_ext_int 0070                   ltemp0a 0080                   saved_w 007E  
                 ttemp0a 007F                   wtemp0a 007F  __end_of__initialization 000F  
         ??_init_ext_int 0072           __pcstackCOMMON 0070               __pmaintext 0013  
             __pintentry 0004                  __ptext1 006F                  __ptext2 007C  
                __ptext3 005F     __end_of_init_ext_int 0081     end_of_initialization 000F  
    start_initialization 000F              __end_of_isr 006F            ??_init_config 0072  
              ___latbits 0002             _init_ext_int 007C      __end_of_init_config 007C  
      interrupt_function 0004                main@count 007A              _init_config 006F  
               intlevel1 0000  
