

Microchip MPLAB XC8 Assembler V3.10 build 20250813170317 
                                                                                               Thu Jul 16 12:31:18 2026

Microchip MPLAB XC8 C Compiler v3.10 (Free license) build 20250813170317 Og1 
     1                           	processor	16F877A
     2                           	pagewidth 120
     3                           	opt	flic
     4                           	psect	strings,global,class=STRING,space=0,delta=2,noexec
     5                           	psect	cinit,global,class=CODE,space=0,merge=1,delta=2
     6                           	psect	bssBANK0,global,class=BANK0,space=1,delta=1,noexec
     7                           	psect	cstackCOMMON,global,class=COMMON,space=1,delta=1,noexec
     8                           	psect	cstackBANK0,global,class=BANK0,space=1,delta=1,noexec
     9                           	psect	maintext,global,class=CODE,space=0,split=1,delta=2
    10                           	psect	text1,local,class=CODE,space=0,merge=1,delta=2
    11                           	psect	text2,local,class=CODE,space=0,merge=1,delta=2
    12                           	psect	text3,local,class=CODE,space=0,merge=1,delta=2
    13                           	psect	text4,local,class=CODE,space=0,merge=1,delta=2
    14                           	psect	text5,local,class=CODE,space=0,merge=1,delta=2,group=1
    15                           	psect	text6,local,class=CODE,space=0,merge=1,delta=2
    16                           	psect	intentry,global,class=CODE,space=0,delta=2
    17                           	psect	idloc,global,abs,ovrld,class=IDLOC,space=5,delta=2,noexec
    18                           	psect	config,global,abs,ovrld,class=CONFIG,space=4,delta=2,noexec
    19                           	dabs	1,0x7E,2
    20     0000                     
    21                           ; Version 2.20
    22                           ; Generated 12/02/2020 GMT
    23                           ; 
    24                           ; Copyright © 2020, Microchip Technology Inc. and its subsidiaries ("Microchip")
    25                           ; All rights reserved.
    26                           ; 
    27                           ; This software is developed by Microchip Technology Inc. and its subsidiaries ("Microch
      +                          ip").
    28                           ; 
    29                           ; Redistribution and use in source and binary forms, with or without modification, are
    30                           ; permitted provided that the following conditions are met:
    31                           ; 
    32                           ;     1. Redistributions of source code must retain the above copyright notice, this lis
      +                          t of
    33                           ;        conditions and the following disclaimer.
    34                           ; 
    35                           ;     2. Redistributions in binary form must reproduce the above copyright notice, this 
      +                          list
    36                           ;        of conditions and the following disclaimer in the documentation and/or other
    37                           ;        materials provided with the distribution.
    38                           ; 
    39                           ;     3. Microchip's name may not be used to endorse or promote products derived from th
      +                          is
    40                           ;        software without specific prior written permission.
    41                           ; 
    42                           ; THIS SOFTWARE IS PROVIDED BY MICROCHIP "AS IS" AND ANY EXPRESS OR IMPLIED WARRANTIES,
    43                           ; INCLUDING, BUT NOT LIMITED TO, THE IMPLIED WARRANTIES OF MERCHANTABILITY AND FITNESS F
      +                          OR
    44                           ; PURPOSE ARE DISCLAIMED.  IN NO EVENT SHALL MICROCHIP BE LIABLE FOR ANY DIRECT, INDIREC
      +                          T,
    45                           ; INCIDENTAL, SPECIAL, EXEMPLARY, OR CONSEQUENTIAL DAMAGES (INCLUDING BUT NOT LIMITED TO
    46                           ; PROCUREMENT OF SUBSTITUTE GOODS OR SERVICES; LOSS OF USE, DATA OR PROFITS; OR BUSINESS
    47                           ; INTERRUPTION) HOWSOEVER CAUSED AND ON ANY THEORY OF LIABILITY, WHETHER IN CONTRACT, ST
      +                          RICT
    48                           ; LIABILITY, OR TORT (INCLUDING NEGLIGENCE OR OTHERWISE) ARISING IN ANY WAY OUT OF THE U
      +                          SE OF
    49                           ; THIS SOFTWARE, EVEN IF ADVISED OF THE POSSIBILITY OF SUCH DAMAGE.
    50                           ; 
    51                           ; 
    52                           ; Code-generator required, PIC16F877A Definitions
    53                           ; 
    54                           ; SFR Addresses
    55     0004                     fsr             equ	4
    56     0004                     fsr0            equ	4
    57     0000                     indf            equ	0
    58     0000                     indf0           equ	0
    59     0002                     pc              equ	2
    60     0002                     pcl             equ	2
    61     000A                     pclath          equ	10
    62     0003                     status          equ	3
    63     0000                     INDF            equ	0	;# 
    64     0001                     TMR0            equ	1	;# 
    65     0002                     PCL             equ	2	;# 
    66     0003                     STATUS          equ	3	;# 
    67     0004                     FSR             equ	4	;# 
    68     0005                     PORTA           equ	5	;# 
    69     0006                     PORTB           equ	6	;# 
    70     0007                     PORTC           equ	7	;# 
    71     0008                     PORTD           equ	8	;# 
    72     0009                     PORTE           equ	9	;# 
    73     000A                     PCLATH          equ	10	;# 
    74     000B                     INTCON          equ	11	;# 
    75     000C                     PIR1            equ	12	;# 
    76     000D                     PIR2            equ	13	;# 
    77     000E                     TMR1            equ	14	;# 
    78     000E                     TMR1L           equ	14	;# 
    79     000F                     TMR1H           equ	15	;# 
    80     0010                     T1CON           equ	16	;# 
    81     0011                     TMR2            equ	17	;# 
    82     0012                     T2CON           equ	18	;# 
    83     0013                     SSPBUF          equ	19	;# 
    84     0014                     SSPCON          equ	20	;# 
    85     0015                     CCPR1           equ	21	;# 
    86     0015                     CCPR1L          equ	21	;# 
    87     0016                     CCPR1H          equ	22	;# 
    88     0017                     CCP1CON         equ	23	;# 
    89     0018                     RCSTA           equ	24	;# 
    90     0019                     TXREG           equ	25	;# 
    91     001A                     RCREG           equ	26	;# 
    92     001B                     CCPR2           equ	27	;# 
    93     001B                     CCPR2L          equ	27	;# 
    94     001C                     CCPR2H          equ	28	;# 
    95     001D                     CCP2CON         equ	29	;# 
    96     001E                     ADRESH          equ	30	;# 
    97     001F                     ADCON0          equ	31	;# 
    98     0081                     OPTION_REG      equ	129	;# 
    99     0085                     TRISA           equ	133	;# 
   100     0086                     TRISB           equ	134	;# 
   101     0087                     TRISC           equ	135	;# 
   102     0088                     TRISD           equ	136	;# 
   103     0089                     TRISE           equ	137	;# 
   104     008C                     PIE1            equ	140	;# 
   105     008D                     PIE2            equ	141	;# 
   106     008E                     PCON            equ	142	;# 
   107     0091                     SSPCON2         equ	145	;# 
   108     0092                     PR2             equ	146	;# 
   109     0093                     SSPADD          equ	147	;# 
   110     0094                     SSPSTAT         equ	148	;# 
   111     0098                     TXSTA           equ	152	;# 
   112     0099                     SPBRG           equ	153	;# 
   113     009C                     CMCON           equ	156	;# 
   114     009D                     CVRCON          equ	157	;# 
   115     009E                     ADRESL          equ	158	;# 
   116     009F                     ADCON1          equ	159	;# 
   117     010C                     EEDATA          equ	268	;# 
   118     010D                     EEADR           equ	269	;# 
   119     010E                     EEDATH          equ	270	;# 
   120     010F                     EEADRH          equ	271	;# 
   121     018C                     EECON1          equ	396	;# 
   122     018D                     EECON2          equ	397	;# 
   123     0000                     INDF            equ	0	;# 
   124     0001                     TMR0            equ	1	;# 
   125     0002                     PCL             equ	2	;# 
   126     0003                     STATUS          equ	3	;# 
   127     0004                     FSR             equ	4	;# 
   128     0005                     PORTA           equ	5	;# 
   129     0006                     PORTB           equ	6	;# 
   130     0007                     PORTC           equ	7	;# 
   131     0008                     PORTD           equ	8	;# 
   132     0009                     PORTE           equ	9	;# 
   133     000A                     PCLATH          equ	10	;# 
   134     000B                     INTCON          equ	11	;# 
   135     000C                     PIR1            equ	12	;# 
   136     000D                     PIR2            equ	13	;# 
   137     000E                     TMR1            equ	14	;# 
   138     000E                     TMR1L           equ	14	;# 
   139     000F                     TMR1H           equ	15	;# 
   140     0010                     T1CON           equ	16	;# 
   141     0011                     TMR2            equ	17	;# 
   142     0012                     T2CON           equ	18	;# 
   143     0013                     SSPBUF          equ	19	;# 
   144     0014                     SSPCON          equ	20	;# 
   145     0015                     CCPR1           equ	21	;# 
   146     0015                     CCPR1L          equ	21	;# 
   147     0016                     CCPR1H          equ	22	;# 
   148     0017                     CCP1CON         equ	23	;# 
   149     0018                     RCSTA           equ	24	;# 
   150     0019                     TXREG           equ	25	;# 
   151     001A                     RCREG           equ	26	;# 
   152     001B                     CCPR2           equ	27	;# 
   153     001B                     CCPR2L          equ	27	;# 
   154     001C                     CCPR2H          equ	28	;# 
   155     001D                     CCP2CON         equ	29	;# 
   156     001E                     ADRESH          equ	30	;# 
   157     001F                     ADCON0          equ	31	;# 
   158     0081                     OPTION_REG      equ	129	;# 
   159     0085                     TRISA           equ	133	;# 
   160     0086                     TRISB           equ	134	;# 
   161     0087                     TRISC           equ	135	;# 
   162     0088                     TRISD           equ	136	;# 
   163     0089                     TRISE           equ	137	;# 
   164     008C                     PIE1            equ	140	;# 
   165     008D                     PIE2            equ	141	;# 
   166     008E                     PCON            equ	142	;# 
   167     0091                     SSPCON2         equ	145	;# 
   168     0092                     PR2             equ	146	;# 
   169     0093                     SSPADD          equ	147	;# 
   170     0094                     SSPSTAT         equ	148	;# 
   171     0098                     TXSTA           equ	152	;# 
   172     0099                     SPBRG           equ	153	;# 
   173     009C                     CMCON           equ	156	;# 
   174     009D                     CVRCON          equ	157	;# 
   175     009E                     ADRESL          equ	158	;# 
   176     009F                     ADCON1          equ	159	;# 
   177     010C                     EEDATA          equ	268	;# 
   178     010D                     EEADR           equ	269	;# 
   179     010E                     EEDATH          equ	270	;# 
   180     010F                     EEADRH          equ	271	;# 
   181     018C                     EECON1          equ	396	;# 
   182     018D                     EECON2          equ	397	;# 
   183     0000                     INDF            equ	0	;# 
   184     0001                     TMR0            equ	1	;# 
   185     0002                     PCL             equ	2	;# 
   186     0003                     STATUS          equ	3	;# 
   187     0004                     FSR             equ	4	;# 
   188     0005                     PORTA           equ	5	;# 
   189     0006                     PORTB           equ	6	;# 
   190     0007                     PORTC           equ	7	;# 
   191     0008                     PORTD           equ	8	;# 
   192     0009                     PORTE           equ	9	;# 
   193     000A                     PCLATH          equ	10	;# 
   194     000B                     INTCON          equ	11	;# 
   195     000C                     PIR1            equ	12	;# 
   196     000D                     PIR2            equ	13	;# 
   197     000E                     TMR1            equ	14	;# 
   198     000E                     TMR1L           equ	14	;# 
   199     000F                     TMR1H           equ	15	;# 
   200     0010                     T1CON           equ	16	;# 
   201     0011                     TMR2            equ	17	;# 
   202     0012                     T2CON           equ	18	;# 
   203     0013                     SSPBUF          equ	19	;# 
   204     0014                     SSPCON          equ	20	;# 
   205     0015                     CCPR1           equ	21	;# 
   206     0015                     CCPR1L          equ	21	;# 
   207     0016                     CCPR1H          equ	22	;# 
   208     0017                     CCP1CON         equ	23	;# 
   209     0018                     RCSTA           equ	24	;# 
   210     0019                     TXREG           equ	25	;# 
   211     001A                     RCREG           equ	26	;# 
   212     001B                     CCPR2           equ	27	;# 
   213     001B                     CCPR2L          equ	27	;# 
   214     001C                     CCPR2H          equ	28	;# 
   215     001D                     CCP2CON         equ	29	;# 
   216     001E                     ADRESH          equ	30	;# 
   217     001F                     ADCON0          equ	31	;# 
   218     0081                     OPTION_REG      equ	129	;# 
   219     0085                     TRISA           equ	133	;# 
   220     0086                     TRISB           equ	134	;# 
   221     0087                     TRISC           equ	135	;# 
   222     0088                     TRISD           equ	136	;# 
   223     0089                     TRISE           equ	137	;# 
   224     008C                     PIE1            equ	140	;# 
   225     008D                     PIE2            equ	141	;# 
   226     008E                     PCON            equ	142	;# 
   227     0091                     SSPCON2         equ	145	;# 
   228     0092                     PR2             equ	146	;# 
   229     0093                     SSPADD          equ	147	;# 
   230     0094                     SSPSTAT         equ	148	;# 
   231     0098                     TXSTA           equ	152	;# 
   232     0099                     SPBRG           equ	153	;# 
   233     009C                     CMCON           equ	156	;# 
   234     009D                     CVRCON          equ	157	;# 
   235     009E                     ADRESL          equ	158	;# 
   236     009F                     ADCON1          equ	159	;# 
   237     010C                     EEDATA          equ	268	;# 
   238     010D                     EEADR           equ	269	;# 
   239     010E                     EEDATH          equ	270	;# 
   240     010F                     EEADRH          equ	271	;# 
   241     018C                     EECON1          equ	396	;# 
   242     018D                     EECON2          equ	397	;# 
   243     0000                     INDF            equ	0	;# 
   244     0001                     TMR0            equ	1	;# 
   245     0002                     PCL             equ	2	;# 
   246     0003                     STATUS          equ	3	;# 
   247     0004                     FSR             equ	4	;# 
   248     0005                     PORTA           equ	5	;# 
   249     0006                     PORTB           equ	6	;# 
   250     0007                     PORTC           equ	7	;# 
   251     0008                     PORTD           equ	8	;# 
   252     0009                     PORTE           equ	9	;# 
   253     000A                     PCLATH          equ	10	;# 
   254     000B                     INTCON          equ	11	;# 
   255     000C                     PIR1            equ	12	;# 
   256     000D                     PIR2            equ	13	;# 
   257     000E                     TMR1            equ	14	;# 
   258     000E                     TMR1L           equ	14	;# 
   259     000F                     TMR1H           equ	15	;# 
   260     0010                     T1CON           equ	16	;# 
   261     0011                     TMR2            equ	17	;# 
   262     0012                     T2CON           equ	18	;# 
   263     0013                     SSPBUF          equ	19	;# 
   264     0014                     SSPCON          equ	20	;# 
   265     0015                     CCPR1           equ	21	;# 
   266     0015                     CCPR1L          equ	21	;# 
   267     0016                     CCPR1H          equ	22	;# 
   268     0017                     CCP1CON         equ	23	;# 
   269     0018                     RCSTA           equ	24	;# 
   270     0019                     TXREG           equ	25	;# 
   271     001A                     RCREG           equ	26	;# 
   272     001B                     CCPR2           equ	27	;# 
   273     001B                     CCPR2L          equ	27	;# 
   274     001C                     CCPR2H          equ	28	;# 
   275     001D                     CCP2CON         equ	29	;# 
   276     001E                     ADRESH          equ	30	;# 
   277     001F                     ADCON0          equ	31	;# 
   278     0081                     OPTION_REG      equ	129	;# 
   279     0085                     TRISA           equ	133	;# 
   280     0086                     TRISB           equ	134	;# 
   281     0087                     TRISC           equ	135	;# 
   282     0088                     TRISD           equ	136	;# 
   283     0089                     TRISE           equ	137	;# 
   284     008C                     PIE1            equ	140	;# 
   285     008D                     PIE2            equ	141	;# 
   286     008E                     PCON            equ	142	;# 
   287     0091                     SSPCON2         equ	145	;# 
   288     0092                     PR2             equ	146	;# 
   289     0093                     SSPADD          equ	147	;# 
   290     0094                     SSPSTAT         equ	148	;# 
   291     0098                     TXSTA           equ	152	;# 
   292     0099                     SPBRG           equ	153	;# 
   293     009C                     CMCON           equ	156	;# 
   294     009D                     CVRCON          equ	157	;# 
   295     009E                     ADRESL          equ	158	;# 
   296     009F                     ADCON1          equ	159	;# 
   297     010C                     EEDATA          equ	268	;# 
   298     010D                     EEADR           equ	269	;# 
   299     010E                     EEDATH          equ	270	;# 
   300     010F                     EEADRH          equ	271	;# 
   301     018C                     EECON1          equ	396	;# 
   302     018D                     EECON2          equ	397	;# 
   303     0008                     _PORTD          set	8
   304     0019                     _TXREG          set	25
   305     001A                     _RCREG          set	26
   306     00C1                     _OERR           set	193
   307     0040                     _RD0            set	64
   308     005F                     _GIE            set	95
   309     005E                     _PEIE           set	94
   310     0064                     _TXIF           set	100
   311     0065                     _RCIF           set	101
   312     00C4                     _CREN           set	196
   313     00C7                     _SPEN           set	199
   314     0088                     _TRISD          set	136
   315     0099                     _SPBRG          set	153
   316     0465                     _RCIE           set	1125
   317                           
   318                           	psect	strings
   319     0119                     __pstrings:
   320     0119                     stringtab:
   321     0119                     __stringtab:
   322     0119                     stringcode:	
   323                           ;	String table - string pointers are 1 byte each
   324                           
   325     0119                     stringdir:
   326     0119  3001               	movlw	high stringdir
   327     011A  008A               	movwf	10
   328     011B  0804               	movf	4,w
   329     011C  0A84               	incf	4,f
   330     011D  0782               	addwf	2,f
   331     011E                     __stringbase:
   332     011E  3400               	retlw	0
   333     011F                     __end_of__stringtab:
   334     011F                     STR_1:
   335     011F  3455               	retlw	85	;'U'
   336     0120  3441               	retlw	65	;'A'
   337     0121  3452               	retlw	82	;'R'
   338     0122  3454               	retlw	84	;'T'
   339     0123  3420               	retlw	32	;' '
   340     0124  3454               	retlw	84	;'T'
   341     0125  3465               	retlw	101	;'e'
   342     0126  3473               	retlw	115	;'s'
   343     0127  3474               	retlw	116	;'t'
   344     0128  3420               	retlw	32	;' '
   345     0129  3443               	retlw	67	;'C'
   346     012A  346F               	retlw	111	;'o'
   347     012B  3464               	retlw	100	;'d'
   348     012C  3465               	retlw	101	;'e'
   349     012D  340A               	retlw	10
   350     012E  340D               	retlw	13
   351     012F  3400               	retlw	0
   352                           
   353                           	psect	cinit
   354     000F                     start_initialization:	
   355                           ; #config settings
   356                           
   357     000F                     __initialization:
   358                           
   359                           ; Clear objects allocated to BANK0
   360     000F  1283               	bcf	3,5	;RP0=0, select bank0
   361     0010  1303               	bcf	3,6	;RP1=0, select bank0
   362     0011  01AF               	clrf	__pbssBANK0& (0+127)
   363     0012                     end_of_initialization:	
   364                           ;End of C runtime variable initialization code
   365                           
   366     0012                     __end_of__initialization:
   367     0012  0183               	clrf	3
   368     0013  120A  118A  287C   	ljmp	_main	;jump to C main() function
   369                           
   370                           	psect	bssBANK0
   371     002F                     __pbssBANK0:
   372     002F                     _ch:
   373     002F                     	ds	1
   374                           
   375                           	psect	cstackCOMMON
   376     0070                     __pcstackCOMMON:
   377     0070                     ?_putchar:
   378     0070                     ?_init_config:	
   379                           ; 1 bytes @ 0x0
   380                           
   381     0070                     ?_main:	
   382                           ; 1 bytes @ 0x0
   383                           
   384     0070                     ?_isr:	
   385                           ; 1 bytes @ 0x0
   386                           
   387     0070                     ??_isr:	
   388                           ; 1 bytes @ 0x0
   389                           
   390                           
   391                           ; 1 bytes @ 0x0
   392     0070                     	ds	2
   393     0072                     ?___lldiv:
   394     0072                     putchar@data:	
   395                           ; 4 bytes @ 0x2
   396                           
   397     0072                     ___lldiv@divisor:	
   398                           ; 1 bytes @ 0x2
   399                           
   400     0072                     ??_putchar:	
   401                           ; 4 bytes @ 0x2
   402                           
   403                           
   404                           ; 1 bytes @ 0x2
   405     0072                     	ds	1
   406     0073                     ?_puts:
   407     0073                     puts@s:	
   408                           ; 1 bytes @ 0x3
   409                           
   410                           
   411                           ; 1 bytes @ 0x3
   412     0073                     	ds	1
   413     0074                     ??_puts:
   414                           
   415                           ; 1 bytes @ 0x4
   416     0074                     	ds	2
   417     0076                     ___lldiv@dividend:
   418                           
   419                           ; 4 bytes @ 0x6
   420     0076                     	ds	4
   421     007A                     ??___lldiv:
   422                           
   423                           ; 1 bytes @ 0xA
   424     007A                     	ds	1
   425     007B                     ??_init_config:
   426     007B                     ??_main:	
   427                           ; 1 bytes @ 0xB
   428                           
   429                           
   430                           	psect	cstackBANK0
   431     0020                     __pcstackBANK0:	
   432                           ; 1 bytes @ 0xB
   433                           
   434     0020                     ___lldiv@quotient:
   435                           
   436                           ; 4 bytes @ 0x0
   437     0020                     	ds	4
   438     0024                     ___lldiv@counter:
   439                           
   440                           ; 1 bytes @ 0x4
   441     0024                     	ds	1
   442     0025                     ?_init_uart:
   443     0025                     init_uart@baud:	
   444                           ; 1 bytes @ 0x5
   445                           
   446                           
   447                           ; 4 bytes @ 0x5
   448     0025                     	ds	4
   449     0029                     ??_init_uart:
   450                           
   451                           ; 1 bytes @ 0x9
   452     0029                     	ds	4
   453     002D                     main@wait:
   454                           
   455                           ; 2 bytes @ 0xD
   456     002D                     	ds	2
   457                           
   458                           	psect	maintext
   459     007C                     __pmaintext:	
   460 ;;
   461 ;;Main: autosize = 0, tempsize = 0, incstack = 0, save=0
   462 ;;
   463 ;; *************** function _main *****************
   464 ;; Defined at:
   465 ;;		line 31 in file "main.c"
   466 ;; Parameters:    Size  Location     Type
   467 ;;		None
   468 ;; Auto vars:     Size  Location     Type
   469 ;;  wait            2   13[BANK0 ] unsigned short 
   470 ;; Return value:  Size  Location     Type
   471 ;;                  1    wreg      void 
   472 ;; Registers used:
   473 ;;		wreg, fsr0l, fsr0h, status,2, status,0, pclath, cstack
   474 ;; Tracked objects:
   475 ;;		On entry : B00/0
   476 ;;		On exit  : 0/0
   477 ;;		Unchanged: 0/0
   478 ;; Data sizes:     COMMON   BANK0   BANK1   BANK3   BANK2
   479 ;;      Params:         0       0       0       0       0
   480 ;;      Locals:         0       2       0       0       0
   481 ;;      Temps:          0       0       0       0       0
   482 ;;      Totals:         0       2       0       0       0
   483 ;;Total ram usage:        2 bytes
   484 ;; Hardware stack levels required when called: 4
   485 ;; This function calls:
   486 ;;		_init_config
   487 ;;		_putchar
   488 ;; This function is called by:
   489 ;;		Startup code after reset
   490 ;; This function uses a non-reentrant model
   491 ;;
   492                           
   493     007C                     _main:	
   494                           ;psect for function _main
   495                           
   496     007C                     l751:	
   497                           ;incstack = 0
   498                           ; Regs used in _main: [wreg-fsr0h+status,2+status,0+pclath+cstack]
   499                           
   500                           
   501                           ;main.c: 32:         }
   502     007C  1283               	bcf	3,5	;RP0=0, select bank0
   503     007D  1303               	bcf	3,6	;RP1=0, select bank0
   504     007E  01AD               	clrf	main@wait
   505     007F  01AE               	clrf	main@wait+1
   506     0080                     l753:
   507                           
   508                           ;main.c: 34:         if (!wait--)
   509     0080  120A  118A  20DE  120A  118A  	fcall	_init_config
   510     0085                     l755:
   511                           
   512                           ;main.c: 37: 
   513     0085  1283               	bcf	3,5	;RP0=0, select bank0
   514     0086  1303               	bcf	3,6	;RP1=0, select bank0
   515     0087  082F               	movf	_ch,w
   516     0088  1903               	btfsc	3,2
   517     0089  288B               	goto	u251
   518     008A  288C               	goto	u250
   519     008B                     u251:
   520     008B  2895               	goto	l761
   521     008C                     u250:
   522     008C                     l757:
   523                           
   524                           ;main.c: 38:             RD0 = !RD0;;main.c: 39:         }
   525     008C  082F               	movf	_ch,w
   526     008D  120A  118A  2145  120A  118A  	fcall	_putchar
   527     0092                     l759:
   528                           
   529                           ;main.c: 41: 
   530     0092  1283               	bcf	3,5	;RP0=0, select bank0
   531     0093  1303               	bcf	3,6	;RP1=0, select bank0
   532     0094  01AF               	clrf	_ch
   533     0095                     l761:
   534     0095  3001               	movlw	1
   535     0096  02AD               	subwf	main@wait,f
   536     0097  3000               	movlw	0
   537     0098  1C03               	skipc
   538     0099  03AE               	decf	main@wait+1,f
   539     009A  02AE               	subwf	main@wait+1,f
   540     009B  0A2D               	incf	main@wait,w
   541     009C  1D03               	skipz
   542     009D  28A2               	goto	u261
   543     009E  0A2E               	incf	main@wait+1,w
   544     009F  1D03               	btfss	3,2
   545     00A0  28A2               	goto	u261
   546     00A1  28A3               	goto	u260
   547     00A2                     u261:
   548     00A2  2885               	goto	l755
   549     00A3                     u260:
   550     00A3                     l763:
   551     00A3  3050               	movlw	80
   552     00A4  00AD               	movwf	main@wait
   553     00A5  30C3               	movlw	195
   554     00A6  00AE               	movwf	main@wait+1
   555     00A7  3001               	movlw	1
   556     00A8  0688               	xorwf	8,f
   557     00A9  2885               	goto	l755
   558     00AA  120A  118A  280C   	ljmp	start
   559     00AD                     __end_of_main:
   560                           
   561                           	psect	text1
   562     00DE                     __ptext1:	
   563 ;; *************** function _init_config *****************
   564 ;; Defined at:
   565 ;;		line 16 in file "main.c"
   566 ;; Parameters:    Size  Location     Type
   567 ;;		None
   568 ;; Auto vars:     Size  Location     Type
   569 ;;		None
   570 ;; Return value:  Size  Location     Type
   571 ;;                  1    wreg      void 
   572 ;; Registers used:
   573 ;;		wreg, fsr0l, fsr0h, status,2, status,0, pclath, cstack
   574 ;; Tracked objects:
   575 ;;		On entry : 0/0
   576 ;;		On exit  : 0/0
   577 ;;		Unchanged: 0/0
   578 ;; Data sizes:     COMMON   BANK0   BANK1   BANK3   BANK2
   579 ;;      Params:         0       0       0       0       0
   580 ;;      Locals:         0       0       0       0       0
   581 ;;      Temps:          0       0       0       0       0
   582 ;;      Totals:         0       0       0       0       0
   583 ;;Total ram usage:        0 bytes
   584 ;; Hardware stack levels used: 1
   585 ;; Hardware stack levels required when called: 3
   586 ;; This function calls:
   587 ;;		_init_uart
   588 ;;		_puts
   589 ;; This function is called by:
   590 ;;		_main
   591 ;; This function uses a non-reentrant model
   592 ;;
   593                           
   594     00DE                     _init_config:	
   595                           ;psect for function _init_config
   596                           
   597     00DE                     l741:	
   598                           ;incstack = 0
   599                           ; Regs used in _init_config: [wreg-fsr0h+status,2+status,0+pclath+cstack]
   600                           
   601                           
   602                           ;main.c: 17: 
   603     00DE  1283               	bcf	3,5	;RP0=0, select bank0
   604     00DF  1303               	bcf	3,6	;RP1=0, select bank0
   605     00E0  0188               	clrf	8	;volatile
   606                           
   607                           ;main.c: 18:     GIE = 1;
   608     00E1  1683               	bsf	3,5	;RP0=1, select bank1
   609     00E2  1303               	bcf	3,6	;RP1=0, select bank1
   610     00E3  0188               	clrf	8	;volatile
   611     00E4                     l743:
   612                           
   613                           ;main.c: 20: 
   614     00E4  3000               	movlw	0
   615     00E5  1283               	bcf	3,5	;RP0=0, select bank0
   616     00E6  1303               	bcf	3,6	;RP1=0, select bank0
   617     00E7  00A8               	movwf	init_uart@baud+3
   618     00E8  3000               	movlw	0
   619     00E9  00A7               	movwf	init_uart@baud+2
   620     00EA  3025               	movlw	37
   621     00EB  00A6               	movwf	init_uart@baud+1
   622     00EC  3080               	movlw	128
   623     00ED  00A5               	movwf	init_uart@baud
   624     00EE  120A  118A  20AD  120A  118A  	fcall	_init_uart
   625     00F3                     l745:
   626                           
   627                           ;main.c: 22:     unsigned short wait = 0;
   628     00F3  3001               	movlw	(low ((STR_1-__stringbase)| (0+32768)))& (0+255)
   629     00F4  00F3               	movwf	puts@s
   630     00F5  120A  118A  20FD  120A  118A  	fcall	_puts
   631     00FA                     l747:
   632                           
   633                           ;main.c: 25: 
   634     00FA  170B               	bsf	11,6	;volatile
   635     00FB                     l749:
   636                           
   637                           ;main.c: 28:         {
   638     00FB  178B               	bsf	11,7	;volatile
   639     00FC                     l58:
   640     00FC  0008               	return
   641     00FD                     __end_of_init_config:
   642                           
   643                           	psect	text2
   644     00FD                     __ptext2:	
   645 ;; *************** function _puts *****************
   646 ;; Defined at:
   647 ;;		line 49 in file "uart.c"
   648 ;; Parameters:    Size  Location     Type
   649 ;;  s               1    3[COMMON] PTR const unsigned char 
   650 ;;		 -> STR_1(17), 
   651 ;; Auto vars:     Size  Location     Type
   652 ;;		None
   653 ;; Return value:  Size  Location     Type
   654 ;;                  1    wreg      void 
   655 ;; Registers used:
   656 ;;		wreg, fsr0l, fsr0h, status,2, status,0, pclath, cstack
   657 ;; Tracked objects:
   658 ;;		On entry : 0/0
   659 ;;		On exit  : 0/0
   660 ;;		Unchanged: 0/0
   661 ;; Data sizes:     COMMON   BANK0   BANK1   BANK3   BANK2
   662 ;;      Params:         1       0       0       0       0
   663 ;;      Locals:         0       0       0       0       0
   664 ;;      Temps:          0       0       0       0       0
   665 ;;      Totals:         1       0       0       0       0
   666 ;;Total ram usage:        1 bytes
   667 ;; Hardware stack levels used: 1
   668 ;; Hardware stack levels required when called: 2
   669 ;; This function calls:
   670 ;;		_putchar
   671 ;; This function is called by:
   672 ;;		_init_config
   673 ;; This function uses a non-reentrant model
   674 ;;
   675                           
   676     00FD                     _puts:	
   677                           ;psect for function _puts
   678                           
   679     00FD                     l733:	
   680                           ;incstack = 0
   681                           ; Regs used in _puts: [wreg-fsr0h+status,2+status,0+pclath+cstack]
   682                           
   683                           
   684                           ;uart.c: 49: void puts(const char *s);uart.c: 50: {;uart.c: 51:     while (*s)
   685     00FD  290C               	goto	l739
   686     00FE                     l735:
   687                           
   688                           ;uart.c: 52:     {;uart.c: 53:         putchar(*s++);
   689     00FE  0873               	movf	puts@s,w
   690     00FF  0084               	movwf	4
   691     0100  120A  118A  2119  120A  118A  	fcall	stringdir
   692     0105  120A  118A  2145  120A  118A  	fcall	_putchar
   693     010A                     l737:
   694     010A  3001               	movlw	1
   695     010B  07F3               	addwf	puts@s,f
   696     010C                     l739:
   697                           
   698                           ;uart.c: 51:     while (*s)
   699     010C  0873               	movf	puts@s,w
   700     010D  0084               	movwf	4
   701     010E  120A  118A  2119  120A  118A  	fcall	stringdir
   702     0113  3A00               	xorlw	0
   703     0114  1D03               	skipz
   704     0115  2917               	goto	u241
   705     0116  2918               	goto	u240
   706     0117                     u241:
   707     0117  28FE               	goto	l735
   708     0118                     u240:
   709     0118                     l37:
   710     0118  0008               	return
   711     0119                     __end_of_puts:
   712                           
   713                           	psect	text3
   714     0145                     __ptext3:	
   715 ;; *************** function _putchar *****************
   716 ;; Defined at:
   717 ;;		line 34 in file "uart.c"
   718 ;; Parameters:    Size  Location     Type
   719 ;;  data            1    wreg     unsigned char 
   720 ;; Auto vars:     Size  Location     Type
   721 ;;  data            1    2[COMMON] unsigned char 
   722 ;; Return value:  Size  Location     Type
   723 ;;                  1    wreg      void 
   724 ;; Registers used:
   725 ;;		wreg
   726 ;; Tracked objects:
   727 ;;		On entry : 0/0
   728 ;;		On exit  : 0/0
   729 ;;		Unchanged: 0/0
   730 ;; Data sizes:     COMMON   BANK0   BANK1   BANK3   BANK2
   731 ;;      Params:         0       0       0       0       0
   732 ;;      Locals:         1       0       0       0       0
   733 ;;      Temps:          0       0       0       0       0
   734 ;;      Totals:         1       0       0       0       0
   735 ;;Total ram usage:        1 bytes
   736 ;; Hardware stack levels used: 1
   737 ;; Hardware stack levels required when called: 1
   738 ;; This function calls:
   739 ;;		Nothing
   740 ;; This function is called by:
   741 ;;		_puts
   742 ;;		_main
   743 ;; This function uses a non-reentrant model
   744 ;;
   745                           
   746     0145                     _putchar:	
   747                           ;psect for function _putchar
   748                           
   749                           
   750                           ;incstack = 0
   751                           ; Regs used in _putchar: [wreg]
   752                           ;putchar@data stored from wreg
   753     0145  00F2               	movwf	putchar@data
   754     0146                     l701:
   755                           
   756                           ;uart.c: 34: void putchar(unsigned char data);uart.c: 35: {;uart.c: 37:     TXREG = data
      +                          ;
   757     0146  0872               	movf	putchar@data,w
   758     0147  1283               	bcf	3,5	;RP0=0, select bank0
   759     0148  1303               	bcf	3,6	;RP1=0, select bank0
   760     0149  0099               	movwf	25	;volatile
   761     014A                     l29:	
   762                           ;uart.c: 43:     } while (TXIF != 1);
   763                           
   764     014A  1E0C               	btfss	12,4	;volatile
   765     014B  294D               	goto	u151
   766     014C  294E               	goto	u150
   767     014D                     u151:
   768     014D  294A               	goto	l29
   769     014E                     u150:
   770     014E                     l30:
   771                           
   772                           ;uart.c: 46:     TXIF = 0;
   773     014E  120C               	bcf	12,4	;volatile
   774     014F                     l31:
   775     014F  0008               	return
   776     0150                     __end_of_putchar:
   777                           
   778                           	psect	text4
   779     00AD                     __ptext4:	
   780 ;; *************** function _init_uart *****************
   781 ;; Defined at:
   782 ;;		line 4 in file "uart.c"
   783 ;; Parameters:    Size  Location     Type
   784 ;;  baud            4    5[BANK0 ] unsigned long 
   785 ;; Auto vars:     Size  Location     Type
   786 ;;		None
   787 ;; Return value:  Size  Location     Type
   788 ;;                  1    wreg      void 
   789 ;; Registers used:
   790 ;;		wreg, status,2, status,0, pclath, cstack
   791 ;; Tracked objects:
   792 ;;		On entry : 0/0
   793 ;;		On exit  : 0/0
   794 ;;		Unchanged: 0/0
   795 ;; Data sizes:     COMMON   BANK0   BANK1   BANK3   BANK2
   796 ;;      Params:         0       4       0       0       0
   797 ;;      Locals:         0       0       0       0       0
   798 ;;      Temps:          0       4       0       0       0
   799 ;;      Totals:         0       8       0       0       0
   800 ;;Total ram usage:        8 bytes
   801 ;; Hardware stack levels used: 1
   802 ;; Hardware stack levels required when called: 2
   803 ;; This function calls:
   804 ;;		___lldiv
   805 ;; This function is called by:
   806 ;;		_init_config
   807 ;; This function uses a non-reentrant model
   808 ;;
   809                           
   810     00AD                     _init_uart:	
   811                           ;psect for function _init_uart
   812                           
   813     00AD                     l727:	
   814                           ;incstack = 0
   815                           ; Regs used in _init_uart: [wreg+status,2+status,0+pclath+cstack]
   816                           
   817                           
   818                           ;uart.c: 4: void init_uart(unsigned long baud);uart.c: 5: {;uart.c: 7:     SPEN = 1;
   819     00AD  1283               	bcf	3,5	;RP0=0, select bank0
   820     00AE  1303               	bcf	3,6	;RP1=0, select bank0
   821     00AF  1798               	bsf	24,7	;volatile
   822                           
   823                           ;uart.c: 10:     CREN = 1;
   824     00B0  1618               	bsf	24,4	;volatile
   825     00B1                     l729:
   826                           
   827                           ;uart.c: 13:     SPBRG = (20000000 / (16 * baud)) - 1;
   828     00B1  0825               	movf	init_uart@baud,w
   829     00B2  00A9               	movwf	??_init_uart
   830     00B3  0826               	movf	init_uart@baud+1,w
   831     00B4  00AA               	movwf	??_init_uart+1
   832     00B5  0827               	movf	init_uart@baud+2,w
   833     00B6  00AB               	movwf	??_init_uart+2
   834     00B7  0828               	movf	init_uart@baud+3,w
   835     00B8  00AC               	movwf	??_init_uart+3
   836     00B9  3004               	movlw	4
   837     00BA                     u235:
   838     00BA  1003               	clrc
   839     00BB  0DA9               	rlf	??_init_uart,f
   840     00BC  0DAA               	rlf	??_init_uart+1,f
   841     00BD  0DAB               	rlf	??_init_uart+2,f
   842     00BE  0DAC               	rlf	??_init_uart+3,f
   843     00BF                     u230:
   844     00BF  3EFF               	addlw	-1
   845     00C0  1D03               	skipz
   846     00C1  28BA               	goto	u235
   847     00C2  082C               	movf	??_init_uart+3,w
   848     00C3  00F5               	movwf	___lldiv@divisor+3
   849     00C4  082B               	movf	??_init_uart+2,w
   850     00C5  00F4               	movwf	___lldiv@divisor+2
   851     00C6  082A               	movf	??_init_uart+1,w
   852     00C7  00F3               	movwf	___lldiv@divisor+1
   853     00C8  0829               	movf	??_init_uart,w
   854     00C9  00F2               	movwf	___lldiv@divisor
   855     00CA  3001               	movlw	1
   856     00CB  00F9               	movwf	___lldiv@dividend+3
   857     00CC  3031               	movlw	49
   858     00CD  00F8               	movwf	___lldiv@dividend+2
   859     00CE  302D               	movlw	45
   860     00CF  00F7               	movwf	___lldiv@dividend+1
   861     00D0  3000               	movlw	0
   862     00D1  00F6               	movwf	___lldiv@dividend
   863     00D2  120A  118A  2016  120A  118A  	fcall	___lldiv
   864     00D7  0872               	movf	?___lldiv,w
   865     00D8  3EFF               	addlw	255
   866     00D9  1683               	bsf	3,5	;RP0=1, select bank1
   867     00DA  1303               	bcf	3,6	;RP1=0, select bank1
   868     00DB  0099               	movwf	25	;volatile
   869     00DC                     l731:
   870                           
   871                           ;uart.c: 16:     RCIE = 1;
   872     00DC  168C               	bsf	12,5	;volatile
   873     00DD                     l19:
   874     00DD  0008               	return
   875     00DE                     __end_of_init_uart:
   876                           
   877                           	psect	text5
   878     0016                     __ptext5:	
   879 ;; *************** function ___lldiv *****************
   880 ;; Defined at:
   881 ;;		line 5 in file "/opt/microchip/xc8/v3.10/pic/sources/c99/common/__lldiv.c"
   882 ;; Parameters:    Size  Location     Type
   883 ;;  divisor         4    2[COMMON] unsigned long 
   884 ;;  dividend        4    6[COMMON] unsigned long 
   885 ;; Auto vars:     Size  Location     Type
   886 ;;  quotient        4    0[BANK0 ] unsigned long 
   887 ;;  counter         1    4[BANK0 ] unsigned char 
   888 ;; Return value:  Size  Location     Type
   889 ;;                  4    2[COMMON] unsigned long 
   890 ;; Registers used:
   891 ;;		wreg, status,2, status,0
   892 ;; Tracked objects:
   893 ;;		On entry : 0/0
   894 ;;		On exit  : 0/0
   895 ;;		Unchanged: 0/0
   896 ;; Data sizes:     COMMON   BANK0   BANK1   BANK3   BANK2
   897 ;;      Params:         8       0       0       0       0
   898 ;;      Locals:         0       5       0       0       0
   899 ;;      Temps:          1       0       0       0       0
   900 ;;      Totals:         9       5       0       0       0
   901 ;;Total ram usage:       14 bytes
   902 ;; Hardware stack levels used: 1
   903 ;; Hardware stack levels required when called: 1
   904 ;; This function calls:
   905 ;;		Nothing
   906 ;; This function is called by:
   907 ;;		_init_uart
   908 ;; This function uses a non-reentrant model
   909 ;;
   910                           
   911     0016                     ___lldiv:	
   912                           ;psect for function ___lldiv
   913                           
   914     0016                     l703:	
   915                           ;incstack = 0
   916                           ; Regs used in ___lldiv: [wreg+status,2+status,0]
   917                           
   918     0016  3000               	movlw	0
   919     0017  1283               	bcf	3,5	;RP0=0, select bank0
   920     0018  1303               	bcf	3,6	;RP1=0, select bank0
   921     0019  00A3               	movwf	___lldiv@quotient+3
   922     001A  3000               	movlw	0
   923     001B  00A2               	movwf	___lldiv@quotient+2
   924     001C  3000               	movlw	0
   925     001D  00A1               	movwf	___lldiv@quotient+1
   926     001E  3000               	movlw	0
   927     001F  00A0               	movwf	___lldiv@quotient
   928     0020  0875               	movf	___lldiv@divisor+3,w
   929     0021  0474               	iorwf	___lldiv@divisor+2,w
   930     0022  0473               	iorwf	___lldiv@divisor+1,w
   931     0023  0472               	iorwf	___lldiv@divisor,w
   932     0024  1903               	skipnz
   933     0025  2827               	goto	u161
   934     0026  2828               	goto	u160
   935     0027                     u161:
   936     0027  2873               	goto	l723
   937     0028                     u160:
   938     0028                     l705:
   939     0028  3001               	movlw	1
   940     0029  00A4               	movwf	___lldiv@counter
   941     002A  2836               	goto	l709
   942     002B                     l707:
   943     002B  3001               	movlw	1
   944     002C  00FA               	movwf	??___lldiv
   945     002D                     u175:
   946     002D  1003               	clrc
   947     002E  0DF2               	rlf	___lldiv@divisor,f
   948     002F  0DF3               	rlf	___lldiv@divisor+1,f
   949     0030  0DF4               	rlf	___lldiv@divisor+2,f
   950     0031  0DF5               	rlf	___lldiv@divisor+3,f
   951     0032  0BFA               	decfsz	??___lldiv,f
   952     0033  282D               	goto	u175
   953     0034  3001               	movlw	1
   954     0035  07A4               	addwf	___lldiv@counter,f
   955     0036                     l709:
   956     0036  1FF5               	btfss	___lldiv@divisor+3,7
   957     0037  2839               	goto	u181
   958     0038  283A               	goto	u180
   959     0039                     u181:
   960     0039  282B               	goto	l707
   961     003A                     u180:
   962     003A                     l711:
   963     003A  3001               	movlw	1
   964     003B  00FA               	movwf	??___lldiv
   965     003C                     u195:
   966     003C  1003               	clrc
   967     003D  0DA0               	rlf	___lldiv@quotient,f
   968     003E  0DA1               	rlf	___lldiv@quotient+1,f
   969     003F  0DA2               	rlf	___lldiv@quotient+2,f
   970     0040  0DA3               	rlf	___lldiv@quotient+3,f
   971     0041  0BFA               	decfsz	??___lldiv,f
   972     0042  283C               	goto	u195
   973     0043                     l713:
   974     0043  0875               	movf	___lldiv@divisor+3,w
   975     0044  0279               	subwf	___lldiv@dividend+3,w
   976     0045  1D03               	skipz
   977     0046  2851               	goto	u205
   978     0047  0874               	movf	___lldiv@divisor+2,w
   979     0048  0278               	subwf	___lldiv@dividend+2,w
   980     0049  1D03               	skipz
   981     004A  2851               	goto	u205
   982     004B  0873               	movf	___lldiv@divisor+1,w
   983     004C  0277               	subwf	___lldiv@dividend+1,w
   984     004D  1D03               	skipz
   985     004E  2851               	goto	u205
   986     004F  0872               	movf	___lldiv@divisor,w
   987     0050  0276               	subwf	___lldiv@dividend,w
   988     0051                     u205:
   989     0051  1C03               	skipc
   990     0052  2854               	goto	u201
   991     0053  2855               	goto	u200
   992     0054                     u201:
   993     0054  2864               	goto	l719
   994     0055                     u200:
   995     0055                     l715:
   996     0055  0872               	movf	___lldiv@divisor,w
   997     0056  02F6               	subwf	___lldiv@dividend,f
   998     0057  0873               	movf	___lldiv@divisor+1,w
   999     0058  1C03               	skipc
  1000     0059  0F73               	incfsz	___lldiv@divisor+1,w
  1001     005A  02F7               	subwf	___lldiv@dividend+1,f
  1002     005B  0874               	movf	___lldiv@divisor+2,w
  1003     005C  1C03               	skipc
  1004     005D  0F74               	incfsz	___lldiv@divisor+2,w
  1005     005E  02F8               	subwf	___lldiv@dividend+2,f
  1006     005F  0875               	movf	___lldiv@divisor+3,w
  1007     0060  1C03               	skipc
  1008     0061  0F75               	incfsz	___lldiv@divisor+3,w
  1009     0062  02F9               	subwf	___lldiv@dividend+3,f
  1010     0063                     l717:
  1011     0063  1420               	bsf	___lldiv@quotient,0
  1012     0064                     l719:
  1013     0064  3001               	movlw	1
  1014     0065                     u215:
  1015     0065  1003               	clrc
  1016     0066  0CF5               	rrf	___lldiv@divisor+3,f
  1017     0067  0CF4               	rrf	___lldiv@divisor+2,f
  1018     0068  0CF3               	rrf	___lldiv@divisor+1,f
  1019     0069  0CF2               	rrf	___lldiv@divisor,f
  1020     006A  3EFF               	addlw	-1
  1021     006B  1D03               	skipz
  1022     006C  2865               	goto	u215
  1023     006D                     l721:
  1024     006D  3001               	movlw	1
  1025     006E  02A4               	subwf	___lldiv@counter,f
  1026     006F  1D03               	btfss	3,2
  1027     0070  2872               	goto	u221
  1028     0071  2873               	goto	u220
  1029     0072                     u221:
  1030     0072  283A               	goto	l711
  1031     0073                     u220:
  1032     0073                     l723:
  1033     0073  0823               	movf	___lldiv@quotient+3,w
  1034     0074  00F5               	movwf	?___lldiv+3
  1035     0075  0822               	movf	___lldiv@quotient+2,w
  1036     0076  00F4               	movwf	?___lldiv+2
  1037     0077  0821               	movf	___lldiv@quotient+1,w
  1038     0078  00F3               	movwf	?___lldiv+1
  1039     0079  0820               	movf	___lldiv@quotient,w
  1040     007A  00F2               	movwf	?___lldiv
  1041     007B                     l205:
  1042     007B  0008               	return
  1043     007C                     __end_of___lldiv:
  1044                           
  1045                           	psect	text6
  1046     0130                     __ptext6:	
  1047 ;; *************** function _isr *****************
  1048 ;; Defined at:
  1049 ;;		line 5 in file "isr.c"
  1050 ;; Parameters:    Size  Location     Type
  1051 ;;		None
  1052 ;; Auto vars:     Size  Location     Type
  1053 ;;		None
  1054 ;; Return value:  Size  Location     Type
  1055 ;;                  1    wreg      void 
  1056 ;; Registers used:
  1057 ;;		wreg
  1058 ;; Tracked objects:
  1059 ;;		On entry : 0/0
  1060 ;;		On exit  : 0/0
  1061 ;;		Unchanged: 0/0
  1062 ;; Data sizes:     COMMON   BANK0   BANK1   BANK3   BANK2
  1063 ;;      Params:         0       0       0       0       0
  1064 ;;      Locals:         0       0       0       0       0
  1065 ;;      Temps:          2       0       0       0       0
  1066 ;;      Totals:         2       0       0       0       0
  1067 ;;Total ram usage:        2 bytes
  1068 ;; Hardware stack levels used: 1
  1069 ;; This function calls:
  1070 ;;		Nothing
  1071 ;; This function is called by:
  1072 ;;		Interrupt level 1
  1073 ;; This function uses a non-reentrant model
  1074 ;;
  1075                           
  1076     0130                     _isr:	
  1077                           ;psect for function _isr
  1078                           
  1079     0130                     i1l765:
  1080                           
  1081                           ;isr.c: 7:     if (RCIF == 1)
  1082     0130  1283               	bcf	3,5	;RP0=0, select bank0
  1083     0131  1303               	bcf	3,6	;RP1=0, select bank0
  1084     0132  1E8C               	btfss	12,5	;volatile
  1085     0133  2935               	goto	u27_21
  1086     0134  2936               	goto	u27_20
  1087     0135                     u27_21:
  1088     0135  293E               	goto	i1l83
  1089     0136                     u27_20:
  1090     0136                     i1l767:
  1091                           
  1092                           ;isr.c: 8:     {;isr.c: 9:         if (OERR == 1)
  1093     0136  1C98               	btfss	24,1	;volatile
  1094     0137  2939               	goto	u28_21
  1095     0138  293A               	goto	u28_20
  1096     0139                     u28_21:
  1097     0139  293B               	goto	i1l771
  1098     013A                     u28_20:
  1099     013A                     i1l769:
  1100                           
  1101                           ;isr.c: 10:             OERR = 0;
  1102     013A  1098               	bcf	24,1	;volatile
  1103     013B                     i1l771:
  1104                           
  1105                           ;isr.c: 12:         ch = RCREG;
  1106     013B  081A               	movf	26,w	;volatile
  1107     013C  00AF               	movwf	_ch
  1108     013D                     i1l773:
  1109                           
  1110                           ;isr.c: 14:         RCIF = 0;
  1111     013D  128C               	bcf	12,5	;volatile
  1112     013E                     i1l83:
  1113     013E  0871               	movf	??_isr+1,w
  1114     013F  008A               	movwf	10
  1115     0140  0E70               	swapf	??_isr,w
  1116     0141  0083               	movwf	3
  1117     0142  0EFE               	swapf	btemp,f
  1118     0143  0E7E               	swapf	btemp,w
  1119     0144  0009               	retfie
  1120     0145                     __end_of_isr:
  1121     0002                     ___latbits      equ	2
  1122     007E                     btemp           set	126	;btemp
  1123     007E                     btemp0          set	126
  1124     007F                     btemp1          set	127
  1125     007E                     wtemp0          set	126
  1126     007F                     wtemp0a         set	127
  1127     007F                     ttemp0a         set	127
  1128     0080                     ltemp0a         set	128
  1129                           
  1130                           	psect	intentry
  1131     0004                     __pintentry:	
  1132                           ;incstack = 0
  1133                           ; Regs used in _isr: [wreg]
  1134                           
  1135     0004                     interrupt_function:
  1136     007E                     saved_w         set	btemp
  1137     0004  00FE               	movwf	btemp
  1138     0005  0E03               	swapf	3,w
  1139     0006  00F0               	movwf	??_isr
  1140     0007  080A               	movf	10,w
  1141     0008  00F1               	movwf	??_isr+1
  1142     0009  120A  118A  2930   	ljmp	_isr
  1143                           
  1144                           	psect	idloc
  1145                           
  1146                           ;Config register IDLOC0 @ 0x2000
  1147                           ;	unspecified, using default values
  1148     2000                     	org	8192
  1149     2000  3FFF               	dw	16383
  1150                           
  1151                           ;Config register IDLOC1 @ 0x2001
  1152                           ;	unspecified, using default values
  1153     2001                     	org	8193
  1154     2001  3FFF               	dw	16383
  1155                           
  1156                           ;Config register IDLOC2 @ 0x2002
  1157                           ;	unspecified, using default values
  1158     2002                     	org	8194
  1159     2002  3FFF               	dw	16383
  1160                           
  1161                           ;Config register IDLOC3 @ 0x2003
  1162                           ;	unspecified, using default values
  1163     2003                     	org	8195
  1164     2003  3FFF               	dw	16383
  1165                           
  1166                           	psect	config
  1167                           
  1168                           ;Config register CONFIG @ 0x2007
  1169                           ;	Oscillator Selection bits
  1170                           ;	FOSC = 0x3, unprogrammed default
  1171                           ;	Watchdog Timer Enable bit
  1172                           ;	WDTE = OFF, WDT disabled
  1173                           ;	Power-up Timer Enable bit
  1174                           ;	PWRTE = 0x1, unprogrammed default
  1175                           ;	Brown-out Reset Enable bit
  1176                           ;	BOREN = 0x1, unprogrammed default
  1177                           ;	Low-Voltage (Single-Supply) In-Circuit Serial Programming Enable bit
  1178                           ;	LVP = 0x1, unprogrammed default
  1179                           ;	Data EEPROM Memory Code Protection bit
  1180                           ;	CPD = 0x1, unprogrammed default
  1181                           ;	Flash Program Memory Write Enable bits
  1182                           ;	WRT = 0x3, unprogrammed default
  1183                           ;	In-Circuit Debugger Mode bit
  1184                           ;	DEBUG = 0x1, unprogrammed default
  1185                           ;	Flash Program Memory Code Protection bit
  1186                           ;	CP = 0x1, unprogrammed default
  1187     2007                     	org	8199
  1188     2007  3FFB               	dw	16379

Data Sizes:
    Strings     17
    Constant    0
    Data        0
    BSS         1
    Persistent  0
    Stack       0

Auto Spaces:
    Space          Size  Autos    Used
    COMMON           14     11      11
    BANK0            80     15      16
    BANK1            80      0       0
    BANK3            96      0       0
    BANK2            96      0       0

Pointer List with Targets:

    puts@s	PTR const unsigned char  size(1) Largest target is 17
		 -> STR_1(CODE[17]), 


Critical Paths under _main in COMMON

    _puts->_putchar
    _init_uart->___lldiv

Critical Paths under _isr in COMMON

    None.

Critical Paths under _main in BANK0

    _init_config->_init_uart
    _init_uart->___lldiv

Critical Paths under _isr in BANK0

    None.

Critical Paths under _main in BANK1

    None.

Critical Paths under _isr in BANK1

    None.

Critical Paths under _main in BANK3

    None.

Critical Paths under _isr in BANK3

    None.

Critical Paths under _main in BANK2

    None.

Critical Paths under _isr in BANK2

    None.

Call Graph Tables:

 ---------------------------------------------------------------------------------
 (Depth) Function   	        Calls       Base Space   Used Autos Params    Refs
 ---------------------------------------------------------------------------------
 (0) _main                                                 2     2      0     315
                                             13 BANK0      2     2      0
                        _init_config
                            _putchar
 ---------------------------------------------------------------------------------
 (1) _init_config                                          0     0      0     262
                          _init_uart
                               _puts
 ---------------------------------------------------------------------------------
 (2) _puts                                                 1     0      1      75
                                              3 COMMON     1     0      1
                            _putchar
 ---------------------------------------------------------------------------------
 (3) _putchar                                              1     1      0      29
                                              2 COMMON     1     1      0
 ---------------------------------------------------------------------------------
 (2) _init_uart                                            8     4      4     187
                                              5 BANK0      8     4      4
                            ___lldiv
 ---------------------------------------------------------------------------------
 (3) ___lldiv                                             14     6      8     164
                                              2 COMMON     9     1      8
                                              0 BANK0      5     5      0
 ---------------------------------------------------------------------------------
 Estimated maximum stack depth 3
 ---------------------------------------------------------------------------------
 (Depth) Function   	        Calls       Base Space   Used Autos Params    Refs
 ---------------------------------------------------------------------------------
 (4) _isr                                                  2     2      0       0
                                              0 COMMON     2     2      0
 ---------------------------------------------------------------------------------
 Estimated maximum stack depth 4
 ---------------------------------------------------------------------------------

 Call Graph Graphs:

 _main (ROOT)
   _init_config
     _init_uart
       ___lldiv
     _puts
       _putchar
   _putchar

 _isr (ROOT)

Address spaces:
Name               Size   Autos  Total    Usage
BITCOMMON           14      0       0      0.0%
BITBANK0            80      0       0      0.0%
BITBANK1            80      0       0      0.0%
BITBANK3            96      0       0      0.0%
BITBANK2            96      0       0      0.0%
COMMON              14     11      11     78.6%
BANK0               80     15      16     20.0%
BANK1               80      0       0      0.0%
BANK3               96      0       0      0.0%
BANK2               96      0       0      0.0%
STACK                0      0       0      0.0%
DATA                 0      0      28      0.0%


Microchip Technology PIC Macro Assembler V3.10 build 20250813170317 
Symbol Table                                                                                   Thu Jul 16 12:31:18 2026

                      pc 0002                       l30 014E                       l31 014F  
                     l19 00DD                       l29 014A                       l37 0118  
                     l58 00FC                       _ch 002F                       fsr 0004  
                    l205 007B                      l701 0146                      l711 003A  
                    l703 0016                      l721 006D                      l713 0043  
                    l705 0028                      l715 0055                      l707 002B  
                    l723 0073                      l731 00DC                      l717 0063  
                    l709 0036                      l733 00FD                      l741 00DE  
                    l719 0064                      l727 00AD                      l735 00FE  
                    l743 00E4                      l751 007C                      l729 00B1  
                    l737 010A                      l745 00F3                      l761 0095  
                    l753 0080                      l739 010C                      l747 00FA  
                    l763 00A3                      l755 0085                      l749 00FB  
                    l757 008C                      l759 0092                      _GIE 005F  
                    _RD0 0040                      u200 0055                      u201 0054  
                    u220 0073                      u221 0072                      u205 0051  
                    u230 00BF                      u150 014E                      u215 0065  
                    u151 014D                      u160 0028                      u240 0118  
                    u161 0027                      u241 0117                      u250 008C  
                    u235 00BA                      u251 008B                      u180 003A  
                    u260 00A3                      u181 0039                      u261 00A2  
                    u175 002D                      u195 003C                      _isr 0130  
                    fsr0 0004                     ?_isr 0070                     STR_1 011F  
                   _CREN 00C4                     _PEIE 005E                     _RCIE 0465  
                   _RCIF 0065                     i1l83 013E                     _OERR 00C1  
                   _SPEN 00C7                     _TXIF 0064                     _main 007C  
                   btemp 007E                     _puts 00FD                     start 000C  
                  ??_isr 0070                    ?_main 0070                    ?_puts 0073  
        __end_of___lldiv 007C             ?_init_config 0070                    i1l771 013B  
                  i1l773 013D                    i1l765 0130                    i1l767 0136  
                  i1l769 013A                    _RCREG 001A                    _SPBRG 0099  
                  u27_20 0136                    u27_21 0135                    _PORTD 0008  
                  u28_20 013A                    u28_21 0139                    _TRISD 0088  
                  _TXREG 0019                    btemp0 007E                    btemp1 007F  
                  pclath 000A                    puts@s 0073          __end_of_putchar 0150  
                  status 0003                    wtemp0 007E          __initialization 000F  
           __end_of_main 00AD             __end_of_puts 0119                   ??_main 007B  
                 ??_puts 0074                ??___lldiv 007A                   ltemp0a 0080  
                 saved_w 007E                   ttemp0a 007F                ??_putchar 0072  
                 wtemp0a 007F  __end_of__initialization 0012           __pcstackCOMMON 0070  
             __pbssBANK0 002F               __pmaintext 007C               __pintentry 0004  
             __stringtab 0119                  ___lldiv 0016                  __ptext1 00DE  
                __ptext2 00FD                  __ptext3 0145                  __ptext4 00AD  
                __ptext5 0016                  __ptext6 0130        __end_of_init_uart 00DE  
                _putchar 0145     end_of_initialization 0012          ___lldiv@divisor 0072  
        ___lldiv@counter 0024      start_initialization 000F              __end_of_isr 0145  
            putchar@data 0072            ??_init_config 007B                ___latbits 0002  
          __pcstackBANK0 0020                 ?___lldiv 0072                __pstrings 0119  
               ?_putchar 0070      __end_of_init_config 00FD                _init_uart 00AD  
      interrupt_function 0004              __stringbase 011E               ?_init_uart 0025  
     __end_of__stringtab 011F              _init_config 00DE                 main@wait 002D  
            ??_init_uart 0029                 intlevel1 0000            init_uart@baud 0025  
       ___lldiv@dividend 0076                stringcode 0119         ___lldiv@quotient 0020  
               stringdir 0119                 stringtab 0119  
